[2023-05-27 03:48:17.751][main/INFO]UniWood-DESKTOP-CLIENT-1.0.0
[2023-05-27 03:48:17.751][main/DEBUG]DEBUG MODE ON!!
[2023-05-27 03:48:17.755][main/INFO]未指定连接超时时间，使用默认值1000
[2023-05-27 03:48:17.755][main/INFO]未指定连接重试次数，使用默认值3
[2023-05-27 03:48:17.762][main/INFO]服务器已连接
[2023-05-27 03:48:17.762][main/INFO]Hello, UniWood!
[2023-05-27 03:48:18.239][main/INFO]窗口初始化完成
[2023-05-27 03:48:18.762][pool-1-thread-1/INFO]向服务器发送消息：HEARTBEAT
[2023-05-27 03:48:21.760][pool-1-thread-1/INFO]向服务器发送消息：HEARTBEAT
[2023-05-27 03:48:24.760][pool-1-thread-1/INFO]向服务器发送消息：HEARTBEAT
[2023-05-27 03:48:27.764][pool-1-thread-1/INFO]向服务器发送消息：HEARTBEAT
[2023-05-27 03:48:30.768][pool-1-thread-1/INFO]向服务器发送消息：HEARTBEAT
[2023-05-27 03:48:33.759][pool-1-thread-1/INFO]向服务器发送消息：HEARTBEAT
[2023-05-27 03:48:36.759][pool-1-thread-1/INFO]向服务器发送消息：HEARTBEAT
[2023-05-27 03:48:39.765][pool-1-thread-1/INFO]向服务器发送消息：HEARTBEAT
[2023-05-27 03:48:42.764][pool-1-thread-1/INFO]向服务器发送消息：HEARTBEAT
[2023-05-27 03:48:45.758][pool-1-thread-1/INFO]向服务器发送消息：HEARTBEAT
[2023-05-27 03:48:48.768][pool-1-thread-1/INFO]向服务器发送消息：HEARTBEAT
[2023-05-27 03:48:51.764][pool-1-thread-1/INFO]向服务器发送消息：HEARTBEAT
[2023-05-27 03:48:54.765][pool-1-thread-1/INFO]向服务器发送消息：HEARTBEAT
[2023-05-27 03:48:57.760][pool-1-thread-1/INFO]向服务器发送消息：HEARTBEAT
[2023-05-27 03:49:00.761][pool-1-thread-1/INFO]向服务器发送消息：HEARTBEAT
[2023-05-27 03:49:03.764][pool-1-thread-1/INFO]向服务器发送消息：HEARTBEAT
[2023-05-27 03:49:06.758][pool-1-thread-1/INFO]向服务器发送消息：HEARTBEAT
[2023-05-27 03:49:09.768][pool-1-thread-1/INFO]向服务器发送消息：HEARTBEAT
[2023-05-27 03:49:12.761][pool-1-thread-1/INFO]向服务器发送消息：HEARTBEAT
[2023-05-27 03:49:15.757][pool-1-thread-1/INFO]向服务器发送消息：HEARTBEAT
