[2023-05-27 02:04:57.313][main/INFO]UniWood-DESKTOP-CLIENT-1.0.0
[2023-05-27 02:04:57.314][main/DEBUG]DEBUG MODE ON!!
[2023-05-27 02:04:57.317][main/INFO]未指定连接超时时间，使用默认值1000
[2023-05-27 02:04:57.318][main/INFO]未指定连接重试次数，使用默认值3
[2023-05-27 02:04:57.324][main/INFO]服务器已连接
[2023-05-27 02:04:57.325][main/INFO]Hello, UniWood!
[2023-05-27 02:04:57.792][main/INFO]窗口初始化完成
[2023-05-27 02:04:58.327][pool-1-thread-1/INFO]向服务器发送消息：HEARTBEAT
[2023-05-27 02:05:01.327][pool-1-thread-1/INFO]向服务器发送消息：HEARTBEAT
[2023-05-27 02:05:04.317][pool-1-thread-1/INFO]向服务器发送消息：HEARTBEAT
[2023-05-27 02:05:07.326][pool-1-thread-1/INFO]向服务器发送消息：HEARTBEAT
[2023-05-27 02:05:10.326][pool-1-thread-1/INFO]向服务器发送消息：HEARTBEAT
[2023-05-27 02:05:13.328][pool-1-thread-1/INFO]向服务器发送消息：HEARTBEAT
[2023-05-27 02:05:16.319][pool-1-thread-1/INFO]向服务器发送消息：HEARTBEAT
[2023-05-27 02:05:19.317][pool-1-thread-1/INFO]向服务器发送消息：HEARTBEAT
[2023-05-27 02:05:22.324][pool-1-thread-1/INFO]向服务器发送消息：HEARTBEAT
[2023-05-27 02:05:25.330][pool-1-thread-1/INFO]向服务器发送消息：HEARTBEAT
[2023-05-27 02:05:28.320][pool-1-thread-1/INFO]向服务器发送消息：HEARTBEAT
[2023-05-27 02:05:31.326][pool-1-thread-1/INFO]向服务器发送消息：HEARTBEAT
[2023-05-27 02:05:34.318][pool-1-thread-1/INFO]向服务器发送消息：HEARTBEAT
[2023-05-27 02:05:37.328][pool-1-thread-1/INFO]向服务器发送消息：HEARTBEAT
[2023-05-27 02:05:40.330][pool-1-thread-1/INFO]向服务器发送消息：HEARTBEAT
[2023-05-27 02:05:43.321][pool-1-thread-1/INFO]向服务器发送消息：HEARTBEAT
[2023-05-27 02:05:46.322][pool-1-thread-1/INFO]向服务器发送消息：HEARTBEAT
[2023-05-27 02:05:49.320][pool-1-thread-1/INFO]向服务器发送消息：HEARTBEAT
[2023-05-27 02:05:52.324][pool-1-thread-1/INFO]向服务器发送消息：HEARTBEAT
[2023-05-27 02:05:55.327][pool-1-thread-1/INFO]向服务器发送消息：HEARTBEAT
[2023-05-27 02:05:58.330][pool-1-thread-1/INFO]向服务器发送消息：HEARTBEAT
[2023-05-27 02:06:01.330][pool-1-thread-1/INFO]向服务器发送消息：HEARTBEAT
[2023-05-27 02:06:04.329][pool-1-thread-1/INFO]向服务器发送消息：HEARTBEAT
[2023-05-27 02:06:07.327][pool-1-thread-1/INFO]向服务器发送消息：HEARTBEAT
[2023-05-27 02:06:10.327][pool-1-thread-1/INFO]向服务器发送消息：HEARTBEAT
[2023-05-27 02:06:13.327][pool-1-thread-1/INFO]向服务器发送消息：HEARTBEAT
[2023-05-27 02:06:16.326][pool-1-thread-1/INFO]向服务器发送消息：HEARTBEAT
[2023-05-27 02:06:19.325][pool-1-thread-1/INFO]向服务器发送消息：HEARTBEAT
[2023-05-27 02:06:22.329][pool-1-thread-1/INFO]向服务器发送消息：HEARTBEAT
[2023-05-27 02:06:25.329][pool-1-thread-1/INFO]向服务器发送消息：HEARTBEAT
[2023-05-27 02:06:28.319][pool-1-thread-1/INFO]向服务器发送消息：HEARTBEAT
[2023-05-27 02:06:31.320][pool-1-thread-1/INFO]向服务器发送消息：HEARTBEAT
[2023-05-27 02:06:34.327][pool-1-thread-1/INFO]向服务器发送消息：HEARTBEAT
[2023-05-27 02:06:37.330][pool-1-thread-1/INFO]向服务器发送消息：HEARTBEAT
[2023-05-27 02:06:40.324][pool-1-thread-1/INFO]向服务器发送消息：HEARTBEAT
[2023-05-27 02:06:43.319][pool-1-thread-1/INFO]向服务器发送消息：HEARTBEAT
[2023-05-27 02:06:46.327][pool-1-thread-1/INFO]向服务器发送消息：HEARTBEAT
[2023-05-27 02:06:49.320][pool-1-thread-1/INFO]向服务器发送消息：HEARTBEAT
[2023-05-27 02:06:52.329][pool-1-thread-1/INFO]向服务器发送消息：HEARTBEAT
[2023-05-27 02:06:55.317][pool-1-thread-1/INFO]向服务器发送消息：HEARTBEAT
[2023-05-27 02:06:58.320][pool-1-thread-1/INFO]向服务器发送消息：HEARTBEAT
[2023-05-27 02:07:01.317][pool-1-thread-1/INFO]向服务器发送消息：HEARTBEAT
[2023-05-27 02:07:04.320][pool-1-thread-1/INFO]向服务器发送消息：HEARTBEAT
[2023-05-27 02:07:07.327][pool-1-thread-1/INFO]向服务器发送消息：HEARTBEAT
[2023-05-27 02:07:10.329][pool-1-thread-1/INFO]向服务器发送消息：HEARTBEAT
[2023-05-27 02:07:13.326][pool-1-thread-1/INFO]向服务器发送消息：HEARTBEAT
[2023-05-27 02:07:16.324][pool-1-thread-1/INFO]向服务器发送消息：HEARTBEAT
[2023-05-27 02:07:19.328][pool-1-thread-1/INFO]向服务器发送消息：HEARTBEAT
[2023-05-27 02:07:22.320][pool-1-thread-1/INFO]向服务器发送消息：HEARTBEAT
[2023-05-27 02:07:25.318][pool-1-thread-1/INFO]向服务器发送消息：HEARTBEAT
[2023-05-27 02:07:28.317][pool-1-thread-1/INFO]向服务器发送消息：HEARTBEAT
[2023-05-27 02:07:31.322][pool-1-thread-1/INFO]向服务器发送消息：HEARTBEAT
[2023-05-27 02:07:34.319][pool-1-thread-1/INFO]向服务器发送消息：HEARTBEAT
[2023-05-27 02:07:37.328][pool-1-thread-1/INFO]向服务器发送消息：HEARTBEAT
[2023-05-27 02:07:40.318][pool-1-thread-1/INFO]向服务器发送消息：HEARTBEAT
[2023-05-27 02:07:43.330][pool-1-thread-1/INFO]向服务器发送消息：HEARTBEAT
[2023-05-27 02:07:46.329][pool-1-thread-1/INFO]向服务器发送消息：HEARTBEAT
[2023-05-27 02:07:49.329][pool-1-thread-1/INFO]向服务器发送消息：HEARTBEAT
[2023-05-27 02:07:52.325][pool-1-thread-1/INFO]向服务器发送消息：HEARTBEAT
[2023-05-27 02:07:55.322][pool-1-thread-1/INFO]向服务器发送消息：HEARTBEAT
[2023-05-27 02:07:58.328][pool-1-thread-1/INFO]向服务器发送消息：HEARTBEAT
[2023-05-27 02:08:01.329][pool-1-thread-1/INFO]向服务器发送消息：HEARTBEAT
[2023-05-27 02:08:04.326][pool-1-thread-1/INFO]向服务器发送消息：HEARTBEAT
[2023-05-27 02:08:07.322][pool-1-thread-1/INFO]向服务器发送消息：HEARTBEAT
[2023-05-27 02:08:10.317][pool-1-thread-1/INFO]向服务器发送消息：HEARTBEAT
[2023-05-27 02:08:13.317][pool-1-thread-1/INFO]向服务器发送消息：HEARTBEAT
[2023-05-27 02:08:16.326][pool-1-thread-1/INFO]向服务器发送消息：HEARTBEAT
[2023-05-27 02:08:19.326][pool-1-thread-1/INFO]向服务器发送消息：HEARTBEAT
[2023-05-27 02:08:22.319][pool-1-thread-1/INFO]向服务器发送消息：HEARTBEAT
[2023-05-27 02:08:25.326][pool-1-thread-1/INFO]向服务器发送消息：HEARTBEAT
[2023-05-27 02:08:28.331][pool-1-thread-1/INFO]向服务器发送消息：HEARTBEAT
[2023-05-27 02:08:31.326][pool-1-thread-1/INFO]向服务器发送消息：HEARTBEAT
[2023-05-27 02:08:34.328][pool-1-thread-1/INFO]向服务器发送消息：HEARTBEAT
[2023-05-27 02:08:37.325][pool-1-thread-1/INFO]向服务器发送消息：HEARTBEAT
[2023-05-27 02:08:40.321][pool-1-thread-1/INFO]向服务器发送消息：HEARTBEAT
[2023-05-27 02:08:43.326][pool-1-thread-1/INFO]向服务器发送消息：HEARTBEAT
[2023-05-27 02:08:46.320][pool-1-thread-1/INFO]向服务器发送消息：HEARTBEAT
[2023-05-27 02:08:49.325][pool-1-thread-1/INFO]向服务器发送消息：HEARTBEAT
[2023-05-27 02:08:52.325][pool-1-thread-1/INFO]向服务器发送消息：HEARTBEAT
[2023-05-27 02:08:55.330][pool-1-thread-1/INFO]向服务器发送消息：HEARTBEAT
[2023-05-27 02:08:58.325][pool-1-thread-1/INFO]向服务器发送消息：HEARTBEAT
[2023-05-27 02:09:01.330][pool-1-thread-1/INFO]向服务器发送消息：HEARTBEAT
[2023-05-27 02:09:04.320][pool-1-thread-1/INFO]向服务器发送消息：HEARTBEAT
[2023-05-27 02:09:07.327][pool-1-thread-1/INFO]向服务器发送消息：HEARTBEAT
[2023-05-27 02:09:10.320][pool-1-thread-1/INFO]向服务器发送消息：HEARTBEAT
[2023-05-27 02:09:13.326][pool-1-thread-1/INFO]向服务器发送消息：HEARTBEAT
[2023-05-27 02:09:16.330][pool-1-thread-1/INFO]向服务器发送消息：HEARTBEAT
[2023-05-27 02:09:19.320][pool-1-thread-1/INFO]向服务器发送消息：HEARTBEAT
[2023-05-27 02:09:22.323][pool-1-thread-1/INFO]向服务器发送消息：HEARTBEAT
[2023-05-27 02:09:25.327][pool-1-thread-1/INFO]向服务器发送消息：HEARTBEAT
[2023-05-27 02:09:28.320][pool-1-thread-1/INFO]向服务器发送消息：HEARTBEAT
[2023-05-27 02:09:31.329][pool-1-thread-1/INFO]向服务器发送消息：HEARTBEAT
[2023-05-27 02:09:34.324][pool-1-thread-1/INFO]向服务器发送消息：HEARTBEAT
[2023-05-27 02:09:37.317][pool-1-thread-1/INFO]向服务器发送消息：HEARTBEAT
[2023-05-27 02:09:40.319][pool-1-thread-1/INFO]向服务器发送消息：HEARTBEAT
[2023-05-27 02:09:43.327][pool-1-thread-1/INFO]向服务器发送消息：HEARTBEAT
[2023-05-27 02:09:46.320][pool-1-thread-1/INFO]向服务器发送消息：HEARTBEAT
[2023-05-27 02:09:49.317][pool-1-thread-1/INFO]向服务器发送消息：HEARTBEAT
[2023-05-27 02:09:52.325][pool-1-thread-1/INFO]向服务器发送消息：HEARTBEAT
[2023-05-27 02:09:55.324][pool-1-thread-1/INFO]向服务器发送消息：HEARTBEAT
[2023-05-27 02:09:58.323][pool-1-thread-1/INFO]向服务器发送消息：HEARTBEAT
[2023-05-27 02:10:01.326][pool-1-thread-1/INFO]向服务器发送消息：HEARTBEAT
[2023-05-27 02:10:04.324][pool-1-thread-1/INFO]向服务器发送消息：HEARTBEAT
[2023-05-27 02:10:07.330][pool-1-thread-1/INFO]向服务器发送消息：HEARTBEAT
[2023-05-27 02:10:10.318][pool-1-thread-1/INFO]向服务器发送消息：HEARTBEAT
[2023-05-27 02:10:13.320][pool-1-thread-1/WARN]服务器连接已断开，正在重连...
[2023-05-27 02:10:13.321][pool-1-thread-1/INFO]服务器已连接
[2023-05-27 02:10:13.321][pool-1-thread-1/INFO]向服务器发送消息：HEARTBEAT
