[2023-05-21 19:46:09.527][main/INFO]UniWood-DESKTOP-CLIENT-1.0.0
[2023-05-21 19:46:09.528][main/DEBUG]DEBUG MODE ON!!
[2023-05-21 19:46:09.528][main/INFO]未指定连接超时时间，使用默认值1000
[2023-05-21 19:46:09.529][main/INFO]未指定连接重试次数，使用默认值3
[2023-05-21 19:46:09.536][main/INFO]Hello, UniWood!
[2023-05-21 19:46:10.063][main/INFO]窗口初始化完成
[2023-05-21 19:46:17.405][AWT-EventQueue-0/INFO]向服务器发送消息：LOGIN|123|321
[2023-05-21 19:46:17.411][Thread-0/INFO]收到服务器消息：LOGIN_FAILED
[2023-05-21 19:46:17.412][Thread-0/INFO]用户登录失败！
[2023-05-21 19:47:04.224][AWT-EventQueue-0/INFO]向服务器发送消息：LOGIN|test_user_1|321
[2023-05-21 19:47:04.228][Thread-0/INFO]收到服务器消息：LOGIN_FAILED
[2023-05-21 19:47:04.229][Thread-0/INFO]用户登录失败！
[2023-05-21 19:47:10.648][AWT-EventQueue-0/INFO]向服务器发送消息：LOGIN|test_user_1|123456
[2023-05-21 19:47:10.660][Thread-0/INFO]收到服务器消息：LOGIN_SUCCESS|1|test_user_1|sample/res/default_avatar.png|河南大学
[2023-05-21 19:47:10.662][Thread-0/INFO]用户test_user_1登录成功！
[2023-05-21 19:47:24.175][AWT-EventQueue-0/INFO]向服务器发送消息：LOGIN|test_user_2|123456
[2023-05-21 19:47:24.175][AWT-EventQueue-0/INFO]向服务器发送消息：LOGIN|test_user_2|123456
[2023-05-21 19:47:24.179][Thread-0/INFO]收到服务器消息：LOGIN_FAILED|该用户已被禁用！
[2023-05-21 19:47:24.179][Thread-0/INFO]用户登录失败！
[2023-05-21 19:47:26.137][Thread-0/INFO]收到服务器消息：LOGIN_FAILED|该用户已被禁用！
[2023-05-21 19:47:26.137][Thread-0/INFO]用户登录失败！
