[2023-05-29 01:27:33.867][main/INFO]UniWood-DESKTOP-CLIENT-1.0.0
[2023-05-29 01:27:33.867][main/DEBUG]DEBUG MODE ON!!
[2023-05-29 01:27:33.871][main/INFO]未指定连接超时时间，使用默认值1000
[2023-05-29 01:27:33.871][main/INFO]未指定连接重试次数，使用默认值3
[2023-05-29 01:27:33.879][main/INFO]服务器已连接
[2023-05-29 01:27:33.879][main/INFO]Hello, UniWood!
[2023-05-29 01:27:34.363][main/INFO]窗口初始化完成
[2023-05-29 01:27:34.879][pool-1-thread-1/INFO]向服务器发送消息：HEARTBEAT
[2023-05-29 01:27:37.879][pool-1-thread-1/INFO]向服务器发送消息：HEARTBEAT
[2023-05-29 01:27:40.883][pool-1-thread-1/INFO]向服务器发送消息：HEARTBEAT
[2023-05-29 01:27:43.879][pool-1-thread-1/INFO]向服务器发送消息：HEARTBEAT
[2023-05-29 01:27:46.882][pool-1-thread-1/INFO]向服务器发送消息：HEARTBEAT
[2023-05-29 01:27:49.878][pool-1-thread-1/INFO]向服务器发送消息：HEARTBEAT
[2023-05-29 01:27:52.884][pool-1-thread-1/INFO]向服务器发送消息：HEARTBEAT
[2023-05-29 01:27:55.876][pool-1-thread-1/INFO]向服务器发送消息：HEARTBEAT
[2023-05-29 01:27:58.881][pool-1-thread-1/INFO]向服务器发送消息：HEARTBEAT
[2023-05-29 01:28:01.884][pool-1-thread-1/INFO]向服务器发送消息：HEARTBEAT
[2023-05-29 01:28:04.884][pool-1-thread-1/INFO]向服务器发送消息：HEARTBEAT
[2023-05-29 01:28:07.876][pool-1-thread-1/INFO]向服务器发送消息：HEARTBEAT
[2023-05-29 01:28:10.876][pool-1-thread-1/INFO]向服务器发送消息：HEARTBEAT
[2023-05-29 01:28:13.886][pool-1-thread-1/INFO]向服务器发送消息：HEARTBEAT
[2023-05-29 01:28:16.883][pool-1-thread-1/INFO]向服务器发送消息：HEARTBEAT
[2023-05-29 01:28:19.876][pool-1-thread-1/INFO]向服务器发送消息：HEARTBEAT
[2023-05-29 01:28:22.881][pool-1-thread-1/INFO]向服务器发送消息：HEARTBEAT
[2023-05-29 01:28:25.881][pool-1-thread-1/INFO]向服务器发送消息：HEARTBEAT
[2023-05-29 01:28:28.877][pool-1-thread-1/INFO]向服务器发送消息：HEARTBEAT
[2023-05-29 01:28:31.881][pool-1-thread-1/INFO]向服务器发送消息：HEARTBEAT
[2023-05-29 01:28:34.876][pool-1-thread-1/INFO]向服务器发送消息：HEARTBEAT
[2023-05-29 01:28:37.883][pool-1-thread-1/INFO]向服务器发送消息：HEARTBEAT
[2023-05-29 01:28:40.880][pool-1-thread-1/INFO]向服务器发送消息：HEARTBEAT
[2023-05-29 01:28:43.880][pool-1-thread-1/INFO]向服务器发送消息：HEARTBEAT
[2023-05-29 01:28:46.884][pool-1-thread-1/INFO]向服务器发送消息：HEARTBEAT
[2023-05-29 01:28:49.882][pool-1-thread-1/INFO]向服务器发送消息：HEARTBEAT
[2023-05-29 01:28:52.880][pool-1-thread-1/INFO]向服务器发送消息：HEARTBEAT
[2023-05-29 01:28:55.883][pool-1-thread-1/INFO]向服务器发送消息：HEARTBEAT
[2023-05-29 01:28:58.880][pool-1-thread-1/INFO]向服务器发送消息：HEARTBEAT
[2023-05-29 01:29:01.882][pool-1-thread-1/INFO]向服务器发送消息：HEARTBEAT
[2023-05-29 01:29:04.873][pool-1-thread-1/INFO]向服务器发送消息：HEARTBEAT
[2023-05-29 01:29:07.883][pool-1-thread-1/INFO]向服务器发送消息：HEARTBEAT
[2023-05-29 01:29:10.879][pool-1-thread-1/INFO]向服务器发送消息：HEARTBEAT
[2023-05-29 01:29:13.885][pool-1-thread-1/INFO]向服务器发送消息：HEARTBEAT
[2023-05-29 01:29:16.879][pool-1-thread-1/INFO]向服务器发送消息：HEARTBEAT
[2023-05-29 01:29:19.884][pool-1-thread-1/INFO]向服务器发送消息：HEARTBEAT
[2023-05-29 01:29:22.876][pool-1-thread-1/INFO]向服务器发送消息：HEARTBEAT
[2023-05-29 01:29:25.887][pool-1-thread-1/INFO]向服务器发送消息：HEARTBEAT
[2023-05-29 01:29:28.878][pool-1-thread-1/INFO]向服务器发送消息：HEARTBEAT
[2023-05-29 01:29:31.882][pool-1-thread-1/INFO]向服务器发送消息：HEARTBEAT
[2023-05-29 01:29:34.885][pool-1-thread-1/INFO]向服务器发送消息：HEARTBEAT
[2023-05-29 01:29:37.877][pool-1-thread-1/INFO]向服务器发送消息：HEARTBEAT
[2023-05-29 01:29:40.881][pool-1-thread-1/INFO]向服务器发送消息：HEARTBEAT
[2023-05-29 01:29:43.875][pool-1-thread-1/INFO]向服务器发送消息：HEARTBEAT
[2023-05-29 01:29:46.880][pool-1-thread-1/INFO]向服务器发送消息：HEARTBEAT
[2023-05-29 01:29:49.875][pool-1-thread-1/INFO]向服务器发送消息：HEARTBEAT
[2023-05-29 01:29:52.883][pool-1-thread-1/INFO]向服务器发送消息：HEARTBEAT
[2023-05-29 01:29:55.877][pool-1-thread-1/INFO]向服务器发送消息：HEARTBEAT
