[2023-05-27 04:56:36.042][main/INFO]UniWood-DESKTOP-CLIENT-1.0.0
[2023-05-27 04:56:36.042][main/DEBUG]DEBUG MODE ON!!
[2023-05-27 04:56:36.046][main/INFO]未指定连接超时时间，使用默认值1000
[2023-05-27 04:56:36.046][main/INFO]未指定连接重试次数，使用默认值3
[2023-05-27 04:56:36.050][main/INFO]服务器已连接
[2023-05-27 04:56:36.054][main/INFO]Hello, UniWood!
[2023-05-27 04:56:36.520][main/INFO]窗口初始化完成
[2023-05-27 04:56:37.056][pool-1-thread-1/INFO]向服务器发送消息：HEARTBEAT
[2023-05-27 04:56:40.054][pool-1-thread-1/INFO]向服务器发送消息：HEARTBEAT
[2023-05-27 04:56:41.431][Thread-1/INFO]向服务器发送消息：UNIV_LIST
[2023-05-27 04:56:41.943][Thread-2/INFO]向服务器发送消息：UNIV_LIST
[2023-05-27 04:56:42.444][Thread-3/INFO]向服务器发送消息：UNIV_LIST
[2023-05-27 04:56:42.951][Thread-4/INFO]向服务器发送消息：UNIV_LIST
[2023-05-27 04:56:43.054][pool-1-thread-1/INFO]向服务器发送消息：HEARTBEAT
[2023-05-27 04:56:43.453][Thread-5/INFO]向服务器发送消息：UNIV_LIST
[2023-05-27 04:56:43.963][Thread-6/INFO]向服务器发送消息：UNIV_LIST
[2023-05-27 04:56:44.466][Thread-7/INFO]向服务器发送消息：UNIV_LIST
[2023-05-27 04:56:44.970][Thread-8/INFO]向服务器发送消息：UNIV_LIST
[2023-05-27 04:56:45.474][Thread-9/INFO]向服务器发送消息：UNIV_LIST
[2023-05-27 04:56:45.978][Thread-10/INFO]向服务器发送消息：UNIV_LIST
[2023-05-27 04:56:46.060][pool-1-thread-1/INFO]向服务器发送消息：HEARTBEAT
[2023-05-27 04:56:46.489][Thread-11/INFO]向服务器发送消息：UNIV_LIST
[2023-05-27 04:56:46.991][Thread-12/INFO]向服务器发送消息：UNIV_LIST
[2023-05-27 04:56:47.496][Thread-13/INFO]向服务器发送消息：UNIV_LIST
[2023-05-27 04:56:47.999][Thread-14/INFO]向服务器发送消息：UNIV_LIST
[2023-05-27 04:56:48.506][Thread-15/INFO]向服务器发送消息：UNIV_LIST
[2023-05-27 04:56:49.012][Thread-16/INFO]向服务器发送消息：UNIV_LIST
[2023-05-27 04:56:49.055][pool-1-thread-1/INFO]向服务器发送消息：HEARTBEAT
[2023-05-27 04:56:49.518][Thread-17/INFO]向服务器发送消息：UNIV_LIST
[2023-05-27 04:56:50.024][Thread-18/INFO]向服务器发送消息：UNIV_LIST
[2023-05-27 04:56:50.535][Thread-19/INFO]向服务器发送消息：UNIV_LIST
[2023-05-27 04:56:51.037][Thread-20/INFO]向服务器发送消息：UNIV_LIST
[2023-05-27 04:56:51.538][Thread-21/INFO]向服务器发送消息：UNIV_LIST
[2023-05-27 04:56:52.044][Thread-22/INFO]向服务器发送消息：UNIV_LIST
[2023-05-27 04:56:52.056][pool-1-thread-1/INFO]向服务器发送消息：HEARTBEAT
[2023-05-27 04:56:52.561][Thread-23/INFO]向服务器发送消息：UNIV_LIST
[2023-05-27 04:56:53.061][Thread-24/INFO]向服务器发送消息：UNIV_LIST
[2023-05-27 04:56:53.568][Thread-25/INFO]向服务器发送消息：UNIV_LIST
[2023-05-27 04:56:54.068][Thread-26/INFO]向服务器发送消息：UNIV_LIST
[2023-05-27 04:56:54.573][Thread-27/INFO]向服务器发送消息：UNIV_LIST
[2023-05-27 04:56:55.061][pool-1-thread-1/INFO]向服务器发送消息：HEARTBEAT
[2023-05-27 04:56:55.076][Thread-28/INFO]向服务器发送消息：UNIV_LIST
[2023-05-27 04:56:55.580][Thread-29/INFO]向服务器发送消息：UNIV_LIST
[2023-05-27 04:56:56.085][Thread-30/INFO]向服务器发送消息：UNIV_LIST
[2023-05-27 04:56:56.594][Thread-31/INFO]向服务器发送消息：UNIV_LIST
[2023-05-27 04:56:57.109][Thread-32/INFO]向服务器发送消息：UNIV_LIST
[2023-05-27 04:56:57.614][Thread-33/INFO]向服务器发送消息：UNIV_LIST
[2023-05-27 04:56:58.054][pool-1-thread-1/INFO]向服务器发送消息：HEARTBEAT
[2023-05-27 04:56:58.125][Thread-34/INFO]向服务器发送消息：UNIV_LIST
[2023-05-27 04:56:58.629][Thread-35/INFO]向服务器发送消息：UNIV_LIST
[2023-05-27 04:56:59.137][Thread-36/INFO]向服务器发送消息：UNIV_LIST
[2023-05-27 04:56:59.637][Thread-37/INFO]向服务器发送消息：UNIV_LIST
[2023-05-27 04:57:00.148][Thread-38/INFO]向服务器发送消息：UNIV_LIST
[2023-05-27 04:57:00.661][Thread-39/INFO]向服务器发送消息：UNIV_LIST
[2023-05-27 04:57:01.058][pool-1-thread-1/INFO]向服务器发送消息：HEARTBEAT
[2023-05-27 04:57:01.168][Thread-40/INFO]向服务器发送消息：UNIV_LIST
[2023-05-27 04:57:01.668][Thread-41/INFO]向服务器发送消息：UNIV_LIST
[2023-05-27 04:57:02.180][Thread-42/INFO]向服务器发送消息：UNIV_LIST
[2023-05-27 04:57:02.692][Thread-43/INFO]向服务器发送消息：UNIV_LIST
[2023-05-27 04:57:03.197][Thread-44/INFO]向服务器发送消息：UNIV_LIST
[2023-05-27 04:57:03.698][Thread-45/INFO]向服务器发送消息：UNIV_LIST
[2023-05-27 04:57:04.052][pool-1-thread-1/INFO]向服务器发送消息：HEARTBEAT
[2023-05-27 04:57:04.209][Thread-46/INFO]向服务器发送消息：UNIV_LIST
[2023-05-27 04:57:04.722][Thread-47/INFO]向服务器发送消息：UNIV_LIST
[2023-05-27 04:57:05.238][Thread-48/INFO]向服务器发送消息：UNIV_LIST
[2023-05-27 04:57:05.753][Thread-49/INFO]向服务器发送消息：UNIV_LIST
[2023-05-27 04:57:06.259][Thread-50/INFO]向服务器发送消息：UNIV_LIST
[2023-05-27 04:57:06.769][Thread-51/INFO]向服务器发送消息：UNIV_LIST
[2023-05-27 04:57:07.050][pool-1-thread-1/INFO]向服务器发送消息：HEARTBEAT
[2023-05-27 04:57:07.278][Thread-52/INFO]向服务器发送消息：UNIV_LIST
[2023-05-27 04:57:07.786][Thread-53/INFO]向服务器发送消息：UNIV_LIST
[2023-05-27 04:57:08.299][Thread-54/INFO]向服务器发送消息：UNIV_LIST
