[2023-05-24 04:29:54.646][main/INFO]UniWood-DESKTOP-CLIENT-1.0.0
[2023-05-24 04:29:54.646][main/DEBUG]DEBUG MODE ON!!
[2023-05-24 04:29:54.649][main/INFO]未指定连接超时时间，使用默认值1000
[2023-05-24 04:29:54.650][main/INFO]未指定连接重试次数，使用默认值3
[2023-05-24 04:29:54.656][main/INFO]服务器已连接
[2023-05-24 04:29:54.658][main/INFO]Hello, UniWood!
[2023-05-24 04:29:55.128][main/INFO]窗口初始化完成
[2023-05-24 04:29:55.661][pool-1-thread-1/INFO]向服务器发送消息：HEARTBEAT
[2023-05-24 04:29:58.661][pool-1-thread-1/INFO]向服务器发送消息：HEARTBEAT
[2023-05-24 04:29:59.637][AWT-EventQueue-0/INFO]向服务器发送消息：LOGIN|24352|234
[2023-05-24 04:29:59.652][Thread-0/INFO]收到服务器消息：LOGIN_FAILED|登录失败，请检查用户名和密码后重试！
[2023-05-24 04:29:59.653][Thread-0/INFO]用户登录失败：登录失败，请检查用户名和密码后重试！
[2023-05-24 04:30:01.663][pool-1-thread-1/INFO]向服务器发送消息：HEARTBEAT
[2023-05-24 04:30:04.651][pool-1-thread-1/INFO]向服务器发送消息：HEARTBEAT
[2023-05-24 04:30:07.655][pool-1-thread-1/INFO]向服务器发送消息：HEARTBEAT
[2023-05-24 04:30:10.661][pool-1-thread-1/INFO]向服务器发送消息：HEARTBEAT
[2023-05-24 04:30:13.656][pool-1-thread-1/INFO]向服务器发送消息：HEARTBEAT
[2023-05-24 04:30:16.654][pool-1-thread-1/INFO]向服务器发送消息：HEARTBEAT
[2023-05-24 04:30:18.555][AWT-EventQueue-0/INFO]向服务器发送消息：LOGIN|24352' and 1 = 1 --|234
[2023-05-24 04:30:18.559][Thread-0/INFO]收到服务器消息：LOGIN_FAILED|登录失败，请检查用户名和密码后重试！
[2023-05-24 04:30:18.559][Thread-0/INFO]用户登录失败：登录失败，请检查用户名和密码后重试！
[2023-05-24 04:30:19.659][pool-1-thread-1/INFO]向服务器发送消息：HEARTBEAT
[2023-05-24 04:30:22.101][AWT-EventQueue-0/INFO]向服务器发送消息：LOGIN|24352' and 1 = 1 --|234
[2023-05-24 04:30:22.106][Thread-0/INFO]收到服务器消息：LOGIN_FAILED|登录失败，请检查用户名和密码后重试！
[2023-05-24 04:30:22.106][Thread-0/INFO]用户登录失败：登录失败，请检查用户名和密码后重试！
[2023-05-24 04:30:22.656][pool-1-thread-1/INFO]向服务器发送消息：HEARTBEAT
