[2023-05-27 05:00:12.242][main/INFO]UniWood-DESKTOP-CLIENT-1.0.0
[2023-05-27 05:00:12.246][main/DEBUG]DEBUG MODE ON!!
[2023-05-27 05:00:12.246][main/INFO]未指定连接超时时间，使用默认值1000
[2023-05-27 05:00:12.250][main/INFO]未指定连接重试次数，使用默认值3
[2023-05-27 05:00:12.254][main/INFO]服务器已连接
[2023-05-27 05:00:12.259][main/INFO]Hello, UniWood!
[2023-05-27 05:00:12.728][main/INFO]窗口初始化完成
[2023-05-27 05:00:13.267][pool-1-thread-1/INFO]向服务器发送消息：HEARTBEAT
[2023-05-27 05:00:13.770][Thread-1/INFO]向服务器发送消息：UNIV_LIST
[2023-05-27 05:00:13.786][Thread-0/INFO]收到服务器消息：UNIV_LIST|河南大学|清华大学|北京大学|郑州大学
[2023-05-27 05:00:16.252][pool-1-thread-1/INFO]向服务器发送消息：HEARTBEAT
[2023-05-27 05:00:19.251][pool-1-thread-1/INFO]向服务器发送消息：HEARTBEAT
[2023-05-27 05:00:22.263][pool-1-thread-1/INFO]向服务器发送消息：HEARTBEAT
[2023-05-27 05:00:25.263][pool-1-thread-1/INFO]向服务器发送消息：HEARTBEAT
[2023-05-27 05:00:28.261][pool-1-thread-1/INFO]向服务器发送消息：HEARTBEAT
[2023-05-27 05:00:31.263][pool-1-thread-1/INFO]向服务器发送消息：HEARTBEAT
[2023-05-27 05:00:34.251][pool-1-thread-1/INFO]向服务器发送消息：HEARTBEAT
[2023-05-27 05:00:37.263][pool-1-thread-1/INFO]向服务器发送消息：HEARTBEAT
[2023-05-27 05:00:40.250][pool-1-thread-1/INFO]向服务器发送消息：HEARTBEAT
[2023-05-27 05:00:43.254][pool-1-thread-1/INFO]向服务器发送消息：HEARTBEAT
