[2023-05-29 13:51:37.210][main/INFO]UniWood-DESKTOP-CLIENT-1.0.0
[2023-05-29 13:51:37.211][main/DEBUG]DEBUG MODE ON!!
[2023-05-29 13:51:37.214][main/INFO]未指定连接超时时间，使用默认值1000
[2023-05-29 13:51:37.215][main/INFO]未指定连接重试次数，使用默认值3
[2023-05-29 13:51:37.222][main/INFO]服务器已连接
[2023-05-29 13:51:37.224][main/INFO]Hello, UniWood!
[2023-05-29 13:51:37.743][main/INFO]窗口初始化完成
[2023-05-29 13:51:38.228][pool-1-thread-1/INFO]向服务器发送消息：HEARTBEAT
[2023-05-29 13:51:41.220][pool-1-thread-1/INFO]向服务器发送消息：HEARTBEAT
[2023-05-29 13:51:44.217][pool-1-thread-1/INFO]向服务器发送消息：HEARTBEAT
[2023-05-29 13:51:47.214][pool-1-thread-1/INFO]向服务器发送消息：HEARTBEAT
[2023-05-29 13:51:50.216][pool-1-thread-1/INFO]向服务器发送消息：HEARTBEAT
[2023-05-29 13:51:53.219][pool-1-thread-1/INFO]向服务器发送消息：HEARTBEAT
[2023-05-29 13:51:56.217][pool-1-thread-1/INFO]向服务器发送消息：HEARTBEAT
[2023-05-29 13:51:59.214][pool-1-thread-1/INFO]向服务器发送消息：HEARTBEAT
[2023-05-29 13:52:02.221][pool-1-thread-1/INFO]向服务器发送消息：HEARTBEAT
[2023-05-29 13:52:05.223][pool-1-thread-1/INFO]向服务器发送消息：HEARTBEAT
[2023-05-29 13:52:08.224][pool-1-thread-1/INFO]向服务器发送消息：HEARTBEAT
[2023-05-29 13:52:11.225][pool-1-thread-1/INFO]向服务器发送消息：HEARTBEAT
[2023-05-29 13:52:14.225][pool-1-thread-1/INFO]向服务器发送消息：HEARTBEAT
[2023-05-29 13:52:17.222][pool-1-thread-1/INFO]向服务器发送消息：HEARTBEAT
[2023-05-29 13:52:20.218][pool-1-thread-1/INFO]向服务器发送消息：HEARTBEAT
[2023-05-29 13:52:23.224][pool-1-thread-1/INFO]向服务器发送消息：HEARTBEAT
[2023-05-29 13:52:26.219][pool-1-thread-1/INFO]向服务器发送消息：HEARTBEAT
[2023-05-29 13:52:29.228][pool-1-thread-1/INFO]向服务器发送消息：HEARTBEAT
[2023-05-29 13:52:32.216][pool-1-thread-1/INFO]向服务器发送消息：HEARTBEAT
[2023-05-29 13:52:35.227][pool-1-thread-1/INFO]向服务器发送消息：HEARTBEAT
[2023-05-29 13:52:38.222][pool-1-thread-1/INFO]向服务器发送消息：HEARTBEAT
[2023-05-29 13:52:41.216][pool-1-thread-1/INFO]向服务器发送消息：HEARTBEAT
[2023-05-29 13:52:44.215][pool-1-thread-1/INFO]向服务器发送消息：HEARTBEAT
[2023-05-29 13:52:47.217][pool-1-thread-1/INFO]向服务器发送消息：HEARTBEAT
[2023-05-29 13:52:50.216][pool-1-thread-1/INFO]向服务器发送消息：HEARTBEAT
[2023-05-29 13:52:53.216][pool-1-thread-1/INFO]向服务器发送消息：HEARTBEAT
[2023-05-29 13:52:56.219][pool-1-thread-1/INFO]向服务器发送消息：HEARTBEAT
[2023-05-29 13:52:59.217][pool-1-thread-1/INFO]向服务器发送消息：HEARTBEAT
[2023-05-29 13:53:02.240][pool-1-thread-1/INFO]向服务器发送消息：HEARTBEAT
[2023-05-29 13:53:05.227][pool-1-thread-1/INFO]向服务器发送消息：HEARTBEAT
[2023-05-29 13:53:08.225][pool-1-thread-1/INFO]向服务器发送消息：HEARTBEAT
[2023-05-29 13:53:11.219][pool-1-thread-1/INFO]向服务器发送消息：HEARTBEAT
[2023-05-29 13:53:14.230][pool-1-thread-1/INFO]向服务器发送消息：HEARTBEAT
[2023-05-29 13:53:17.219][pool-1-thread-1/INFO]向服务器发送消息：HEARTBEAT
[2023-05-29 13:53:20.214][pool-1-thread-1/INFO]向服务器发送消息：HEARTBEAT
[2023-05-29 13:53:23.221][pool-1-thread-1/INFO]向服务器发送消息：HEARTBEAT
[2023-05-29 13:53:26.216][pool-1-thread-1/INFO]向服务器发送消息：HEARTBEAT
[2023-05-29 13:53:29.218][pool-1-thread-1/INFO]向服务器发送消息：HEARTBEAT
[2023-05-29 13:53:32.230][pool-1-thread-1/INFO]向服务器发送消息：HEARTBEAT
[2023-05-29 13:53:35.229][pool-1-thread-1/INFO]向服务器发送消息：HEARTBEAT
[2023-05-29 13:53:38.221][pool-1-thread-1/INFO]向服务器发送消息：HEARTBEAT
[2023-05-29 13:53:41.214][pool-1-thread-1/INFO]向服务器发送消息：HEARTBEAT
[2023-05-29 13:53:44.225][pool-1-thread-1/INFO]向服务器发送消息：HEARTBEAT
[2023-05-29 13:53:47.221][pool-1-thread-1/INFO]向服务器发送消息：HEARTBEAT
[2023-05-29 13:53:50.220][pool-1-thread-1/INFO]向服务器发送消息：HEARTBEAT
[2023-05-29 13:53:53.228][pool-1-thread-1/INFO]向服务器发送消息：HEARTBEAT
[2023-05-29 13:53:56.216][pool-1-thread-1/INFO]向服务器发送消息：HEARTBEAT
[2023-05-29 13:53:59.222][pool-1-thread-1/INFO]向服务器发送消息：HEARTBEAT
[2023-05-29 13:54:02.226][pool-1-thread-1/INFO]向服务器发送消息：HEARTBEAT
[2023-05-29 13:54:05.223][pool-1-thread-1/INFO]向服务器发送消息：HEARTBEAT
[2023-05-29 13:54:08.218][pool-1-thread-1/INFO]向服务器发送消息：HEARTBEAT
[2023-05-29 13:54:11.215][pool-1-thread-1/INFO]向服务器发送消息：HEARTBEAT
[2023-05-29 13:54:14.224][pool-1-thread-1/INFO]向服务器发送消息：HEARTBEAT
[2023-05-29 13:54:17.216][pool-1-thread-1/INFO]向服务器发送消息：HEARTBEAT
[2023-05-29 13:54:20.216][pool-1-thread-1/INFO]向服务器发送消息：HEARTBEAT
[2023-05-29 13:54:23.224][pool-1-thread-1/INFO]向服务器发送消息：HEARTBEAT
[2023-05-29 13:54:26.218][pool-1-thread-1/INFO]向服务器发送消息：HEARTBEAT
[2023-05-29 13:54:29.216][pool-1-thread-1/INFO]向服务器发送消息：HEARTBEAT
[2023-05-29 13:54:32.216][pool-1-thread-1/INFO]向服务器发送消息：HEARTBEAT
[2023-05-29 13:54:35.225][pool-1-thread-1/INFO]向服务器发送消息：HEARTBEAT
[2023-05-29 13:54:38.215][pool-1-thread-1/INFO]向服务器发送消息：HEARTBEAT
[2023-05-29 13:54:41.225][pool-1-thread-1/INFO]向服务器发送消息：HEARTBEAT
[2023-05-29 13:54:44.220][pool-1-thread-1/INFO]向服务器发送消息：HEARTBEAT
[2023-05-29 13:54:47.217][pool-1-thread-1/INFO]向服务器发送消息：HEARTBEAT
[2023-05-29 13:54:50.221][pool-1-thread-1/INFO]向服务器发送消息：HEARTBEAT
[2023-05-29 13:54:53.223][pool-1-thread-1/INFO]向服务器发送消息：HEARTBEAT
[2023-05-29 13:54:56.218][pool-1-thread-1/INFO]向服务器发送消息：HEARTBEAT
[2023-05-29 13:54:59.226][pool-1-thread-1/INFO]向服务器发送消息：HEARTBEAT
[2023-05-29 13:55:02.226][pool-1-thread-1/INFO]向服务器发送消息：HEARTBEAT
[2023-05-29 13:55:05.214][pool-1-thread-1/INFO]向服务器发送消息：HEARTBEAT
[2023-05-29 13:55:08.214][pool-1-thread-1/INFO]向服务器发送消息：HEARTBEAT
[2023-05-29 13:55:11.227][pool-1-thread-1/INFO]向服务器发送消息：HEARTBEAT
[2023-05-29 13:55:14.221][pool-1-thread-1/INFO]向服务器发送消息：HEARTBEAT
[2023-05-29 13:55:17.227][pool-1-thread-1/INFO]向服务器发送消息：HEARTBEAT
[2023-05-29 13:55:20.216][pool-1-thread-1/INFO]向服务器发送消息：HEARTBEAT
[2023-05-29 13:55:23.229][pool-1-thread-1/INFO]向服务器发送消息：HEARTBEAT
[2023-05-29 13:55:26.219][pool-1-thread-1/INFO]向服务器发送消息：HEARTBEAT
[2023-05-29 13:55:29.216][pool-1-thread-1/INFO]向服务器发送消息：HEARTBEAT
[2023-05-29 13:55:32.214][pool-1-thread-1/INFO]向服务器发送消息：HEARTBEAT
[2023-05-29 13:55:35.221][pool-1-thread-1/INFO]向服务器发送消息：HEARTBEAT
[2023-05-29 13:55:38.214][pool-1-thread-1/INFO]向服务器发送消息：HEARTBEAT
[2023-05-29 13:55:41.228][pool-1-thread-1/INFO]向服务器发送消息：HEARTBEAT
[2023-05-29 13:55:44.221][pool-1-thread-1/INFO]向服务器发送消息：HEARTBEAT
[2023-05-29 13:55:47.226][pool-1-thread-1/INFO]向服务器发送消息：HEARTBEAT
[2023-05-29 13:55:50.216][pool-1-thread-1/INFO]向服务器发送消息：HEARTBEAT
[2023-05-29 13:55:53.224][pool-1-thread-1/INFO]向服务器发送消息：HEARTBEAT
[2023-05-29 13:55:56.221][pool-1-thread-1/INFO]向服务器发送消息：HEARTBEAT
[2023-05-29 13:55:59.217][pool-1-thread-1/INFO]向服务器发送消息：HEARTBEAT
[2023-05-29 13:56:02.220][pool-1-thread-1/INFO]向服务器发送消息：HEARTBEAT
[2023-05-29 13:56:05.217][pool-1-thread-1/INFO]向服务器发送消息：HEARTBEAT
[2023-05-29 13:56:08.215][pool-1-thread-1/INFO]向服务器发送消息：HEARTBEAT
[2023-05-29 13:56:11.219][pool-1-thread-1/INFO]向服务器发送消息：HEARTBEAT
[2023-05-29 13:56:14.214][pool-1-thread-1/INFO]向服务器发送消息：HEARTBEAT
[2023-05-29 13:56:17.214][pool-1-thread-1/INFO]向服务器发送消息：HEARTBEAT
[2023-05-29 13:56:20.214][pool-1-thread-1/INFO]向服务器发送消息：HEARTBEAT
[2023-05-29 13:56:23.228][pool-1-thread-1/INFO]向服务器发送消息：HEARTBEAT
[2023-05-29 13:56:26.227][pool-1-thread-1/INFO]向服务器发送消息：HEARTBEAT
[2023-05-29 13:56:29.224][pool-1-thread-1/INFO]向服务器发送消息：HEARTBEAT
[2023-05-29 13:56:32.222][pool-1-thread-1/INFO]向服务器发送消息：HEARTBEAT
[2023-05-29 13:56:35.229][pool-1-thread-1/INFO]向服务器发送消息：HEARTBEAT
[2023-05-29 13:56:38.219][pool-1-thread-1/INFO]向服务器发送消息：HEARTBEAT
[2023-05-29 13:56:41.227][pool-1-thread-1/INFO]向服务器发送消息：HEARTBEAT
[2023-05-29 13:56:44.217][pool-1-thread-1/INFO]向服务器发送消息：HEARTBEAT
[2023-05-29 13:56:47.222][pool-1-thread-1/INFO]向服务器发送消息：HEARTBEAT
[2023-05-29 13:56:50.225][pool-1-thread-1/INFO]向服务器发送消息：HEARTBEAT
[2023-05-29 13:56:53.218][pool-1-thread-1/INFO]向服务器发送消息：HEARTBEAT
[2023-05-29 13:56:56.228][pool-1-thread-1/INFO]向服务器发送消息：HEARTBEAT
[2023-05-29 13:56:59.225][pool-1-thread-1/INFO]向服务器发送消息：HEARTBEAT
[2023-05-29 13:57:02.229][pool-1-thread-1/INFO]向服务器发送消息：HEARTBEAT
[2023-05-29 13:57:05.225][pool-1-thread-1/INFO]向服务器发送消息：HEARTBEAT
[2023-05-29 13:57:08.225][pool-1-thread-1/INFO]向服务器发送消息：HEARTBEAT
[2023-05-29 13:57:11.217][pool-1-thread-1/INFO]向服务器发送消息：HEARTBEAT
[2023-05-29 13:57:14.224][pool-1-thread-1/INFO]向服务器发送消息：HEARTBEAT
[2023-05-29 13:57:17.216][pool-1-thread-1/INFO]向服务器发送消息：HEARTBEAT
[2023-05-29 13:57:20.214][pool-1-thread-1/INFO]向服务器发送消息：HEARTBEAT
[2023-05-29 13:57:23.224][pool-1-thread-1/INFO]向服务器发送消息：HEARTBEAT
[2023-05-29 13:57:26.227][pool-1-thread-1/INFO]向服务器发送消息：HEARTBEAT
[2023-05-29 13:57:29.224][pool-1-thread-1/INFO]向服务器发送消息：HEARTBEAT
[2023-05-29 13:57:32.221][pool-1-thread-1/INFO]向服务器发送消息：HEARTBEAT
[2023-05-29 13:57:35.227][pool-1-thread-1/INFO]向服务器发送消息：HEARTBEAT
[2023-05-29 13:57:38.219][pool-1-thread-1/INFO]向服务器发送消息：HEARTBEAT
[2023-05-29 13:57:41.216][pool-1-thread-1/INFO]向服务器发送消息：HEARTBEAT
[2023-05-29 13:57:44.216][pool-1-thread-1/INFO]向服务器发送消息：HEARTBEAT
[2023-05-29 13:57:47.219][pool-1-thread-1/INFO]向服务器发送消息：HEARTBEAT
[2023-05-29 13:57:50.219][pool-1-thread-1/INFO]向服务器发送消息：HEARTBEAT
[2023-05-29 13:57:53.227][pool-1-thread-1/INFO]向服务器发送消息：HEARTBEAT
[2023-05-29 13:57:56.215][pool-1-thread-1/INFO]向服务器发送消息：HEARTBEAT
[2023-05-29 13:57:59.218][pool-1-thread-1/INFO]向服务器发送消息：HEARTBEAT
[2023-05-29 13:58:02.229][pool-1-thread-1/INFO]向服务器发送消息：HEARTBEAT
[2023-05-29 13:58:05.217][pool-1-thread-1/INFO]向服务器发送消息：HEARTBEAT
[2023-05-29 13:58:08.225][pool-1-thread-1/INFO]向服务器发送消息：HEARTBEAT
[2023-05-29 13:58:11.228][pool-1-thread-1/INFO]向服务器发送消息：HEARTBEAT
[2023-05-29 13:58:14.217][pool-1-thread-1/INFO]向服务器发送消息：HEARTBEAT
[2023-05-29 13:58:17.230][pool-1-thread-1/INFO]向服务器发送消息：HEARTBEAT
[2023-05-29 13:58:20.224][pool-1-thread-1/INFO]向服务器发送消息：HEARTBEAT
[2023-05-29 13:58:23.220][pool-1-thread-1/INFO]向服务器发送消息：HEARTBEAT
[2023-05-29 13:58:26.217][pool-1-thread-1/INFO]向服务器发送消息：HEARTBEAT
[2023-05-29 13:58:29.218][pool-1-thread-1/INFO]向服务器发送消息：HEARTBEAT
[2023-05-29 13:58:32.218][pool-1-thread-1/INFO]向服务器发送消息：HEARTBEAT
[2023-05-29 13:58:35.215][pool-1-thread-1/INFO]向服务器发送消息：HEARTBEAT
[2023-05-29 13:58:38.226][pool-1-thread-1/INFO]向服务器发送消息：HEARTBEAT
[2023-05-29 13:58:41.223][pool-1-thread-1/INFO]向服务器发送消息：HEARTBEAT
[2023-05-29 13:58:44.225][pool-1-thread-1/INFO]向服务器发送消息：HEARTBEAT
