[2023-05-30 12:11:12.840][main/INFO]UniWood-DESKTOP-CLIENT-1.0.0
[2023-05-30 12:11:12.840][main/DEBUG]DEBUG MODE ON!!
[2023-05-30 12:11:12.844][main/INFO]未指定连接超时时间，使用默认值1000
[2023-05-30 12:11:12.844][main/INFO]未指定连接重试次数，使用默认值3
[2023-05-30 12:11:12.851][main/INFO]服务器已连接
[2023-05-30 12:11:12.853][main/INFO]Hello, UniWood!
[2023-05-30 12:11:13.430][main/INFO]窗口初始化完成
[2023-05-30 12:11:13.858][pool-1-thread-1/INFO]向服务器发送消息：HEARTBEAT
[2023-05-30 12:11:16.848][pool-1-thread-1/INFO]向服务器发送消息：HEARTBEAT
[2023-05-30 12:11:19.844][pool-1-thread-1/INFO]向服务器发送消息：HEARTBEAT
[2023-05-30 12:11:22.857][pool-1-thread-1/INFO]向服务器发送消息：HEARTBEAT
[2023-05-30 12:11:25.847][pool-1-thread-1/INFO]向服务器发送消息：HEARTBEAT
[2023-05-30 12:11:28.857][pool-1-thread-1/INFO]向服务器发送消息：HEARTBEAT
[2023-05-30 12:11:31.851][pool-1-thread-1/INFO]向服务器发送消息：HEARTBEAT
[2023-05-30 12:11:34.845][pool-1-thread-1/INFO]向服务器发送消息：HEARTBEAT
[2023-05-30 12:11:37.847][pool-1-thread-1/INFO]向服务器发送消息：HEARTBEAT
[2023-05-30 12:11:40.850][pool-1-thread-1/INFO]向服务器发送消息：HEARTBEAT
[2023-05-30 12:11:43.847][pool-1-thread-1/INFO]向服务器发送消息：HEARTBEAT
[2023-05-30 12:11:46.850][pool-1-thread-1/INFO]向服务器发送消息：HEARTBEAT
[2023-05-30 12:11:49.844][pool-1-thread-1/INFO]向服务器发送消息：HEARTBEAT
