[2023-05-29 14:23:37.007][main/INFO]UniWood-DESKTOP-CLIENT-1.0.0
[2023-05-29 14:23:37.007][main/DEBUG]DEBUG MODE ON!!
[2023-05-29 14:23:37.011][main/INFO]未指定连接超时时间，使用默认值1000
[2023-05-29 14:23:37.011][main/INFO]未指定连接重试次数，使用默认值3
[2023-05-29 14:23:37.018][main/INFO]服务器已连接
[2023-05-29 14:23:37.020][main/INFO]Hello, UniWood!
[2023-05-29 14:23:37.574][main/INFO]窗口初始化完成
[2023-05-29 14:23:38.018][pool-1-thread-1/INFO]向服务器发送消息：HEARTBEAT
[2023-05-29 14:23:41.012][pool-1-thread-1/INFO]向服务器发送消息：HEARTBEAT
[2023-05-29 14:23:44.021][pool-1-thread-1/INFO]向服务器发送消息：HEARTBEAT
[2023-05-29 14:23:47.013][pool-1-thread-1/INFO]向服务器发送消息：HEARTBEAT
[2023-05-29 14:23:50.022][pool-1-thread-1/INFO]向服务器发送消息：HEARTBEAT
[2023-05-29 14:23:53.024][pool-1-thread-1/INFO]向服务器发送消息：HEARTBEAT
[2023-05-29 14:23:56.012][pool-1-thread-1/INFO]向服务器发送消息：HEARTBEAT
[2023-05-29 14:23:59.022][pool-1-thread-1/INFO]向服务器发送消息：HEARTBEAT
[2023-05-29 14:24:02.013][pool-1-thread-1/INFO]向服务器发送消息：HEARTBEAT
[2023-05-29 14:24:05.024][pool-1-thread-1/INFO]向服务器发送消息：HEARTBEAT
[2023-05-29 14:24:08.021][pool-1-thread-1/INFO]向服务器发送消息：HEARTBEAT
[2023-05-29 14:24:11.020][pool-1-thread-1/INFO]向服务器发送消息：HEARTBEAT
[2023-05-29 14:24:14.017][pool-1-thread-1/INFO]向服务器发送消息：HEARTBEAT
[2023-05-29 14:24:17.013][pool-1-thread-1/INFO]向服务器发送消息：HEARTBEAT
[2023-05-29 14:24:20.025][pool-1-thread-1/INFO]向服务器发送消息：HEARTBEAT
[2023-05-29 14:24:23.017][pool-1-thread-1/INFO]向服务器发送消息：HEARTBEAT
[2023-05-29 14:24:26.023][pool-1-thread-1/INFO]向服务器发送消息：HEARTBEAT
[2023-05-29 14:24:29.021][pool-1-thread-1/INFO]向服务器发送消息：HEARTBEAT
[2023-05-29 14:24:32.021][pool-1-thread-1/INFO]向服务器发送消息：HEARTBEAT
[2023-05-29 14:24:35.024][pool-1-thread-1/INFO]向服务器发送消息：HEARTBEAT
[2023-05-29 14:24:38.016][pool-1-thread-1/INFO]向服务器发送消息：HEARTBEAT
[2023-05-29 14:24:41.017][pool-1-thread-1/INFO]向服务器发送消息：HEARTBEAT
[2023-05-29 14:24:44.025][pool-1-thread-1/INFO]向服务器发送消息：HEARTBEAT
[2023-05-29 14:24:47.024][pool-1-thread-1/INFO]向服务器发送消息：HEARTBEAT
[2023-05-29 14:24:50.014][pool-1-thread-1/INFO]向服务器发送消息：HEARTBEAT
[2023-05-29 14:24:53.022][pool-1-thread-1/INFO]向服务器发送消息：HEARTBEAT
[2023-05-29 14:24:56.016][pool-1-thread-1/INFO]向服务器发送消息：HEARTBEAT
[2023-05-29 14:24:59.011][pool-1-thread-1/INFO]向服务器发送消息：HEARTBEAT
[2023-05-29 14:25:02.015][pool-1-thread-1/INFO]向服务器发送消息：HEARTBEAT
[2023-05-29 14:25:05.015][pool-1-thread-1/INFO]向服务器发送消息：HEARTBEAT
[2023-05-29 14:25:08.011][pool-1-thread-1/INFO]向服务器发送消息：HEARTBEAT
[2023-05-29 14:25:11.014][pool-1-thread-1/INFO]向服务器发送消息：HEARTBEAT
[2023-05-29 14:25:14.025][pool-1-thread-1/INFO]向服务器发送消息：HEARTBEAT
[2023-05-29 14:25:17.010][pool-1-thread-1/INFO]向服务器发送消息：HEARTBEAT
[2023-05-29 14:25:20.011][pool-1-thread-1/INFO]向服务器发送消息：HEARTBEAT
[2023-05-29 14:25:23.016][pool-1-thread-1/INFO]向服务器发送消息：HEARTBEAT
[2023-05-29 14:25:26.022][pool-1-thread-1/INFO]向服务器发送消息：HEARTBEAT
[2023-05-29 14:25:29.025][pool-1-thread-1/INFO]向服务器发送消息：HEARTBEAT
[2023-05-29 14:25:32.023][pool-1-thread-1/INFO]向服务器发送消息：HEARTBEAT
[2023-05-29 14:25:35.017][pool-1-thread-1/INFO]向服务器发送消息：HEARTBEAT
[2023-05-29 14:25:38.016][pool-1-thread-1/INFO]向服务器发送消息：HEARTBEAT
[2023-05-29 14:25:41.023][pool-1-thread-1/INFO]向服务器发送消息：HEARTBEAT
