[2023-06-04 20:41:59.864][main/INFO]UniWood-DESKTOP-CLIENT-1.0.0
[2023-06-04 20:41:59.865][main/DEBUG]DEBUG MODE ON!!
[2023-06-04 20:41:59.868][main/INFO]未指定连接超时时间，使用默认值1000
[2023-06-04 20:41:59.868][main/INFO]未指定连接重试次数，使用默认值3
[2023-06-04 20:41:59.874][main/INFO]服务器已连接
[2023-06-04 20:41:59.876][main/INFO]未指定请求消息周期等待时间，使用默认值20
[2023-06-04 20:41:59.876][main/INFO]未指定请求消息最大等待周期，使用默认值150
[2023-06-04 20:41:59.877][main/INFO]Hello, UniWood!
[2023-06-04 20:42:00.382][main/INFO]窗口初始化完成
[2023-06-04 20:42:00.875][pool-1-thread-1/INFO]向服务器发送消息：HEARTBEAT
[2023-06-04 20:42:00.891][pool-2-thread-1/INFO]平均等待周期：1.000000
[2023-06-04 20:42:01.879][pool-2-thread-1/INFO]平均等待周期：1.000000
[2023-06-04 20:42:02.882][pool-2-thread-1/INFO]平均等待周期：1.000000
[2023-06-04 20:42:03.868][pool-1-thread-1/INFO]向服务器发送消息：HEARTBEAT
[2023-06-04 20:42:03.884][pool-2-thread-1/INFO]平均等待周期：1.000000
[2023-06-04 20:42:04.878][pool-2-thread-1/INFO]平均等待周期：1.000000
[2023-06-04 20:42:05.880][pool-2-thread-1/INFO]平均等待周期：1.000000
[2023-06-04 20:42:06.878][pool-1-thread-1/INFO]向服务器发送消息：HEARTBEAT
[2023-06-04 20:42:06.878][pool-2-thread-1/INFO]平均等待周期：1.000000
[2023-06-04 20:42:07.881][pool-2-thread-1/INFO]平均等待周期：1.000000
[2023-06-04 20:42:08.881][pool-2-thread-1/INFO]平均等待周期：1.000000
[2023-06-04 20:42:09.868][pool-1-thread-1/INFO]向服务器发送消息：HEARTBEAT
[2023-06-04 20:42:09.883][pool-2-thread-1/INFO]平均等待周期：1.000000
[2023-06-04 20:42:10.891][pool-2-thread-1/INFO]平均等待周期：1.000000
[2023-06-04 20:42:11.892][pool-2-thread-1/INFO]平均等待周期：1.000000
[2023-06-04 20:42:12.871][pool-1-thread-1/INFO]向服务器发送消息：HEARTBEAT
[2023-06-04 20:42:12.886][pool-2-thread-1/INFO]平均等待周期：1.000000
[2023-06-04 20:42:13.879][pool-2-thread-1/INFO]平均等待周期：1.000000
[2023-06-04 20:42:14.892][pool-2-thread-1/INFO]平均等待周期：1.000000
[2023-06-04 20:42:15.878][pool-1-thread-1/INFO]向服务器发送消息：HEARTBEAT
[2023-06-04 20:42:15.878][pool-2-thread-1/INFO]平均等待周期：1.000000
[2023-06-04 20:42:16.880][pool-2-thread-1/INFO]平均等待周期：1.000000
[2023-06-04 20:42:17.879][pool-2-thread-1/INFO]平均等待周期：1.000000
[2023-06-04 20:42:18.880][pool-2-thread-1/INFO]平均等待周期：1.000000
[2023-06-04 20:42:18.880][pool-1-thread-1/INFO]向服务器发送消息：HEARTBEAT
[2023-06-04 20:42:19.881][pool-2-thread-1/INFO]平均等待周期：1.000000
[2023-06-04 20:42:20.881][pool-2-thread-1/INFO]平均等待周期：1.000000
[2023-06-04 20:42:21.881][pool-1-thread-1/INFO]向服务器发送消息：HEARTBEAT
[2023-06-04 20:42:21.881][pool-2-thread-1/INFO]平均等待周期：1.000000
[2023-06-04 20:42:22.880][pool-2-thread-1/INFO]平均等待周期：1.000000
[2023-06-04 20:42:23.882][pool-2-thread-1/INFO]平均等待周期：1.000000
[2023-06-04 20:42:24.870][pool-1-thread-1/INFO]向服务器发送消息：HEARTBEAT
[2023-06-04 20:42:24.885][pool-2-thread-1/INFO]平均等待周期：1.000000
