[2023-05-29 14:06:32.874][main/INFO]UniWood-DESKTOP-CLIENT-1.0.0
[2023-05-29 14:06:32.875][main/DEBUG]DEBUG MODE ON!!
[2023-05-29 14:06:32.878][main/INFO]未指定连接超时时间，使用默认值1000
[2023-05-29 14:06:32.879][main/INFO]未指定连接重试次数，使用默认值3
[2023-05-29 14:06:32.887][main/INFO]服务器已连接
[2023-05-29 14:06:32.889][main/INFO]Hello, UniWood!
[2023-05-29 14:06:33.440][main/INFO]窗口初始化完成
[2023-05-29 14:06:33.888][pool-1-thread-1/INFO]向服务器发送消息：HEARTBEAT
[2023-05-29 14:06:36.888][pool-1-thread-1/INFO]向服务器发送消息：HEARTBEAT
[2023-05-29 14:06:39.892][pool-1-thread-1/INFO]向服务器发送消息：HEARTBEAT
[2023-05-29 14:06:40.777][Thread-1/INFO]向服务器发送消息：UNIV_LIST
[2023-05-29 14:06:40.782][Thread-0/INFO]收到服务器消息：UNIV_LIST|河南大学|清华大学|北京大学|郑州大学
[2023-05-29 14:06:42.884][pool-1-thread-1/INFO]向服务器发送消息：HEARTBEAT
[2023-05-29 14:06:45.892][pool-1-thread-1/INFO]向服务器发送消息：HEARTBEAT
[2023-05-29 14:06:48.889][pool-1-thread-1/INFO]向服务器发送消息：HEARTBEAT
[2023-05-29 14:06:51.891][pool-1-thread-1/INFO]向服务器发送消息：HEARTBEAT
[2023-05-29 14:06:54.885][pool-1-thread-1/INFO]向服务器发送消息：HEARTBEAT
[2023-05-29 14:06:57.884][pool-1-thread-1/INFO]向服务器发送消息：HEARTBEAT
[2023-05-29 14:07:00.878][pool-1-thread-1/INFO]向服务器发送消息：HEARTBEAT
[2023-05-29 14:07:03.879][pool-1-thread-1/INFO]向服务器发送消息：HEARTBEAT
[2023-05-29 14:07:06.879][pool-1-thread-1/INFO]向服务器发送消息：HEARTBEAT
[2023-05-29 14:07:09.890][pool-1-thread-1/INFO]向服务器发送消息：HEARTBEAT
[2023-05-29 14:07:12.891][pool-1-thread-1/INFO]向服务器发送消息：HEARTBEAT
[2023-05-29 14:07:15.884][pool-1-thread-1/INFO]向服务器发送消息：HEARTBEAT
[2023-05-29 14:07:18.889][pool-1-thread-1/INFO]向服务器发送消息：HEARTBEAT
[2023-05-29 14:07:21.882][pool-1-thread-1/INFO]向服务器发送消息：HEARTBEAT
[2023-05-29 14:07:24.880][pool-1-thread-1/INFO]向服务器发送消息：HEARTBEAT
[2023-05-29 14:07:27.881][pool-1-thread-1/INFO]向服务器发送消息：HEARTBEAT
[2023-05-29 14:07:30.894][pool-1-thread-1/INFO]向服务器发送消息：HEARTBEAT
[2023-05-29 14:07:33.890][pool-1-thread-1/INFO]向服务器发送消息：HEARTBEAT
[2023-05-29 14:07:36.892][pool-1-thread-1/INFO]向服务器发送消息：HEARTBEAT
[2023-05-29 14:07:39.892][pool-1-thread-1/INFO]向服务器发送消息：HEARTBEAT
[2023-05-29 14:07:42.887][pool-1-thread-1/INFO]向服务器发送消息：HEARTBEAT
[2023-05-29 14:07:45.891][pool-1-thread-1/INFO]向服务器发送消息：HEARTBEAT
[2023-05-29 14:07:48.881][pool-1-thread-1/INFO]向服务器发送消息：HEARTBEAT
[2023-05-29 14:07:51.890][pool-1-thread-1/INFO]向服务器发送消息：HEARTBEAT
[2023-05-29 14:07:54.887][pool-1-thread-1/INFO]向服务器发送消息：HEARTBEAT
[2023-05-29 14:07:57.888][pool-1-thread-1/INFO]向服务器发送消息：HEARTBEAT
[2023-05-29 14:08:00.881][pool-1-thread-1/INFO]向服务器发送消息：HEARTBEAT
[2023-05-29 14:08:03.888][pool-1-thread-1/INFO]向服务器发送消息：HEARTBEAT
[2023-05-29 14:08:06.878][pool-1-thread-1/INFO]向服务器发送消息：HEARTBEAT
[2023-05-29 14:08:09.891][pool-1-thread-1/INFO]向服务器发送消息：HEARTBEAT
[2023-05-29 14:08:12.886][pool-1-thread-1/INFO]向服务器发送消息：HEARTBEAT
[2023-05-29 14:08:15.880][pool-1-thread-1/INFO]向服务器发送消息：HEARTBEAT
[2023-05-29 14:08:18.886][pool-1-thread-1/INFO]向服务器发送消息：HEARTBEAT
[2023-05-29 14:08:21.879][pool-1-thread-1/INFO]向服务器发送消息：HEARTBEAT
[2023-05-29 14:08:24.882][pool-1-thread-1/INFO]向服务器发送消息：HEARTBEAT
[2023-05-29 14:08:27.887][pool-1-thread-1/INFO]向服务器发送消息：HEARTBEAT
