[2023-05-29 14:29:28.265][main/INFO]UniWood-DESKTOP-CLIENT-1.0.0
[2023-05-29 14:29:28.265][main/DEBUG]DEBUG MODE ON!!
[2023-05-29 14:29:28.269][main/INFO]未指定连接超时时间，使用默认值1000
[2023-05-29 14:29:28.269][main/INFO]未指定连接重试次数，使用默认值3
[2023-05-29 14:29:28.277][main/INFO]服务器已连接
[2023-05-29 14:29:28.279][main/INFO]Hello, UniWood!
[2023-05-29 14:29:28.859][main/INFO]窗口初始化完成
[2023-05-29 14:29:29.282][pool-1-thread-1/INFO]向服务器发送消息：HEARTBEAT
[2023-05-29 14:29:32.275][pool-1-thread-1/INFO]向服务器发送消息：HEARTBEAT
[2023-05-29 14:29:35.271][pool-1-thread-1/INFO]向服务器发送消息：HEARTBEAT
[2023-05-29 14:29:38.272][pool-1-thread-1/INFO]向服务器发送消息：HEARTBEAT
[2023-05-29 14:29:41.282][pool-1-thread-1/INFO]向服务器发送消息：HEARTBEAT
[2023-05-29 14:29:44.279][pool-1-thread-1/INFO]向服务器发送消息：HEARTBEAT
[2023-05-29 14:29:47.269][pool-1-thread-1/INFO]向服务器发送消息：HEARTBEAT
[2023-05-29 14:29:50.278][pool-1-thread-1/INFO]向服务器发送消息：HEARTBEAT
[2023-05-29 14:29:53.274][pool-1-thread-1/INFO]向服务器发送消息：HEARTBEAT
[2023-05-29 14:29:56.282][pool-1-thread-1/INFO]向服务器发送消息：HEARTBEAT
[2023-05-29 14:29:59.282][pool-1-thread-1/INFO]向服务器发送消息：HEARTBEAT
[2023-05-29 14:30:02.283][pool-1-thread-1/INFO]向服务器发送消息：HEARTBEAT
[2023-05-29 14:30:05.281][pool-1-thread-1/INFO]向服务器发送消息：HEARTBEAT
[2023-05-29 14:30:08.278][pool-1-thread-1/INFO]向服务器发送消息：HEARTBEAT
[2023-05-29 14:30:11.269][pool-1-thread-1/INFO]向服务器发送消息：HEARTBEAT
[2023-05-29 14:30:14.274][pool-1-thread-1/INFO]向服务器发送消息：HEARTBEAT
[2023-05-29 14:30:17.282][pool-1-thread-1/INFO]向服务器发送消息：HEARTBEAT
[2023-05-29 14:30:20.279][pool-1-thread-1/INFO]向服务器发送消息：HEARTBEAT
[2023-05-29 14:30:23.279][pool-1-thread-1/INFO]向服务器发送消息：HEARTBEAT
[2023-05-29 14:30:26.279][pool-1-thread-1/INFO]向服务器发送消息：HEARTBEAT
[2023-05-29 14:30:29.276][pool-1-thread-1/INFO]向服务器发送消息：HEARTBEAT
[2023-05-29 14:30:32.281][pool-1-thread-1/INFO]向服务器发送消息：HEARTBEAT
[2023-05-29 14:30:35.269][pool-1-thread-1/INFO]向服务器发送消息：HEARTBEAT
[2023-05-29 14:30:38.282][pool-1-thread-1/INFO]向服务器发送消息：HEARTBEAT
[2023-05-29 14:30:41.278][pool-1-thread-1/INFO]向服务器发送消息：HEARTBEAT
[2023-05-29 14:30:44.275][pool-1-thread-1/INFO]向服务器发送消息：HEARTBEAT
[2023-05-29 14:30:47.281][pool-1-thread-1/INFO]向服务器发送消息：HEARTBEAT
