[2023-05-31 17:39:03.115][main/INFO]UniWood-DESKTOP-CLIENT-1.0.0
[2023-05-31 17:39:03.116][main/DEBUG]DEBUG MODE ON!!
[2023-05-31 17:39:03.119][main/INFO]未指定连接超时时间，使用默认值1000
[2023-05-31 17:39:03.119][main/INFO]未指定连接重试次数，使用默认值3
[2023-05-31 17:39:03.126][main/INFO]服务器已连接
[2023-05-31 17:39:03.127][main/INFO]Hello, UniWood!
[2023-05-31 17:39:03.650][main/INFO]窗口初始化完成
[2023-05-31 17:39:04.135][pool-1-thread-1/INFO]向服务器发送消息：HEARTBEAT
[2023-05-31 17:39:07.131][pool-1-thread-1/INFO]向服务器发送消息：HEARTBEAT
[2023-05-31 17:39:10.134][pool-1-thread-1/INFO]向服务器发送消息：HEARTBEAT
[2023-05-31 17:39:13.131][pool-1-thread-1/INFO]向服务器发送消息：HEARTBEAT
[2023-05-31 17:39:16.135][pool-1-thread-1/INFO]向服务器发送消息：HEARTBEAT
[2023-05-31 17:39:19.119][pool-1-thread-1/INFO]向服务器发送消息：HEARTBEAT
[2023-05-31 17:39:22.127][pool-1-thread-1/INFO]向服务器发送消息：HEARTBEAT
[2023-05-31 17:39:25.129][pool-1-thread-1/INFO]向服务器发送消息：HEARTBEAT
[2023-05-31 17:39:28.131][pool-1-thread-1/INFO]向服务器发送消息：HEARTBEAT
[2023-05-31 17:39:31.133][pool-1-thread-1/INFO]向服务器发送消息：HEARTBEAT
[2023-05-31 17:39:34.124][pool-1-thread-1/INFO]向服务器发送消息：HEARTBEAT
[2023-05-31 17:39:37.134][pool-1-thread-1/INFO]向服务器发送消息：HEARTBEAT
[2023-05-31 17:39:40.133][pool-1-thread-1/INFO]向服务器发送消息：HEARTBEAT
[2023-05-31 17:39:43.134][pool-1-thread-1/INFO]向服务器发送消息：HEARTBEAT
[2023-05-31 17:39:46.123][pool-1-thread-1/INFO]向服务器发送消息：HEARTBEAT
[2023-05-31 17:39:49.119][pool-1-thread-1/INFO]向服务器发送消息：HEARTBEAT
[2023-05-31 17:39:52.124][pool-1-thread-1/INFO]向服务器发送消息：HEARTBEAT
[2023-05-31 17:39:55.130][pool-1-thread-1/INFO]向服务器发送消息：HEARTBEAT
[2023-05-31 17:39:58.125][pool-1-thread-1/INFO]向服务器发送消息：HEARTBEAT
[2023-05-31 17:39:58.220][Thread-1/INFO]向服务器发送消息：UNIV_LIST
[2023-05-31 17:39:58.225][Thread-0/INFO]收到服务器消息：UNIV_LIST|河南大学|清华大学|北京大学|郑州大学
[2023-05-31 17:40:01.127][pool-1-thread-1/INFO]向服务器发送消息：HEARTBEAT
[2023-05-31 17:40:04.120][pool-1-thread-1/INFO]向服务器发送消息：HEARTBEAT
[2023-05-31 17:40:07.125][pool-1-thread-1/INFO]向服务器发送消息：HEARTBEAT
[2023-05-31 17:40:10.130][pool-1-thread-1/INFO]向服务器发送消息：HEARTBEAT
[2023-05-31 17:40:13.127][pool-1-thread-1/INFO]向服务器发送消息：HEARTBEAT
[2023-05-31 17:40:16.131][pool-1-thread-1/INFO]向服务器发送消息：HEARTBEAT
[2023-05-31 17:40:19.126][pool-1-thread-1/INFO]向服务器发送消息：HEARTBEAT
[2023-05-31 17:40:22.128][pool-1-thread-1/INFO]向服务器发送消息：HEARTBEAT
[2023-05-31 17:40:25.129][pool-1-thread-1/INFO]向服务器发送消息：HEARTBEAT
