[2023-05-29 14:52:28.921][main/INFO]UniWood-DESKTOP-CLIENT-1.0.0
[2023-05-29 14:52:28.922][main/DEBUG]DEBUG MODE ON!!
[2023-05-29 14:52:28.926][main/INFO]未指定连接超时时间，使用默认值1000
[2023-05-29 14:52:28.926][main/INFO]未指定连接重试次数，使用默认值3
[2023-05-29 14:52:28.934][main/INFO]服务器已连接
[2023-05-29 14:52:28.935][main/INFO]Hello, UniWood!
[2023-05-29 14:52:29.500][main/INFO]窗口初始化完成
[2023-05-29 14:52:29.942][pool-1-thread-1/INFO]向服务器发送消息：HEARTBEAT
[2023-05-29 14:52:32.938][pool-1-thread-1/INFO]向服务器发送消息：HEARTBEAT
[2023-05-29 14:52:35.927][pool-1-thread-1/INFO]向服务器发送消息：HEARTBEAT
[2023-05-29 14:52:38.937][pool-1-thread-1/INFO]向服务器发送消息：HEARTBEAT
[2023-05-29 14:52:41.931][pool-1-thread-1/INFO]向服务器发送消息：HEARTBEAT
[2023-05-29 14:52:42.262][Thread-1/INFO]向服务器发送消息：UNIV_LIST
[2023-05-29 14:52:42.268][Thread-0/INFO]收到服务器消息：UNIV_LIST|河南大学|清华大学|北京大学|郑州大学
[2023-05-29 14:52:44.937][pool-1-thread-1/INFO]向服务器发送消息：HEARTBEAT
[2023-05-29 14:52:47.929][pool-1-thread-1/INFO]向服务器发送消息：HEARTBEAT
[2023-05-29 14:52:50.928][pool-1-thread-1/INFO]向服务器发送消息：HEARTBEAT
[2023-05-29 14:52:53.926][pool-1-thread-1/INFO]向服务器发送消息：HEARTBEAT
[2023-05-29 14:52:56.936][pool-1-thread-1/INFO]向服务器发送消息：HEARTBEAT
[2023-05-29 14:52:59.936][pool-1-thread-1/INFO]向服务器发送消息：HEARTBEAT
[2023-05-29 14:53:02.930][pool-1-thread-1/INFO]向服务器发送消息：HEARTBEAT
[2023-05-29 14:53:05.940][pool-1-thread-1/INFO]向服务器发送消息：HEARTBEAT
[2023-05-29 14:53:08.927][pool-1-thread-1/INFO]向服务器发送消息：HEARTBEAT
[2023-05-29 14:53:11.937][pool-1-thread-1/INFO]向服务器发送消息：HEARTBEAT
