[2023-05-27 05:48:18.206][main/INFO]UniWood-DESKTOP-CLIENT-1.0.0
[2023-05-27 05:48:18.206][main/DEBUG]DEBUG MODE ON!!
[2023-05-27 05:48:18.206][main/INFO]未指定连接超时时间，使用默认值1000
[2023-05-27 05:48:18.206][main/INFO]未指定连接重试次数，使用默认值3
[2023-05-27 05:48:18.221][main/INFO]服务器已连接
[2023-05-27 05:48:18.221][main/INFO]Hello, UniWood!
[2023-05-27 05:48:18.715][main/INFO]窗口初始化完成
[2023-05-27 05:48:19.230][pool-1-thread-1/INFO]向服务器发送消息：HEARTBEAT
[2023-05-27 05:48:21.116][Thread-1/INFO]向服务器发送消息：UNIV_LIST
[2023-05-27 05:48:21.131][Thread-0/INFO]收到服务器消息：UNIV_LIST|河南大学|清华大学|北京大学|郑州大学
[2023-05-27 05:48:22.223][pool-1-thread-1/INFO]向服务器发送消息：HEARTBEAT
[2023-05-27 05:48:25.225][pool-1-thread-1/INFO]向服务器发送消息：HEARTBEAT
[2023-05-27 05:48:28.228][pool-1-thread-1/INFO]向服务器发送消息：HEARTBEAT
[2023-05-27 05:48:31.227][pool-1-thread-1/INFO]向服务器发送消息：HEARTBEAT
[2023-05-27 05:48:34.230][pool-1-thread-1/INFO]向服务器发送消息：HEARTBEAT
[2023-05-27 05:48:37.216][pool-1-thread-1/INFO]向服务器发送消息：HEARTBEAT
[2023-05-27 05:48:40.226][pool-1-thread-1/INFO]向服务器发送消息：HEARTBEAT
[2023-05-27 05:48:43.219][pool-1-thread-1/INFO]向服务器发送消息：HEARTBEAT
[2023-05-27 05:48:46.228][pool-1-thread-1/INFO]向服务器发送消息：HEARTBEAT
[2023-05-27 05:48:49.215][pool-1-thread-1/INFO]向服务器发送消息：HEARTBEAT
[2023-05-27 05:48:52.227][pool-1-thread-1/INFO]向服务器发送消息：HEARTBEAT
[2023-05-27 05:48:55.224][pool-1-thread-1/INFO]向服务器发送消息：HEARTBEAT
[2023-05-27 05:48:58.226][pool-1-thread-1/INFO]向服务器发送消息：HEARTBEAT
[2023-05-27 05:49:01.231][pool-1-thread-1/INFO]向服务器发送消息：HEARTBEAT
[2023-05-27 05:49:04.216][pool-1-thread-1/INFO]向服务器发送消息：HEARTBEAT
[2023-05-27 05:49:07.225][pool-1-thread-1/INFO]向服务器发送消息：HEARTBEAT
[2023-05-27 05:49:10.218][pool-1-thread-1/INFO]向服务器发送消息：HEARTBEAT
[2023-05-27 05:49:13.226][pool-1-thread-1/INFO]向服务器发送消息：HEARTBEAT
[2023-05-27 05:49:16.225][pool-1-thread-1/INFO]向服务器发送消息：HEARTBEAT
[2023-05-27 05:49:19.231][pool-1-thread-1/INFO]向服务器发送消息：HEARTBEAT
[2023-05-27 05:49:22.230][pool-1-thread-1/INFO]向服务器发送消息：HEARTBEAT
[2023-05-27 05:49:25.225][pool-1-thread-1/INFO]向服务器发送消息：HEARTBEAT
