[2023-05-29 14:22:21.689][main/INFO]UniWood-DESKTOP-CLIENT-1.0.0
[2023-05-29 14:22:21.690][main/DEBUG]DEBUG MODE ON!!
[2023-05-29 14:22:21.693][main/INFO]未指定连接超时时间，使用默认值1000
[2023-05-29 14:22:21.694][main/INFO]未指定连接重试次数，使用默认值3
[2023-05-29 14:22:21.701][main/INFO]服务器已连接
[2023-05-29 14:22:21.703][main/INFO]Hello, UniWood!
[2023-05-29 14:22:22.237][main/INFO]窗口初始化完成
[2023-05-29 14:22:22.701][pool-1-thread-1/INFO]向服务器发送消息：HEARTBEAT
[2023-05-29 14:22:25.706][pool-1-thread-1/INFO]向服务器发送消息：HEARTBEAT
[2023-05-29 14:22:28.694][pool-1-thread-1/INFO]向服务器发送消息：HEARTBEAT
[2023-05-29 14:22:31.696][pool-1-thread-1/INFO]向服务器发送消息：HEARTBEAT
[2023-05-29 14:22:34.698][pool-1-thread-1/INFO]向服务器发送消息：HEARTBEAT
[2023-05-29 14:22:37.701][pool-1-thread-1/INFO]向服务器发送消息：HEARTBEAT
[2023-05-29 14:22:40.702][pool-1-thread-1/INFO]向服务器发送消息：HEARTBEAT
[2023-05-29 14:22:43.709][pool-1-thread-1/INFO]向服务器发送消息：HEARTBEAT
[2023-05-29 14:22:46.705][pool-1-thread-1/INFO]向服务器发送消息：HEARTBEAT
[2023-05-29 14:22:49.707][pool-1-thread-1/INFO]向服务器发送消息：HEARTBEAT
[2023-05-29 14:22:52.703][pool-1-thread-1/INFO]向服务器发送消息：HEARTBEAT
[2023-05-29 14:22:55.694][pool-1-thread-1/INFO]向服务器发送消息：HEARTBEAT
[2023-05-29 14:22:58.701][pool-1-thread-1/INFO]向服务器发送消息：HEARTBEAT
