[2023-05-29 14:17:59.540][main/INFO]UniWood-DESKTOP-CLIENT-1.0.0
[2023-05-29 14:17:59.541][main/DEBUG]DEBUG MODE ON!!
[2023-05-29 14:17:59.544][main/INFO]未指定连接超时时间，使用默认值1000
[2023-05-29 14:17:59.545][main/INFO]未指定连接重试次数，使用默认值3
[2023-05-29 14:17:59.551][main/INFO]服务器已连接
[2023-05-29 14:17:59.554][main/INFO]Hello, UniWood!
[2023-05-29 14:18:00.103][main/INFO]窗口初始化完成
[2023-05-29 14:18:00.560][pool-1-thread-1/INFO]向服务器发送消息：HEARTBEAT
[2023-05-29 14:18:03.544][pool-1-thread-1/INFO]向服务器发送消息：HEARTBEAT
[2023-05-29 14:18:06.548][pool-1-thread-1/INFO]向服务器发送消息：HEARTBEAT
[2023-05-29 14:18:09.551][pool-1-thread-1/INFO]向服务器发送消息：HEARTBEAT
[2023-05-29 14:18:12.557][pool-1-thread-1/INFO]向服务器发送消息：HEARTBEAT
[2023-05-29 14:18:15.552][pool-1-thread-1/INFO]向服务器发送消息：HEARTBEAT
[2023-05-29 14:18:18.545][pool-1-thread-1/INFO]向服务器发送消息：HEARTBEAT
[2023-05-29 14:18:21.546][pool-1-thread-1/INFO]向服务器发送消息：HEARTBEAT
[2023-05-29 14:18:24.544][pool-1-thread-1/INFO]向服务器发送消息：HEARTBEAT
[2023-05-29 14:18:27.550][pool-1-thread-1/INFO]向服务器发送消息：HEARTBEAT
[2023-05-29 14:18:30.545][pool-1-thread-1/INFO]向服务器发送消息：HEARTBEAT
[2023-05-29 14:18:33.555][pool-1-thread-1/INFO]向服务器发送消息：HEARTBEAT
[2023-05-29 14:18:36.557][pool-1-thread-1/INFO]向服务器发送消息：HEARTBEAT
[2023-05-29 14:18:39.548][pool-1-thread-1/INFO]向服务器发送消息：HEARTBEAT
[2023-05-29 14:18:42.545][pool-1-thread-1/INFO]向服务器发送消息：HEARTBEAT
[2023-05-29 14:18:45.552][pool-1-thread-1/INFO]向服务器发送消息：HEARTBEAT
[2023-05-29 14:18:48.551][pool-1-thread-1/INFO]向服务器发送消息：HEARTBEAT
[2023-05-29 14:18:51.545][pool-1-thread-1/INFO]向服务器发送消息：HEARTBEAT
[2023-05-29 14:18:54.558][pool-1-thread-1/INFO]向服务器发送消息：HEARTBEAT
[2023-05-29 14:18:57.556][pool-1-thread-1/INFO]向服务器发送消息：HEARTBEAT
[2023-05-29 14:19:00.553][pool-1-thread-1/INFO]向服务器发送消息：HEARTBEAT
[2023-05-29 14:19:03.552][pool-1-thread-1/INFO]向服务器发送消息：HEARTBEAT
[2023-05-29 14:19:06.554][pool-1-thread-1/INFO]向服务器发送消息：HEARTBEAT
[2023-05-29 14:19:09.555][pool-1-thread-1/INFO]向服务器发送消息：HEARTBEAT
[2023-05-29 14:19:12.544][pool-1-thread-1/INFO]向服务器发送消息：HEARTBEAT
[2023-05-29 14:19:15.546][pool-1-thread-1/INFO]向服务器发送消息：HEARTBEAT
[2023-05-29 14:19:18.546][pool-1-thread-1/INFO]向服务器发送消息：HEARTBEAT
[2023-05-29 14:19:21.558][pool-1-thread-1/INFO]向服务器发送消息：HEARTBEAT
[2023-05-29 14:19:24.554][pool-1-thread-1/INFO]向服务器发送消息：HEARTBEAT
[2023-05-29 14:19:27.555][pool-1-thread-1/INFO]向服务器发送消息：HEARTBEAT
[2023-05-29 14:19:30.556][pool-1-thread-1/INFO]向服务器发送消息：HEARTBEAT
[2023-05-29 14:19:33.545][pool-1-thread-1/INFO]向服务器发送消息：HEARTBEAT
[2023-05-29 14:19:36.559][pool-1-thread-1/INFO]向服务器发送消息：HEARTBEAT
[2023-05-29 14:19:39.552][pool-1-thread-1/INFO]向服务器发送消息：HEARTBEAT
[2023-05-29 14:19:42.556][pool-1-thread-1/INFO]向服务器发送消息：HEARTBEAT
[2023-05-29 14:19:45.544][pool-1-thread-1/INFO]向服务器发送消息：HEARTBEAT
[2023-05-29 14:19:48.552][pool-1-thread-1/INFO]向服务器发送消息：HEARTBEAT
[2023-05-29 14:19:51.551][pool-1-thread-1/INFO]向服务器发送消息：HEARTBEAT
[2023-05-29 14:19:54.544][pool-1-thread-1/INFO]向服务器发送消息：HEARTBEAT
[2023-05-29 14:19:57.552][pool-1-thread-1/INFO]向服务器发送消息：HEARTBEAT
[2023-05-29 14:20:00.558][pool-1-thread-1/INFO]向服务器发送消息：HEARTBEAT
[2023-05-29 14:20:03.545][pool-1-thread-1/INFO]向服务器发送消息：HEARTBEAT
[2023-05-29 14:20:06.546][pool-1-thread-1/INFO]向服务器发送消息：HEARTBEAT
[2023-05-29 14:20:09.559][pool-1-thread-1/INFO]向服务器发送消息：HEARTBEAT
[2023-05-29 14:20:12.557][pool-1-thread-1/INFO]向服务器发送消息：HEARTBEAT
[2023-05-29 14:20:15.558][pool-1-thread-1/INFO]向服务器发送消息：HEARTBEAT
[2023-05-29 14:20:18.558][pool-1-thread-1/INFO]向服务器发送消息：HEARTBEAT
[2023-05-29 14:20:21.559][pool-1-thread-1/INFO]向服务器发送消息：HEARTBEAT
[2023-05-29 14:20:24.557][pool-1-thread-1/INFO]向服务器发送消息：HEARTBEAT
[2023-05-29 14:20:27.550][pool-1-thread-1/INFO]向服务器发送消息：HEARTBEAT
[2023-05-29 14:20:30.557][pool-1-thread-1/INFO]向服务器发送消息：HEARTBEAT
[2023-05-29 14:20:33.551][pool-1-thread-1/INFO]向服务器发送消息：HEARTBEAT
[2023-05-29 14:20:36.549][pool-1-thread-1/INFO]向服务器发送消息：HEARTBEAT
[2023-05-29 14:20:39.547][pool-1-thread-1/INFO]向服务器发送消息：HEARTBEAT
[2023-05-29 14:20:42.551][pool-1-thread-1/INFO]向服务器发送消息：HEARTBEAT
[2023-05-29 14:20:45.548][pool-1-thread-1/INFO]向服务器发送消息：HEARTBEAT
[2023-05-29 14:20:48.544][pool-1-thread-1/INFO]向服务器发送消息：HEARTBEAT
[2023-05-29 14:20:51.545][pool-1-thread-1/INFO]向服务器发送消息：HEARTBEAT
[2023-05-29 14:20:54.556][pool-1-thread-1/INFO]向服务器发送消息：HEARTBEAT
[2023-05-29 14:20:57.553][pool-1-thread-1/INFO]向服务器发送消息：HEARTBEAT
[2023-05-29 14:21:00.554][pool-1-thread-1/INFO]向服务器发送消息：HEARTBEAT
[2023-05-29 14:21:03.549][pool-1-thread-1/INFO]向服务器发送消息：HEARTBEAT
[2023-05-29 14:21:06.559][pool-1-thread-1/INFO]向服务器发送消息：HEARTBEAT
[2023-05-29 14:21:09.556][pool-1-thread-1/INFO]向服务器发送消息：HEARTBEAT
[2023-05-29 14:21:12.551][pool-1-thread-1/INFO]向服务器发送消息：HEARTBEAT
