[2023-05-27 02:13:29.817][main/INFO]UniWood-DESKTOP-CLIENT-1.0.0
[2023-05-27 02:13:29.817][main/DEBUG]DEBUG MODE ON!!
[2023-05-27 02:13:29.821][main/INFO]未指定连接超时时间，使用默认值1000
[2023-05-27 02:13:29.821][main/INFO]未指定连接重试次数，使用默认值3
[2023-05-27 02:13:29.825][main/INFO]服务器已连接
[2023-05-27 02:13:29.830][main/INFO]Hello, UniWood!
[2023-05-27 02:13:30.332][main/INFO]窗口初始化完成
[2023-05-27 02:13:30.828][pool-1-thread-1/INFO]向服务器发送消息：HEARTBEAT
[2023-05-27 02:13:33.821][pool-1-thread-1/INFO]向服务器发送消息：HEARTBEAT
[2023-05-27 02:13:36.822][pool-1-thread-1/INFO]向服务器发送消息：HEARTBEAT
[2023-05-27 02:13:39.827][pool-1-thread-1/INFO]向服务器发送消息：HEARTBEAT
[2023-05-27 02:13:42.824][pool-1-thread-1/INFO]向服务器发送消息：HEARTBEAT
[2023-05-27 02:13:45.829][pool-1-thread-1/INFO]向服务器发送消息：HEARTBEAT
[2023-05-27 02:13:48.824][pool-1-thread-1/INFO]向服务器发送消息：HEARTBEAT
[2023-05-27 02:13:51.822][pool-1-thread-1/INFO]向服务器发送消息：HEARTBEAT
[2023-05-27 02:13:54.825][pool-1-thread-1/INFO]向服务器发送消息：HEARTBEAT
[2023-05-27 02:13:57.832][pool-1-thread-1/INFO]向服务器发送消息：HEARTBEAT
[2023-05-27 02:14:00.831][pool-1-thread-1/INFO]向服务器发送消息：HEARTBEAT
[2023-05-27 02:14:03.825][pool-1-thread-1/INFO]向服务器发送消息：HEARTBEAT
[2023-05-27 02:14:06.830][pool-1-thread-1/INFO]向服务器发送消息：HEARTBEAT
[2023-05-27 02:14:09.825][pool-1-thread-1/INFO]向服务器发送消息：HEARTBEAT
[2023-05-27 02:14:12.822][pool-1-thread-1/INFO]向服务器发送消息：HEARTBEAT
[2023-05-27 02:14:15.825][pool-1-thread-1/INFO]向服务器发送消息：HEARTBEAT
[2023-05-27 02:14:18.830][pool-1-thread-1/INFO]向服务器发送消息：HEARTBEAT
[2023-05-27 02:14:21.829][pool-1-thread-1/INFO]向服务器发送消息：HEARTBEAT
[2023-05-27 02:14:24.830][pool-1-thread-1/INFO]向服务器发送消息：HEARTBEAT
[2023-05-27 02:14:27.824][pool-1-thread-1/INFO]向服务器发送消息：HEARTBEAT
[2023-05-27 02:14:30.835][pool-1-thread-1/INFO]向服务器发送消息：HEARTBEAT
[2023-05-27 02:14:33.834][pool-1-thread-1/INFO]向服务器发送消息：HEARTBEAT
[2023-05-27 02:14:36.830][pool-1-thread-1/INFO]向服务器发送消息：HEARTBEAT
[2023-05-27 02:14:39.826][pool-1-thread-1/INFO]向服务器发送消息：HEARTBEAT
[2023-05-27 02:14:42.825][pool-1-thread-1/INFO]向服务器发送消息：HEARTBEAT
[2023-05-27 02:14:45.834][pool-1-thread-1/INFO]向服务器发送消息：HEARTBEAT
[2023-05-27 02:14:48.824][pool-1-thread-1/INFO]向服务器发送消息：HEARTBEAT
[2023-05-27 02:14:51.835][pool-1-thread-1/INFO]向服务器发送消息：HEARTBEAT
[2023-05-27 02:14:54.828][pool-1-thread-1/INFO]向服务器发送消息：HEARTBEAT
[2023-05-27 02:14:57.826][pool-1-thread-1/INFO]向服务器发送消息：HEARTBEAT
[2023-05-27 02:15:00.830][pool-1-thread-1/INFO]向服务器发送消息：HEARTBEAT
[2023-05-27 02:15:03.834][pool-1-thread-1/INFO]向服务器发送消息：HEARTBEAT
[2023-05-27 02:15:06.834][pool-1-thread-1/INFO]向服务器发送消息：HEARTBEAT
[2023-05-27 02:15:09.828][pool-1-thread-1/INFO]向服务器发送消息：HEARTBEAT
[2023-05-27 02:15:12.830][pool-1-thread-1/INFO]向服务器发送消息：HEARTBEAT
[2023-05-27 02:15:15.830][pool-1-thread-1/INFO]向服务器发送消息：HEARTBEAT
[2023-05-27 02:15:18.830][pool-1-thread-1/INFO]向服务器发送消息：HEARTBEAT
[2023-05-27 02:15:21.834][pool-1-thread-1/INFO]向服务器发送消息：HEARTBEAT
[2023-05-27 02:15:24.827][pool-1-thread-1/INFO]向服务器发送消息：HEARTBEAT
[2023-05-27 02:15:27.830][pool-1-thread-1/INFO]向服务器发送消息：HEARTBEAT
[2023-05-27 02:15:30.830][pool-1-thread-1/INFO]向服务器发送消息：HEARTBEAT
[2023-05-27 02:15:33.830][pool-1-thread-1/INFO]向服务器发送消息：HEARTBEAT
[2023-05-27 02:15:36.825][pool-1-thread-1/INFO]向服务器发送消息：HEARTBEAT
[2023-05-27 02:15:39.833][pool-1-thread-1/INFO]向服务器发送消息：HEARTBEAT
[2023-05-27 02:15:42.830][pool-1-thread-1/INFO]向服务器发送消息：HEARTBEAT
[2023-05-27 02:15:45.828][pool-1-thread-1/INFO]向服务器发送消息：HEARTBEAT
[2023-05-27 02:15:48.834][pool-1-thread-1/INFO]向服务器发送消息：HEARTBEAT
[2023-05-27 02:15:51.836][pool-1-thread-1/INFO]向服务器发送消息：HEARTBEAT
[2023-05-27 02:15:54.824][pool-1-thread-1/INFO]向服务器发送消息：HEARTBEAT
[2023-05-27 02:15:57.824][pool-1-thread-1/INFO]向服务器发送消息：HEARTBEAT
[2023-05-27 02:16:00.827][pool-1-thread-1/INFO]向服务器发送消息：HEARTBEAT
[2023-05-27 02:16:03.828][pool-1-thread-1/INFO]向服务器发送消息：HEARTBEAT
[2023-05-27 02:16:06.826][pool-1-thread-1/INFO]向服务器发送消息：HEARTBEAT
[2023-05-27 02:16:09.824][pool-1-thread-1/INFO]向服务器发送消息：HEARTBEAT
[2023-05-27 02:16:12.824][pool-1-thread-1/INFO]向服务器发送消息：HEARTBEAT
[2023-05-27 02:16:15.822][pool-1-thread-1/INFO]向服务器发送消息：HEARTBEAT
[2023-05-27 02:16:18.827][pool-1-thread-1/INFO]向服务器发送消息：HEARTBEAT
[2023-05-27 02:16:21.834][pool-1-thread-1/INFO]向服务器发送消息：HEARTBEAT
[2023-05-27 02:16:24.828][pool-1-thread-1/INFO]向服务器发送消息：HEARTBEAT
[2023-05-27 02:16:27.835][pool-1-thread-1/INFO]向服务器发送消息：HEARTBEAT
[2023-05-27 02:16:30.826][pool-1-thread-1/INFO]向服务器发送消息：HEARTBEAT
[2023-05-27 02:16:33.825][pool-1-thread-1/INFO]向服务器发送消息：HEARTBEAT
[2023-05-27 02:16:36.822][pool-1-thread-1/INFO]向服务器发送消息：HEARTBEAT
[2023-05-27 02:16:39.828][pool-1-thread-1/INFO]向服务器发送消息：HEARTBEAT
[2023-05-27 02:16:42.824][pool-1-thread-1/INFO]向服务器发送消息：HEARTBEAT
[2023-05-27 02:16:45.824][pool-1-thread-1/INFO]向服务器发送消息：HEARTBEAT
[2023-05-27 02:16:48.836][pool-1-thread-1/INFO]向服务器发送消息：HEARTBEAT
[2023-05-27 02:16:51.828][pool-1-thread-1/INFO]向服务器发送消息：HEARTBEAT
[2023-05-27 02:16:54.831][pool-1-thread-1/INFO]向服务器发送消息：HEARTBEAT
[2023-05-27 02:16:57.826][pool-1-thread-1/INFO]向服务器发送消息：HEARTBEAT
[2023-05-27 02:17:00.830][pool-1-thread-1/INFO]向服务器发送消息：HEARTBEAT
[2023-05-27 02:17:03.825][pool-1-thread-1/INFO]向服务器发送消息：HEARTBEAT
[2023-05-27 02:17:06.830][pool-1-thread-1/INFO]向服务器发送消息：HEARTBEAT
[2023-05-27 02:17:09.830][pool-1-thread-1/INFO]向服务器发送消息：HEARTBEAT
[2023-05-27 02:17:12.833][pool-1-thread-1/INFO]向服务器发送消息：HEARTBEAT
[2023-05-27 02:17:15.824][pool-1-thread-1/INFO]向服务器发送消息：HEARTBEAT
[2023-05-27 02:17:18.829][pool-1-thread-1/INFO]向服务器发送消息：HEARTBEAT
[2023-05-27 02:17:21.825][pool-1-thread-1/INFO]向服务器发送消息：HEARTBEAT
[2023-05-27 02:17:24.824][pool-1-thread-1/INFO]向服务器发送消息：HEARTBEAT
[2023-05-27 02:17:27.834][pool-1-thread-1/INFO]向服务器发送消息：HEARTBEAT
[2023-05-27 02:17:30.832][pool-1-thread-1/INFO]向服务器发送消息：HEARTBEAT
[2023-05-27 02:17:33.827][pool-1-thread-1/INFO]向服务器发送消息：HEARTBEAT
[2023-05-27 02:17:36.822][pool-1-thread-1/INFO]向服务器发送消息：HEARTBEAT
[2023-05-27 02:17:39.830][pool-1-thread-1/INFO]向服务器发送消息：HEARTBEAT
[2023-05-27 02:17:42.830][pool-1-thread-1/INFO]向服务器发送消息：HEARTBEAT
[2023-05-27 02:17:45.822][pool-1-thread-1/INFO]向服务器发送消息：HEARTBEAT
[2023-05-27 02:17:48.835][pool-1-thread-1/INFO]向服务器发送消息：HEARTBEAT
[2023-05-27 02:17:51.824][pool-1-thread-1/INFO]向服务器发送消息：HEARTBEAT
[2023-05-27 02:17:54.833][pool-1-thread-1/INFO]向服务器发送消息：HEARTBEAT
[2023-05-27 02:17:57.830][pool-1-thread-1/INFO]向服务器发送消息：HEARTBEAT
[2023-05-27 02:18:00.833][pool-1-thread-1/INFO]向服务器发送消息：HEARTBEAT
[2023-05-27 02:18:03.824][pool-1-thread-1/INFO]向服务器发送消息：HEARTBEAT
[2023-05-27 02:18:06.826][pool-1-thread-1/INFO]向服务器发送消息：HEARTBEAT
[2023-05-27 02:18:09.832][pool-1-thread-1/INFO]向服务器发送消息：HEARTBEAT
[2023-05-27 02:18:12.830][pool-1-thread-1/INFO]向服务器发送消息：HEARTBEAT
[2023-05-27 02:18:15.825][pool-1-thread-1/INFO]向服务器发送消息：HEARTBEAT
[2023-05-27 02:18:18.828][pool-1-thread-1/INFO]向服务器发送消息：HEARTBEAT
[2023-05-27 02:18:21.835][pool-1-thread-1/INFO]向服务器发送消息：HEARTBEAT
[2023-05-27 02:18:24.824][pool-1-thread-1/INFO]向服务器发送消息：HEARTBEAT
[2023-05-27 02:18:27.827][pool-1-thread-1/INFO]向服务器发送消息：HEARTBEAT
[2023-05-27 02:18:30.826][pool-1-thread-1/INFO]向服务器发送消息：HEARTBEAT
[2023-05-27 02:18:33.831][pool-1-thread-1/INFO]向服务器发送消息：HEARTBEAT
[2023-05-27 02:18:36.833][pool-1-thread-1/INFO]向服务器发送消息：HEARTBEAT
[2023-05-27 02:18:39.830][pool-1-thread-1/INFO]向服务器发送消息：HEARTBEAT
[2023-05-27 02:18:42.823][pool-1-thread-1/INFO]向服务器发送消息：HEARTBEAT
[2023-05-27 02:18:45.830][pool-1-thread-1/INFO]向服务器发送消息：HEARTBEAT
[2023-05-27 02:18:48.829][pool-1-thread-1/INFO]向服务器发送消息：HEARTBEAT
[2023-05-27 02:18:51.825][pool-1-thread-1/INFO]向服务器发送消息：HEARTBEAT
[2023-05-27 02:18:54.826][pool-1-thread-1/INFO]向服务器发送消息：HEARTBEAT
[2023-05-27 02:18:57.824][pool-1-thread-1/INFO]向服务器发送消息：HEARTBEAT
[2023-05-27 02:19:00.831][pool-1-thread-1/INFO]向服务器发送消息：HEARTBEAT
[2023-05-27 02:19:03.828][pool-1-thread-1/INFO]向服务器发送消息：HEARTBEAT
[2023-05-27 02:19:06.825][pool-1-thread-1/INFO]向服务器发送消息：HEARTBEAT
[2023-05-27 02:19:09.836][pool-1-thread-1/INFO]向服务器发送消息：HEARTBEAT
[2023-05-27 02:19:12.822][pool-1-thread-1/INFO]向服务器发送消息：HEARTBEAT
[2023-05-27 02:19:15.834][pool-1-thread-1/INFO]向服务器发送消息：HEARTBEAT
[2023-05-27 02:19:18.827][pool-1-thread-1/INFO]向服务器发送消息：HEARTBEAT
[2023-05-27 02:19:21.827][pool-1-thread-1/INFO]向服务器发送消息：HEARTBEAT
[2023-05-27 02:19:24.822][pool-1-thread-1/INFO]向服务器发送消息：HEARTBEAT
[2023-05-27 02:19:27.830][pool-1-thread-1/INFO]向服务器发送消息：HEARTBEAT
[2023-05-27 02:19:30.826][pool-1-thread-1/INFO]向服务器发送消息：HEARTBEAT
[2023-05-27 02:19:33.824][pool-1-thread-1/INFO]向服务器发送消息：HEARTBEAT
[2023-05-27 02:19:36.832][pool-1-thread-1/INFO]向服务器发送消息：HEARTBEAT
[2023-05-27 02:19:39.824][pool-1-thread-1/INFO]向服务器发送消息：HEARTBEAT
[2023-05-27 02:19:42.833][pool-1-thread-1/INFO]向服务器发送消息：HEARTBEAT
[2023-05-27 02:19:45.836][pool-1-thread-1/INFO]向服务器发送消息：HEARTBEAT
[2023-05-27 02:19:48.834][pool-1-thread-1/INFO]向服务器发送消息：HEARTBEAT
[2023-05-27 02:19:51.835][pool-1-thread-1/INFO]向服务器发送消息：HEARTBEAT
[2023-05-27 02:19:54.831][pool-1-thread-1/INFO]向服务器发送消息：HEARTBEAT
[2023-05-27 02:19:57.828][pool-1-thread-1/INFO]向服务器发送消息：HEARTBEAT
[2023-05-27 02:20:00.832][pool-1-thread-1/INFO]向服务器发送消息：HEARTBEAT
[2023-05-27 02:20:03.822][pool-1-thread-1/INFO]向服务器发送消息：HEARTBEAT
[2023-05-27 02:20:06.830][pool-1-thread-1/INFO]向服务器发送消息：HEARTBEAT
[2023-05-27 02:20:09.825][pool-1-thread-1/INFO]向服务器发送消息：HEARTBEAT
[2023-05-27 02:20:12.822][pool-1-thread-1/INFO]向服务器发送消息：HEARTBEAT
[2023-05-27 02:20:15.834][pool-1-thread-1/INFO]向服务器发送消息：HEARTBEAT
[2023-05-27 02:20:18.830][pool-1-thread-1/INFO]向服务器发送消息：HEARTBEAT
[2023-05-27 02:20:21.835][pool-1-thread-1/INFO]向服务器发送消息：HEARTBEAT
[2023-05-27 02:20:24.826][pool-1-thread-1/INFO]向服务器发送消息：HEARTBEAT
[2023-05-27 02:20:27.825][pool-1-thread-1/INFO]向服务器发送消息：HEARTBEAT
[2023-05-27 02:20:30.828][pool-1-thread-1/INFO]向服务器发送消息：HEARTBEAT
[2023-05-27 02:20:33.836][pool-1-thread-1/INFO]向服务器发送消息：HEARTBEAT
[2023-05-27 02:20:36.835][pool-1-thread-1/INFO]向服务器发送消息：HEARTBEAT
[2023-05-27 02:20:39.828][pool-1-thread-1/INFO]向服务器发送消息：HEARTBEAT
[2023-05-27 02:20:42.828][pool-1-thread-1/INFO]向服务器发送消息：HEARTBEAT
[2023-05-27 02:20:45.830][pool-1-thread-1/INFO]向服务器发送消息：HEARTBEAT
[2023-05-27 02:20:48.836][pool-1-thread-1/INFO]向服务器发送消息：HEARTBEAT
[2023-05-27 02:20:51.830][pool-1-thread-1/INFO]向服务器发送消息：HEARTBEAT
[2023-05-27 02:20:54.835][pool-1-thread-1/INFO]向服务器发送消息：HEARTBEAT
[2023-05-27 02:20:57.824][pool-1-thread-1/INFO]向服务器发送消息：HEARTBEAT
[2023-05-27 02:21:00.831][pool-1-thread-1/INFO]向服务器发送消息：HEARTBEAT
[2023-05-27 02:21:03.830][pool-1-thread-1/INFO]向服务器发送消息：HEARTBEAT
[2023-05-27 02:21:06.823][pool-1-thread-1/INFO]向服务器发送消息：HEARTBEAT
[2023-05-27 02:21:09.826][pool-1-thread-1/INFO]向服务器发送消息：HEARTBEAT
[2023-05-27 02:21:12.832][pool-1-thread-1/INFO]向服务器发送消息：HEARTBEAT
[2023-05-27 02:21:15.822][pool-1-thread-1/INFO]向服务器发送消息：HEARTBEAT
[2023-05-27 02:21:18.830][pool-1-thread-1/INFO]向服务器发送消息：HEARTBEAT
[2023-05-27 02:21:21.822][pool-1-thread-1/INFO]向服务器发送消息：HEARTBEAT
[2023-05-27 02:21:24.826][pool-1-thread-1/INFO]向服务器发送消息：HEARTBEAT
[2023-05-27 02:21:27.830][pool-1-thread-1/INFO]向服务器发送消息：HEARTBEAT
[2023-05-27 02:21:30.832][pool-1-thread-1/INFO]向服务器发送消息：HEARTBEAT
[2023-05-27 02:21:33.822][pool-1-thread-1/INFO]向服务器发送消息：HEARTBEAT
[2023-05-27 02:21:36.827][pool-1-thread-1/INFO]向服务器发送消息：HEARTBEAT
[2023-05-27 02:21:39.834][pool-1-thread-1/INFO]向服务器发送消息：HEARTBEAT
[2023-05-27 02:21:42.824][pool-1-thread-1/INFO]向服务器发送消息：HEARTBEAT
[2023-05-27 02:21:45.832][pool-1-thread-1/INFO]向服务器发送消息：HEARTBEAT
[2023-05-27 02:21:48.826][pool-1-thread-1/INFO]向服务器发送消息：HEARTBEAT
[2023-05-27 02:21:51.835][pool-1-thread-1/INFO]向服务器发送消息：HEARTBEAT
[2023-05-27 02:21:54.823][pool-1-thread-1/INFO]向服务器发送消息：HEARTBEAT
[2023-05-27 02:21:57.826][pool-1-thread-1/INFO]向服务器发送消息：HEARTBEAT
[2023-05-27 02:22:00.823][pool-1-thread-1/INFO]向服务器发送消息：HEARTBEAT
[2023-05-27 02:22:03.824][pool-1-thread-1/INFO]向服务器发送消息：HEARTBEAT
[2023-05-27 02:22:06.825][pool-1-thread-1/INFO]向服务器发送消息：HEARTBEAT
[2023-05-27 02:22:09.833][pool-1-thread-1/INFO]向服务器发送消息：HEARTBEAT
[2023-05-27 02:22:12.830][pool-1-thread-1/INFO]向服务器发送消息：HEARTBEAT
