[2023-05-27 06:16:14.353][main/INFO]UniWood-DESKTOP-CLIENT-1.0.0
[2023-05-27 06:16:14.353][main/DEBUG]DEBUG MODE ON!!
[2023-05-27 06:16:14.357][main/INFO]未指定连接超时时间，使用默认值1000
[2023-05-27 06:16:14.357][main/INFO]未指定连接重试次数，使用默认值3
[2023-05-27 06:16:14.365][main/INFO]服务器已连接
[2023-05-27 06:16:14.365][main/INFO]Hello, UniWood!
[2023-05-27 06:16:14.830][main/INFO]窗口初始化完成
[2023-05-27 06:16:15.365][pool-1-thread-1/INFO]向服务器发送消息：HEARTBEAT
[2023-05-27 06:16:18.188][Thread-1/INFO]向服务器发送消息：UNIV_LIST
[2023-05-27 06:16:18.204][Thread-0/INFO]收到服务器消息：UNIV_LIST|河南大学|清华大学|北京大学|郑州大学
[2023-05-27 06:16:18.363][pool-1-thread-1/INFO]向服务器发送消息：HEARTBEAT
[2023-05-27 06:16:21.368][pool-1-thread-1/INFO]向服务器发送消息：HEARTBEAT
[2023-05-27 06:16:24.365][pool-1-thread-1/INFO]向服务器发送消息：HEARTBEAT
[2023-05-27 06:16:27.087][AWT-EventQueue-0/INFO]向服务器发送消息：REGISTER|qwer|123456|郑州大学|DEFAULT
[2023-05-27 06:16:27.366][pool-1-thread-1/WARN]服务器连接已断开，正在重连...
[2023-05-27 06:16:27.366][pool-1-thread-1/INFO]服务器已连接
[2023-05-27 06:16:27.366][pool-1-thread-1/INFO]向服务器发送消息：HEARTBEAT
[2023-05-27 06:16:30.362][pool-1-thread-1/INFO]向服务器发送消息：HEARTBEAT
[2023-05-27 06:16:33.359][pool-1-thread-1/INFO]向服务器发送消息：HEARTBEAT
[2023-05-27 06:16:36.360][pool-1-thread-1/INFO]向服务器发送消息：HEARTBEAT
[2023-05-27 06:16:39.369][pool-1-thread-1/INFO]向服务器发送消息：HEARTBEAT
[2023-05-27 06:16:42.360][pool-1-thread-1/INFO]向服务器发送消息：HEARTBEAT
[2023-05-27 06:16:45.371][pool-1-thread-1/INFO]向服务器发送消息：HEARTBEAT
[2023-05-27 06:16:48.362][pool-1-thread-1/INFO]向服务器发送消息：HEARTBEAT
[2023-05-27 06:16:51.365][pool-1-thread-1/INFO]向服务器发送消息：HEARTBEAT
[2023-05-27 06:16:54.359][pool-1-thread-1/INFO]向服务器发送消息：HEARTBEAT
[2023-05-27 06:16:57.372][pool-1-thread-1/INFO]向服务器发送消息：HEARTBEAT
[2023-05-27 06:17:00.369][pool-1-thread-1/INFO]向服务器发送消息：HEARTBEAT
[2023-05-27 06:17:03.362][pool-1-thread-1/INFO]向服务器发送消息：HEARTBEAT
[2023-05-27 06:17:06.362][pool-1-thread-1/INFO]向服务器发送消息：HEARTBEAT
[2023-05-27 06:17:09.368][pool-1-thread-1/INFO]向服务器发送消息：HEARTBEAT
[2023-05-27 06:17:12.365][pool-1-thread-1/INFO]向服务器发送消息：HEARTBEAT
[2023-05-27 06:17:15.361][pool-1-thread-1/INFO]向服务器发送消息：HEARTBEAT
[2023-05-27 06:17:18.365][pool-1-thread-1/INFO]向服务器发送消息：HEARTBEAT
[2023-05-27 06:17:21.371][pool-1-thread-1/INFO]向服务器发送消息：HEARTBEAT
[2023-05-27 06:17:24.370][pool-1-thread-1/INFO]向服务器发送消息：HEARTBEAT
[2023-05-27 06:17:27.358][pool-1-thread-1/INFO]向服务器发送消息：HEARTBEAT
[2023-05-27 06:17:30.364][pool-1-thread-1/INFO]向服务器发送消息：HEARTBEAT
[2023-05-27 06:17:33.369][pool-1-thread-1/INFO]向服务器发送消息：HEARTBEAT
[2023-05-27 06:17:36.361][pool-1-thread-1/INFO]向服务器发送消息：HEARTBEAT
[2023-05-27 06:17:39.371][pool-1-thread-1/INFO]向服务器发送消息：HEARTBEAT
[2023-05-27 06:17:42.360][pool-1-thread-1/INFO]向服务器发送消息：HEARTBEAT
[2023-05-27 06:17:45.371][pool-1-thread-1/INFO]向服务器发送消息：HEARTBEAT
[2023-05-27 06:17:48.369][pool-1-thread-1/INFO]向服务器发送消息：HEARTBEAT
[2023-05-27 06:17:51.373][pool-1-thread-1/INFO]向服务器发送消息：HEARTBEAT
[2023-05-27 06:17:54.363][pool-1-thread-1/INFO]向服务器发送消息：HEARTBEAT
[2023-05-27 06:17:57.365][pool-1-thread-1/INFO]向服务器发送消息：HEARTBEAT
[2023-05-27 06:18:00.077][AWT-EventQueue-0/INFO]向服务器发送消息：REGISTER|qwer|123456|郑州大学|DEFAULT
[2023-05-27 06:18:00.358][pool-1-thread-1/WARN]服务器连接已断开，正在重连...
[2023-05-27 06:18:00.359][pool-1-thread-1/INFO]服务器已连接
[2023-05-27 06:18:00.359][pool-1-thread-1/INFO]向服务器发送消息：HEARTBEAT
