[2023-05-31 03:29:24.591][main/INFO]UniWood-DESKTOP-CLIENT-1.0.0
[2023-05-31 03:29:24.592][main/DEBUG]DEBUG MODE ON!!
[2023-05-31 03:29:24.595][main/INFO]未指定连接超时时间，使用默认值1000
[2023-05-31 03:29:24.596][main/INFO]未指定连接重试次数，使用默认值3
[2023-05-31 03:29:24.602][main/INFO]服务器已连接
[2023-05-31 03:29:24.604][main/INFO]Hello, UniWood!
[2023-05-31 03:29:25.233][main/INFO]窗口初始化完成
[2023-05-31 03:29:25.598][pool-1-thread-1/INFO]向服务器发送消息：HEARTBEAT
[2023-05-31 03:29:28.610][pool-1-thread-1/INFO]向服务器发送消息：HEARTBEAT
[2023-05-31 03:29:31.599][pool-1-thread-1/INFO]向服务器发送消息：HEARTBEAT
[2023-05-31 03:29:34.595][pool-1-thread-1/INFO]向服务器发送消息：HEARTBEAT
[2023-05-31 03:29:37.610][pool-1-thread-1/INFO]向服务器发送消息：HEARTBEAT
[2023-05-31 03:29:40.607][pool-1-thread-1/INFO]向服务器发送消息：HEARTBEAT
[2023-05-31 03:29:43.610][pool-1-thread-1/INFO]向服务器发送消息：HEARTBEAT
[2023-05-31 03:29:46.600][pool-1-thread-1/INFO]向服务器发送消息：HEARTBEAT
[2023-05-31 03:29:49.599][pool-1-thread-1/INFO]向服务器发送消息：HEARTBEAT
[2023-05-31 03:29:52.608][pool-1-thread-1/INFO]向服务器发送消息：HEARTBEAT
[2023-05-31 03:29:55.606][pool-1-thread-1/INFO]向服务器发送消息：HEARTBEAT
[2023-05-31 03:29:58.599][pool-1-thread-1/INFO]向服务器发送消息：HEARTBEAT
[2023-05-31 03:30:01.604][pool-1-thread-1/INFO]向服务器发送消息：HEARTBEAT
[2023-05-31 03:30:04.604][pool-1-thread-1/INFO]向服务器发送消息：HEARTBEAT
[2023-05-31 03:30:07.602][pool-1-thread-1/INFO]向服务器发送消息：HEARTBEAT
[2023-05-31 03:30:10.597][pool-1-thread-1/INFO]向服务器发送消息：HEARTBEAT
[2023-05-31 03:30:13.607][pool-1-thread-1/INFO]向服务器发送消息：HEARTBEAT
[2023-05-31 03:30:16.597][pool-1-thread-1/INFO]向服务器发送消息：HEARTBEAT
[2023-05-31 03:30:19.604][pool-1-thread-1/INFO]向服务器发送消息：HEARTBEAT
[2023-05-31 03:30:22.596][pool-1-thread-1/INFO]向服务器发送消息：HEARTBEAT
[2023-05-31 03:30:25.608][pool-1-thread-1/INFO]向服务器发送消息：HEARTBEAT
[2023-05-31 03:30:28.607][pool-1-thread-1/INFO]向服务器发送消息：HEARTBEAT
[2023-05-31 03:30:31.601][pool-1-thread-1/INFO]向服务器发送消息：HEARTBEAT
[2023-05-31 03:30:34.604][pool-1-thread-1/INFO]向服务器发送消息：HEARTBEAT
[2023-05-31 03:30:37.598][pool-1-thread-1/INFO]向服务器发送消息：HEARTBEAT
[2023-05-31 03:30:40.606][pool-1-thread-1/INFO]向服务器发送消息：HEARTBEAT
[2023-05-31 03:30:43.603][pool-1-thread-1/INFO]向服务器发送消息：HEARTBEAT
[2023-05-31 03:30:46.604][pool-1-thread-1/INFO]向服务器发送消息：HEARTBEAT
[2023-05-31 03:30:49.610][pool-1-thread-1/INFO]向服务器发送消息：HEARTBEAT
[2023-05-31 03:30:52.605][pool-1-thread-1/INFO]向服务器发送消息：HEARTBEAT
[2023-05-31 03:30:55.607][pool-1-thread-1/INFO]向服务器发送消息：HEARTBEAT
[2023-05-31 03:30:58.597][pool-1-thread-1/INFO]向服务器发送消息：HEARTBEAT
[2023-05-31 03:31:01.603][pool-1-thread-1/INFO]向服务器发送消息：HEARTBEAT
[2023-05-31 03:31:04.601][pool-1-thread-1/INFO]向服务器发送消息：HEARTBEAT
[2023-05-31 03:31:07.605][pool-1-thread-1/INFO]向服务器发送消息：HEARTBEAT
[2023-05-31 03:31:10.608][pool-1-thread-1/INFO]向服务器发送消息：HEARTBEAT
[2023-05-31 03:31:13.605][pool-1-thread-1/INFO]向服务器发送消息：HEARTBEAT
[2023-05-31 03:31:16.603][pool-1-thread-1/INFO]向服务器发送消息：HEARTBEAT
[2023-05-31 03:31:19.605][pool-1-thread-1/INFO]向服务器发送消息：HEARTBEAT
[2023-05-31 03:31:22.608][pool-1-thread-1/INFO]向服务器发送消息：HEARTBEAT
[2023-05-31 03:31:25.598][pool-1-thread-1/INFO]向服务器发送消息：HEARTBEAT
[2023-05-31 03:31:28.608][pool-1-thread-1/INFO]向服务器发送消息：HEARTBEAT
[2023-05-31 03:31:31.598][pool-1-thread-1/INFO]向服务器发送消息：HEARTBEAT
[2023-05-31 03:31:34.604][pool-1-thread-1/INFO]向服务器发送消息：HEARTBEAT
[2023-05-31 03:31:37.607][pool-1-thread-1/INFO]向服务器发送消息：HEARTBEAT
[2023-05-31 03:31:40.607][pool-1-thread-1/INFO]向服务器发送消息：HEARTBEAT
[2023-05-31 03:31:43.606][pool-1-thread-1/INFO]向服务器发送消息：HEARTBEAT
[2023-05-31 03:31:46.597][pool-1-thread-1/INFO]向服务器发送消息：HEARTBEAT
[2023-05-31 03:31:49.606][pool-1-thread-1/INFO]向服务器发送消息：HEARTBEAT
[2023-05-31 03:31:52.610][pool-1-thread-1/INFO]向服务器发送消息：HEARTBEAT
[2023-05-31 03:31:55.606][pool-1-thread-1/INFO]向服务器发送消息：HEARTBEAT
[2023-05-31 03:31:58.601][pool-1-thread-1/INFO]向服务器发送消息：HEARTBEAT
[2023-05-31 03:32:01.599][pool-1-thread-1/INFO]向服务器发送消息：HEARTBEAT
[2023-05-31 03:32:04.600][pool-1-thread-1/INFO]向服务器发送消息：HEARTBEAT
[2023-05-31 03:32:07.605][pool-1-thread-1/INFO]向服务器发送消息：HEARTBEAT
[2023-05-31 03:32:10.607][pool-1-thread-1/INFO]向服务器发送消息：HEARTBEAT
[2023-05-31 03:32:13.609][pool-1-thread-1/INFO]向服务器发送消息：HEARTBEAT
[2023-05-31 03:32:16.609][pool-1-thread-1/INFO]向服务器发送消息：HEARTBEAT
[2023-05-31 03:32:19.599][pool-1-thread-1/INFO]向服务器发送消息：HEARTBEAT
[2023-05-31 03:32:22.596][pool-1-thread-1/INFO]向服务器发送消息：HEARTBEAT
[2023-05-31 03:32:25.608][pool-1-thread-1/INFO]向服务器发送消息：HEARTBEAT
[2023-05-31 03:32:28.605][pool-1-thread-1/INFO]向服务器发送消息：HEARTBEAT
[2023-05-31 03:32:31.596][pool-1-thread-1/INFO]向服务器发送消息：HEARTBEAT
[2023-05-31 03:32:34.610][pool-1-thread-1/INFO]向服务器发送消息：HEARTBEAT
[2023-05-31 03:32:37.603][pool-1-thread-1/INFO]向服务器发送消息：HEARTBEAT
[2023-05-31 03:32:40.595][pool-1-thread-1/INFO]向服务器发送消息：HEARTBEAT
[2023-05-31 03:32:43.601][pool-1-thread-1/INFO]向服务器发送消息：HEARTBEAT
[2023-05-31 03:32:46.607][pool-1-thread-1/INFO]向服务器发送消息：HEARTBEAT
[2023-05-31 03:32:49.601][pool-1-thread-1/INFO]向服务器发送消息：HEARTBEAT
[2023-05-31 03:32:52.602][pool-1-thread-1/INFO]向服务器发送消息：HEARTBEAT
[2023-05-31 03:32:55.596][pool-1-thread-1/INFO]向服务器发送消息：HEARTBEAT
[2023-05-31 03:32:58.603][pool-1-thread-1/INFO]向服务器发送消息：HEARTBEAT
[2023-05-31 03:33:01.609][pool-1-thread-1/INFO]向服务器发送消息：HEARTBEAT
[2023-05-31 03:33:04.607][pool-1-thread-1/INFO]向服务器发送消息：HEARTBEAT
[2023-05-31 03:33:07.605][pool-1-thread-1/INFO]向服务器发送消息：HEARTBEAT
[2023-05-31 03:33:10.595][pool-1-thread-1/INFO]向服务器发送消息：HEARTBEAT
[2023-05-31 03:33:13.608][pool-1-thread-1/INFO]向服务器发送消息：HEARTBEAT
[2023-05-31 03:33:16.602][pool-1-thread-1/INFO]向服务器发送消息：HEARTBEAT
[2023-05-31 03:33:19.597][pool-1-thread-1/INFO]向服务器发送消息：HEARTBEAT
[2023-05-31 03:33:22.609][pool-1-thread-1/INFO]向服务器发送消息：HEARTBEAT
[2023-05-31 03:33:25.599][pool-1-thread-1/INFO]向服务器发送消息：HEARTBEAT
[2023-05-31 03:33:28.598][pool-1-thread-1/INFO]向服务器发送消息：HEARTBEAT
[2023-05-31 03:33:31.597][pool-1-thread-1/INFO]向服务器发送消息：HEARTBEAT
[2023-05-31 03:33:34.606][pool-1-thread-1/INFO]向服务器发送消息：HEARTBEAT
[2023-05-31 03:33:37.607][pool-1-thread-1/INFO]向服务器发送消息：HEARTBEAT
[2023-05-31 03:33:40.596][pool-1-thread-1/INFO]向服务器发送消息：HEARTBEAT
[2023-05-31 03:33:43.598][pool-1-thread-1/INFO]向服务器发送消息：HEARTBEAT
[2023-05-31 03:33:46.610][pool-1-thread-1/INFO]向服务器发送消息：HEARTBEAT
[2023-05-31 03:33:49.602][pool-1-thread-1/INFO]向服务器发送消息：HEARTBEAT
[2023-05-31 03:33:52.608][pool-1-thread-1/INFO]向服务器发送消息：HEARTBEAT
[2023-05-31 03:33:55.604][pool-1-thread-1/INFO]向服务器发送消息：HEARTBEAT
[2023-05-31 03:33:58.598][pool-1-thread-1/INFO]向服务器发送消息：HEARTBEAT
[2023-05-31 03:34:01.596][pool-1-thread-1/INFO]向服务器发送消息：HEARTBEAT
[2023-05-31 03:34:04.608][pool-1-thread-1/INFO]向服务器发送消息：HEARTBEAT
[2023-05-31 03:34:07.595][pool-1-thread-1/INFO]向服务器发送消息：HEARTBEAT
[2023-05-31 03:34:10.605][pool-1-thread-1/INFO]向服务器发送消息：HEARTBEAT
[2023-05-31 03:34:13.604][pool-1-thread-1/INFO]向服务器发送消息：HEARTBEAT
[2023-05-31 03:34:16.604][pool-1-thread-1/INFO]向服务器发送消息：HEARTBEAT
[2023-05-31 03:34:19.609][pool-1-thread-1/INFO]向服务器发送消息：HEARTBEAT
[2023-05-31 03:34:22.595][pool-1-thread-1/INFO]向服务器发送消息：HEARTBEAT
[2023-05-31 03:34:25.600][pool-1-thread-1/INFO]向服务器发送消息：HEARTBEAT
[2023-05-31 03:34:28.595][pool-1-thread-1/INFO]向服务器发送消息：HEARTBEAT
[2023-05-31 03:34:31.599][pool-1-thread-1/INFO]向服务器发送消息：HEARTBEAT
[2023-05-31 03:34:34.595][pool-1-thread-1/INFO]向服务器发送消息：HEARTBEAT
[2023-05-31 03:34:37.609][pool-1-thread-1/INFO]向服务器发送消息：HEARTBEAT
[2023-05-31 03:34:40.604][pool-1-thread-1/INFO]向服务器发送消息：HEARTBEAT
[2023-05-31 03:34:43.599][pool-1-thread-1/INFO]向服务器发送消息：HEARTBEAT
[2023-05-31 03:34:46.609][pool-1-thread-1/INFO]向服务器发送消息：HEARTBEAT
[2023-05-31 03:34:49.602][pool-1-thread-1/INFO]向服务器发送消息：HEARTBEAT
[2023-05-31 03:34:52.603][Thread-1/INFO]向服务器发送消息：UNIV_LIST
[2023-05-31 03:34:52.607][pool-1-thread-1/INFO]向服务器发送消息：HEARTBEAT
[2023-05-31 03:34:52.626][Thread-0/INFO]收到服务器消息：UNIV_LIST|河南大学|清华大学|北京大学|郑州大学
[2023-05-31 03:34:55.609][pool-1-thread-1/INFO]向服务器发送消息：HEARTBEAT
[2023-05-31 03:34:58.603][pool-1-thread-1/INFO]向服务器发送消息：HEARTBEAT
[2023-05-31 03:35:01.596][pool-1-thread-1/INFO]向服务器发送消息：HEARTBEAT
[2023-05-31 03:35:04.600][pool-1-thread-1/INFO]向服务器发送消息：HEARTBEAT
[2023-05-31 03:35:07.603][pool-1-thread-1/INFO]向服务器发送消息：HEARTBEAT
[2023-05-31 03:35:10.602][pool-1-thread-1/INFO]向服务器发送消息：HEARTBEAT
[2023-05-31 03:35:13.600][pool-1-thread-1/INFO]向服务器发送消息：HEARTBEAT
[2023-05-31 03:35:16.603][pool-1-thread-1/INFO]向服务器发送消息：HEARTBEAT
[2023-05-31 03:35:19.609][pool-1-thread-1/INFO]向服务器发送消息：HEARTBEAT
[2023-05-31 03:35:22.605][pool-1-thread-1/INFO]向服务器发送消息：HEARTBEAT
[2023-05-31 03:35:25.600][pool-1-thread-1/INFO]向服务器发送消息：HEARTBEAT
[2023-05-31 03:35:28.600][pool-1-thread-1/INFO]向服务器发送消息：HEARTBEAT
[2023-05-31 03:35:31.600][pool-1-thread-1/INFO]向服务器发送消息：HEARTBEAT
[2023-05-31 03:35:34.608][pool-1-thread-1/INFO]向服务器发送消息：HEARTBEAT
[2023-05-31 03:35:37.608][pool-1-thread-1/INFO]向服务器发送消息：HEARTBEAT
[2023-05-31 03:35:40.598][pool-1-thread-1/INFO]向服务器发送消息：HEARTBEAT
[2023-05-31 03:35:43.599][pool-1-thread-1/INFO]向服务器发送消息：HEARTBEAT
[2023-05-31 03:35:46.605][pool-1-thread-1/INFO]向服务器发送消息：HEARTBEAT
[2023-05-31 03:35:49.597][pool-1-thread-1/INFO]向服务器发送消息：HEARTBEAT
[2023-05-31 03:35:52.607][pool-1-thread-1/INFO]向服务器发送消息：HEARTBEAT
[2023-05-31 03:35:55.597][pool-1-thread-1/INFO]向服务器发送消息：HEARTBEAT
[2023-05-31 03:35:58.599][pool-1-thread-1/INFO]向服务器发送消息：HEARTBEAT
[2023-05-31 03:36:01.608][pool-1-thread-1/INFO]向服务器发送消息：HEARTBEAT
[2023-05-31 03:36:04.595][pool-1-thread-1/INFO]向服务器发送消息：HEARTBEAT
[2023-05-31 03:36:07.601][pool-1-thread-1/INFO]向服务器发送消息：HEARTBEAT
[2023-05-31 03:36:10.597][pool-1-thread-1/INFO]向服务器发送消息：HEARTBEAT
[2023-05-31 03:36:13.602][pool-1-thread-1/INFO]向服务器发送消息：HEARTBEAT
[2023-05-31 03:36:16.604][pool-1-thread-1/INFO]向服务器发送消息：HEARTBEAT
[2023-05-31 03:36:19.597][pool-1-thread-1/INFO]向服务器发送消息：HEARTBEAT
[2023-05-31 03:36:22.597][pool-1-thread-1/INFO]向服务器发送消息：HEARTBEAT
[2023-05-31 03:36:25.608][pool-1-thread-1/INFO]向服务器发送消息：HEARTBEAT
[2023-05-31 03:36:28.598][pool-1-thread-1/INFO]向服务器发送消息：HEARTBEAT
[2023-05-31 03:36:31.608][pool-1-thread-1/INFO]向服务器发送消息：HEARTBEAT
[2023-05-31 03:36:34.600][pool-1-thread-1/INFO]向服务器发送消息：HEARTBEAT
[2023-05-31 03:36:37.602][pool-1-thread-1/INFO]向服务器发送消息：HEARTBEAT
[2023-05-31 03:36:40.606][pool-1-thread-1/INFO]向服务器发送消息：HEARTBEAT
[2023-05-31 03:36:43.596][pool-1-thread-1/INFO]向服务器发送消息：HEARTBEAT
