[2023-05-27 06:13:27.532][main/INFO]UniWood-DESKTOP-CLIENT-1.0.0
[2023-05-27 06:13:27.532][main/DEBUG]DEBUG MODE ON!!
[2023-05-27 06:13:27.536][main/INFO]未指定连接超时时间，使用默认值1000
[2023-05-27 06:13:27.536][main/INFO]未指定连接重试次数，使用默认值3
[2023-05-27 06:13:27.540][main/INFO]服务器已连接
[2023-05-27 06:13:27.544][main/INFO]Hello, UniWood!
[2023-05-27 06:13:28.014][main/INFO]窗口初始化完成
[2023-05-27 06:13:28.549][pool-1-thread-1/INFO]向服务器发送消息：HEARTBEAT
[2023-05-27 06:13:30.668][Thread-1/INFO]向服务器发送消息：UNIV_LIST
[2023-05-27 06:13:30.680][Thread-0/INFO]收到服务器消息：UNIV_LIST|河南大学|清华大学|北京大学|郑州大学
[2023-05-27 06:13:31.540][pool-1-thread-1/INFO]向服务器发送消息：HEARTBEAT
[2023-05-27 06:13:34.543][pool-1-thread-1/INFO]向服务器发送消息：HEARTBEAT
[2023-05-27 06:13:37.547][pool-1-thread-1/INFO]向服务器发送消息：HEARTBEAT
[2023-05-27 06:13:40.541][pool-1-thread-1/INFO]向服务器发送消息：HEARTBEAT
[2023-05-27 06:13:43.542][pool-1-thread-1/INFO]向服务器发送消息：HEARTBEAT
[2023-05-27 06:13:44.384][AWT-EventQueue-0/INFO]向服务器发送消息：REGISTER|qwe|123123|清华大学|DEFAULT
[2023-05-27 06:13:44.420][Thread-0/INFO]收到服务器消息：REGISTER_SUCCESS|1004|qwe|清华大学|DEFAULT
[2023-05-27 06:13:46.546][pool-1-thread-1/WARN]服务器连接已断开，正在重连...
[2023-05-27 06:13:46.546][pool-1-thread-1/INFO]服务器已连接
[2023-05-27 06:13:46.546][pool-1-thread-1/INFO]向服务器发送消息：HEARTBEAT
[2023-05-27 06:13:49.539][pool-1-thread-1/INFO]向服务器发送消息：HEARTBEAT
[2023-05-27 06:13:52.542][pool-1-thread-1/INFO]向服务器发送消息：HEARTBEAT
[2023-05-27 06:13:55.552][pool-1-thread-1/INFO]向服务器发送消息：HEARTBEAT
[2023-05-27 06:13:58.538][pool-1-thread-1/INFO]向服务器发送消息：HEARTBEAT
[2023-05-27 06:14:01.543][pool-1-thread-1/INFO]向服务器发送消息：HEARTBEAT
[2023-05-27 06:14:04.548][pool-1-thread-1/INFO]向服务器发送消息：HEARTBEAT
[2023-05-27 06:14:07.548][pool-1-thread-1/INFO]向服务器发送消息：HEARTBEAT
[2023-05-27 06:14:10.536][pool-1-thread-1/INFO]向服务器发送消息：HEARTBEAT
[2023-05-27 06:14:13.538][pool-1-thread-1/INFO]向服务器发送消息：HEARTBEAT
[2023-05-27 06:14:16.539][pool-1-thread-1/INFO]向服务器发送消息：HEARTBEAT
[2023-05-27 06:14:19.546][pool-1-thread-1/INFO]向服务器发送消息：HEARTBEAT
[2023-05-27 06:14:22.548][pool-1-thread-1/INFO]向服务器发送消息：HEARTBEAT
[2023-05-27 06:14:25.546][pool-1-thread-1/INFO]向服务器发送消息：HEARTBEAT
[2023-05-27 06:14:28.551][pool-1-thread-1/INFO]向服务器发送消息：HEARTBEAT
[2023-05-27 06:14:31.536][pool-1-thread-1/INFO]向服务器发送消息：HEARTBEAT
[2023-05-27 06:14:34.544][pool-1-thread-1/INFO]向服务器发送消息：HEARTBEAT
[2023-05-27 06:14:37.547][pool-1-thread-1/INFO]向服务器发送消息：HEARTBEAT
[2023-05-27 06:14:40.544][pool-1-thread-1/INFO]向服务器发送消息：HEARTBEAT
[2023-05-27 06:14:43.536][pool-1-thread-1/INFO]向服务器发送消息：HEARTBEAT
[2023-05-27 06:14:46.549][pool-1-thread-1/INFO]向服务器发送消息：HEARTBEAT
[2023-05-27 06:14:49.547][pool-1-thread-1/INFO]向服务器发送消息：HEARTBEAT
[2023-05-27 06:14:52.542][pool-1-thread-1/INFO]向服务器发送消息：HEARTBEAT
[2023-05-27 06:14:55.546][pool-1-thread-1/INFO]向服务器发送消息：HEARTBEAT
[2023-05-27 06:14:58.538][pool-1-thread-1/INFO]向服务器发送消息：HEARTBEAT
[2023-05-27 06:15:01.546][pool-1-thread-1/WARN]服务器连接已断开，正在重连...
[2023-05-27 06:15:01.546][pool-1-thread-1/INFO]服务器已连接
[2023-05-27 06:15:01.546][pool-1-thread-1/INFO]向服务器发送消息：HEARTBEAT
