[2023-05-27 06:10:53.978][main/INFO]UniWood-DESKTOP-CLIENT-1.0.0
[2023-05-27 06:10:53.978][main/DEBUG]DEBUG MODE ON!!
[2023-05-27 06:10:53.982][main/INFO]未指定连接超时时间，使用默认值1000
[2023-05-27 06:10:53.982][main/INFO]未指定连接重试次数，使用默认值3
[2023-05-27 06:10:53.990][main/INFO]服务器已连接
[2023-05-27 06:10:53.990][main/INFO]Hello, UniWood!
[2023-05-27 06:10:54.463][main/INFO]窗口初始化完成
[2023-05-27 06:10:54.996][pool-1-thread-1/INFO]向服务器发送消息：HEARTBEAT
[2023-05-27 06:10:58.001][pool-1-thread-1/INFO]向服务器发送消息：HEARTBEAT
[2023-05-27 06:10:58.914][Thread-1/INFO]向服务器发送消息：UNIV_LIST
[2023-05-27 06:10:58.926][Thread-0/INFO]收到服务器消息：UNIV_LIST|河南大学|清华大学|北京大学|郑州大学
[2023-05-27 06:11:00.990][pool-1-thread-1/INFO]向服务器发送消息：HEARTBEAT
[2023-05-27 06:11:03.986][pool-1-thread-1/INFO]向服务器发送消息：HEARTBEAT
[2023-05-27 06:11:06.991][pool-1-thread-1/INFO]向服务器发送消息：HEARTBEAT
[2023-05-27 06:11:09.994][pool-1-thread-1/INFO]向服务器发送消息：HEARTBEAT
[2023-05-27 06:11:10.261][AWT-EventQueue-0/INFO]向服务器发送消息：REGISTER|test123|123321|北京大学|DEFAULT
[2023-05-27 06:11:10.298][Thread-0/INFO]收到服务器消息：REGISTER_SUCCESS
[2023-05-27 06:11:13.000][pool-1-thread-1/WARN]服务器连接已断开，正在重连...
[2023-05-27 06:11:13.000][pool-1-thread-1/INFO]服务器已连接
[2023-05-27 06:11:13.000][pool-1-thread-1/INFO]向服务器发送消息：HEARTBEAT
[2023-05-27 06:11:15.990][pool-1-thread-1/INFO]向服务器发送消息：HEARTBEAT
[2023-05-27 06:11:18.998][pool-1-thread-1/INFO]向服务器发送消息：HEARTBEAT
[2023-05-27 06:11:21.990][pool-1-thread-1/INFO]向服务器发送消息：HEARTBEAT
[2023-05-27 06:11:24.996][pool-1-thread-1/INFO]向服务器发送消息：HEARTBEAT
[2023-05-27 06:11:27.992][pool-1-thread-1/WARN]服务器连接已断开，正在重连...
[2023-05-27 06:11:27.992][pool-1-thread-1/INFO]服务器已连接
[2023-05-27 06:11:27.992][pool-1-thread-1/INFO]向服务器发送消息：HEARTBEAT
[2023-05-27 06:11:30.994][pool-1-thread-1/INFO]向服务器发送消息：HEARTBEAT
[2023-05-27 06:11:33.998][pool-1-thread-1/INFO]向服务器发送消息：HEARTBEAT
[2023-05-27 06:11:36.992][pool-1-thread-1/INFO]向服务器发送消息：HEARTBEAT
[2023-05-27 06:11:39.993][pool-1-thread-1/INFO]向服务器发送消息：HEARTBEAT
[2023-05-27 06:11:42.989][pool-1-thread-1/WARN]服务器连接已断开，正在重连...
[2023-05-27 06:11:42.989][pool-1-thread-1/INFO]服务器已连接
[2023-05-27 06:11:42.989][pool-1-thread-1/INFO]向服务器发送消息：HEARTBEAT
[2023-05-27 06:11:45.989][pool-1-thread-1/INFO]向服务器发送消息：HEARTBEAT
[2023-05-27 06:11:48.988][pool-1-thread-1/INFO]向服务器发送消息：HEARTBEAT
[2023-05-27 06:11:51.995][pool-1-thread-1/INFO]向服务器发送消息：HEARTBEAT
[2023-05-27 06:11:54.992][pool-1-thread-1/INFO]向服务器发送消息：HEARTBEAT
[2023-05-27 06:11:57.995][pool-1-thread-1/INFO]向服务器发送消息：HEARTBEAT
[2023-05-27 06:12:00.993][pool-1-thread-1/INFO]向服务器发送消息：HEARTBEAT
[2023-05-27 06:12:03.999][pool-1-thread-1/INFO]向服务器发送消息：HEARTBEAT
[2023-05-27 06:12:06.985][pool-1-thread-1/INFO]向服务器发送消息：HEARTBEAT
[2023-05-27 06:12:09.994][pool-1-thread-1/INFO]向服务器发送消息：HEARTBEAT
[2023-05-27 06:12:12.989][pool-1-thread-1/INFO]向服务器发送消息：HEARTBEAT
[2023-05-27 06:12:15.994][pool-1-thread-1/WARN]服务器连接已断开，正在重连...
[2023-05-27 06:12:15.994][pool-1-thread-1/INFO]服务器已连接
[2023-05-27 06:12:15.994][pool-1-thread-1/INFO]向服务器发送消息：HEARTBEAT
