[2023-05-29 14:34:30.660][main/INFO]UniWood-DESKTOP-CLIENT-1.0.0
[2023-05-29 14:34:30.661][main/DEBUG]DEBUG MODE ON!!
[2023-05-29 14:34:30.664][main/INFO]未指定连接超时时间，使用默认值1000
[2023-05-29 14:34:30.665][main/INFO]未指定连接重试次数，使用默认值3
[2023-05-29 14:34:30.671][main/INFO]服务器已连接
[2023-05-29 14:34:30.673][main/INFO]Hello, UniWood!
[2023-05-29 14:34:31.206][main/INFO]窗口初始化完成
[2023-05-29 14:34:31.678][pool-1-thread-1/INFO]向服务器发送消息：HEARTBEAT
[2023-05-29 14:34:34.666][pool-1-thread-1/INFO]向服务器发送消息：HEARTBEAT
[2023-05-29 14:34:37.678][pool-1-thread-1/INFO]向服务器发送消息：HEARTBEAT
[2023-05-29 14:34:40.675][pool-1-thread-1/INFO]向服务器发送消息：HEARTBEAT
[2023-05-29 14:34:43.677][pool-1-thread-1/INFO]向服务器发送消息：HEARTBEAT
[2023-05-29 14:34:46.678][pool-1-thread-1/INFO]向服务器发送消息：HEARTBEAT
[2023-05-29 14:34:49.666][pool-1-thread-1/INFO]向服务器发送消息：HEARTBEAT
[2023-05-29 14:34:52.667][pool-1-thread-1/INFO]向服务器发送消息：HEARTBEAT
[2023-05-29 14:34:55.670][pool-1-thread-1/INFO]向服务器发送消息：HEARTBEAT
[2023-05-29 14:34:58.670][pool-1-thread-1/INFO]向服务器发送消息：HEARTBEAT
[2023-05-29 14:35:01.670][pool-1-thread-1/INFO]向服务器发送消息：HEARTBEAT
[2023-05-29 14:35:02.787][Thread-1/INFO]向服务器发送消息：UNIV_LIST
[2023-05-29 14:35:02.792][Thread-0/INFO]收到服务器消息：UNIV_LIST|河南大学|清华大学|北京大学|郑州大学
[2023-05-29 14:35:04.673][pool-1-thread-1/INFO]向服务器发送消息：HEARTBEAT
[2023-05-29 14:35:07.678][pool-1-thread-1/INFO]向服务器发送消息：HEARTBEAT
