[2023-05-31 21:22:19.137][main/INFO]UniWood-DESKTOP-CLIENT-1.0.0
[2023-05-31 21:22:19.137][main/DEBUG]DEBUG MODE ON!!
[2023-05-31 21:22:19.141][main/INFO]未指定连接超时时间，使用默认值1000
[2023-05-31 21:22:19.141][main/INFO]未指定连接重试次数，使用默认值3
[2023-05-31 21:22:19.147][main/INFO]服务器已连接
[2023-05-31 21:22:19.148][main/INFO]Hello, UniWood!
[2023-05-31 21:22:19.658][main/INFO]窗口初始化完成
[2023-05-31 21:22:20.156][pool-1-thread-1/INFO]向服务器发送消息：HEARTBEAT
[2023-05-31 21:22:23.151][pool-1-thread-1/INFO]向服务器发送消息：HEARTBEAT
[2023-05-31 21:22:26.145][pool-1-thread-1/INFO]向服务器发送消息：HEARTBEAT
[2023-05-31 21:22:29.142][pool-1-thread-1/INFO]向服务器发送消息：HEARTBEAT
[2023-05-31 21:22:32.156][pool-1-thread-1/INFO]向服务器发送消息：HEARTBEAT
[2023-05-31 21:22:35.144][pool-1-thread-1/INFO]向服务器发送消息：HEARTBEAT
[2023-05-31 21:22:38.155][pool-1-thread-1/INFO]向服务器发送消息：HEARTBEAT
[2023-05-31 21:22:41.146][pool-1-thread-1/INFO]向服务器发送消息：HEARTBEAT
[2023-05-31 21:22:44.151][pool-1-thread-1/INFO]向服务器发送消息：HEARTBEAT
[2023-05-31 21:22:47.143][pool-1-thread-1/INFO]向服务器发送消息：HEARTBEAT
[2023-05-31 21:22:50.155][pool-1-thread-1/INFO]向服务器发送消息：HEARTBEAT
[2023-05-31 21:22:53.153][pool-1-thread-1/INFO]向服务器发送消息：HEARTBEAT
[2023-05-31 21:22:56.152][pool-1-thread-1/INFO]向服务器发送消息：HEARTBEAT
