[2023-05-29 15:00:23.617][main/INFO]UniWood-DESKTOP-CLIENT-1.0.0
[2023-05-29 15:00:23.618][main/DEBUG]DEBUG MODE ON!!
[2023-05-29 15:00:23.621][main/INFO]未指定连接超时时间，使用默认值1000
[2023-05-29 15:00:23.622][main/INFO]未指定连接重试次数，使用默认值3
[2023-05-29 15:00:23.629][main/INFO]服务器已连接
[2023-05-29 15:00:23.630][main/INFO]Hello, UniWood!
[2023-05-29 15:00:24.065][main/INFO]窗口初始化完成
[2023-05-29 15:00:24.629][pool-1-thread-1/INFO]向服务器发送消息：HEARTBEAT
[2023-05-29 15:00:27.624][pool-1-thread-1/INFO]向服务器发送消息：HEARTBEAT
[2023-05-29 15:00:30.625][pool-1-thread-1/INFO]向服务器发送消息：HEARTBEAT
[2023-05-29 15:00:33.627][pool-1-thread-1/INFO]向服务器发送消息：HEARTBEAT
[2023-05-29 15:00:36.634][pool-1-thread-1/INFO]向服务器发送消息：HEARTBEAT
[2023-05-29 15:00:39.632][pool-1-thread-1/INFO]向服务器发送消息：HEARTBEAT
[2023-05-29 15:00:42.635][pool-1-thread-1/INFO]向服务器发送消息：HEARTBEAT
[2023-05-29 15:00:45.628][pool-1-thread-1/INFO]向服务器发送消息：HEARTBEAT
[2023-05-29 15:00:48.620][pool-1-thread-1/INFO]向服务器发送消息：HEARTBEAT
[2023-05-29 15:00:51.628][pool-1-thread-1/INFO]向服务器发送消息：HEARTBEAT
[2023-05-29 15:00:54.625][pool-1-thread-1/INFO]向服务器发送消息：HEARTBEAT
[2023-05-29 15:00:57.623][pool-1-thread-1/INFO]向服务器发送消息：HEARTBEAT
[2023-05-29 15:01:00.623][pool-1-thread-1/INFO]向服务器发送消息：HEARTBEAT
[2023-05-29 15:01:03.629][pool-1-thread-1/INFO]向服务器发送消息：HEARTBEAT
[2023-05-29 15:01:06.624][pool-1-thread-1/INFO]向服务器发送消息：HEARTBEAT
[2023-05-29 15:01:09.624][pool-1-thread-1/INFO]向服务器发送消息：HEARTBEAT
[2023-05-29 15:01:12.625][pool-1-thread-1/INFO]向服务器发送消息：HEARTBEAT
[2023-05-29 15:01:15.630][pool-1-thread-1/INFO]向服务器发送消息：HEARTBEAT
[2023-05-29 15:01:18.633][pool-1-thread-1/INFO]向服务器发送消息：HEARTBEAT
[2023-05-29 15:01:21.624][pool-1-thread-1/INFO]向服务器发送消息：HEARTBEAT
[2023-05-29 15:01:24.632][pool-1-thread-1/INFO]向服务器发送消息：HEARTBEAT
[2023-05-29 15:01:27.625][pool-1-thread-1/INFO]向服务器发送消息：HEARTBEAT
[2023-05-29 15:01:30.625][pool-1-thread-1/INFO]向服务器发送消息：HEARTBEAT
[2023-05-29 15:01:33.635][pool-1-thread-1/INFO]向服务器发送消息：HEARTBEAT
[2023-05-29 15:01:36.634][pool-1-thread-1/INFO]向服务器发送消息：HEARTBEAT
[2023-05-29 15:01:39.630][pool-1-thread-1/INFO]向服务器发送消息：HEARTBEAT
[2023-05-29 15:01:42.622][pool-1-thread-1/INFO]向服务器发送消息：HEARTBEAT
[2023-05-29 15:01:45.624][pool-1-thread-1/INFO]向服务器发送消息：HEARTBEAT
[2023-05-29 15:01:48.625][pool-1-thread-1/INFO]向服务器发送消息：HEARTBEAT
[2023-05-29 15:01:51.625][pool-1-thread-1/INFO]向服务器发送消息：HEARTBEAT
[2023-05-29 15:01:54.632][pool-1-thread-1/INFO]向服务器发送消息：HEARTBEAT
[2023-05-29 15:01:57.621][pool-1-thread-1/INFO]向服务器发送消息：HEARTBEAT
[2023-05-29 15:02:00.629][pool-1-thread-1/INFO]向服务器发送消息：HEARTBEAT
[2023-05-29 15:02:03.626][pool-1-thread-1/INFO]向服务器发送消息：HEARTBEAT
[2023-05-29 15:02:06.622][pool-1-thread-1/INFO]向服务器发送消息：HEARTBEAT
[2023-05-29 15:02:09.631][pool-1-thread-1/INFO]向服务器发送消息：HEARTBEAT
[2023-05-29 15:02:12.624][pool-1-thread-1/INFO]向服务器发送消息：HEARTBEAT
[2023-05-29 15:02:15.630][pool-1-thread-1/INFO]向服务器发送消息：HEARTBEAT
[2023-05-29 15:02:18.620][pool-1-thread-1/INFO]向服务器发送消息：HEARTBEAT
