[2023-05-29 15:02:58.267][main/INFO]UniWood-DESKTOP-CLIENT-1.0.0
[2023-05-29 15:02:58.267][main/DEBUG]DEBUG MODE ON!!
[2023-05-29 15:02:58.271][main/INFO]未指定连接超时时间，使用默认值1000
[2023-05-29 15:02:58.271][main/INFO]未指定连接重试次数，使用默认值3
[2023-05-29 15:02:58.278][main/INFO]服务器已连接
[2023-05-29 15:02:58.280][main/INFO]Hello, UniWood!
[2023-05-29 15:02:58.852][main/INFO]窗口初始化完成
[2023-05-29 15:02:59.284][pool-1-thread-1/INFO]向服务器发送消息：HEARTBEAT
[2023-05-29 15:03:02.285][pool-1-thread-1/INFO]向服务器发送消息：HEARTBEAT
[2023-05-29 15:03:05.283][pool-1-thread-1/INFO]向服务器发送消息：HEARTBEAT
[2023-05-29 15:03:08.271][pool-1-thread-1/INFO]向服务器发送消息：HEARTBEAT
[2023-05-29 15:03:11.271][pool-1-thread-1/INFO]向服务器发送消息：HEARTBEAT
[2023-05-29 15:03:14.285][pool-1-thread-1/INFO]向服务器发送消息：HEARTBEAT
[2023-05-29 15:03:17.276][pool-1-thread-1/INFO]向服务器发送消息：HEARTBEAT
[2023-05-29 15:03:17.896][Thread-1/INFO]向服务器发送消息：UNIV_LIST
[2023-05-29 15:03:17.901][Thread-0/INFO]收到服务器消息：UNIV_LIST|河南大学|清华大学|北京大学|郑州大学
[2023-05-29 15:03:20.277][pool-1-thread-1/INFO]向服务器发送消息：HEARTBEAT
[2023-05-29 15:03:23.274][pool-1-thread-1/INFO]向服务器发送消息：HEARTBEAT
[2023-05-29 15:03:26.272][pool-1-thread-1/INFO]向服务器发送消息：HEARTBEAT
[2023-05-29 15:03:29.276][pool-1-thread-1/INFO]向服务器发送消息：HEARTBEAT
[2023-05-29 15:03:32.280][pool-1-thread-1/INFO]向服务器发送消息：HEARTBEAT
[2023-05-29 15:03:35.275][pool-1-thread-1/INFO]向服务器发送消息：HEARTBEAT
[2023-05-29 15:03:38.273][pool-1-thread-1/INFO]向服务器发送消息：HEARTBEAT
[2023-05-29 15:03:41.285][pool-1-thread-1/INFO]向服务器发送消息：HEARTBEAT
[2023-05-29 15:03:44.278][pool-1-thread-1/INFO]向服务器发送消息：HEARTBEAT
[2023-05-29 15:03:47.273][pool-1-thread-1/INFO]向服务器发送消息：HEARTBEAT
[2023-05-29 15:03:50.276][pool-1-thread-1/INFO]向服务器发送消息：HEARTBEAT
[2023-05-29 15:03:53.283][pool-1-thread-1/INFO]向服务器发送消息：HEARTBEAT
[2023-05-29 15:03:56.278][pool-1-thread-1/INFO]向服务器发送消息：HEARTBEAT
[2023-05-29 15:03:59.280][pool-1-thread-1/INFO]向服务器发送消息：HEARTBEAT
[2023-05-29 15:04:02.280][pool-1-thread-1/INFO]向服务器发送消息：HEARTBEAT
[2023-05-29 15:04:05.285][pool-1-thread-1/INFO]向服务器发送消息：HEARTBEAT
[2023-05-29 15:04:08.276][pool-1-thread-1/INFO]向服务器发送消息：HEARTBEAT
[2023-05-29 15:04:11.282][pool-1-thread-1/INFO]向服务器发送消息：HEARTBEAT
[2023-05-29 15:04:14.279][pool-1-thread-1/INFO]向服务器发送消息：HEARTBEAT
[2023-05-29 15:04:17.275][pool-1-thread-1/INFO]向服务器发送消息：HEARTBEAT
[2023-05-29 15:04:20.282][pool-1-thread-1/INFO]向服务器发送消息：HEARTBEAT
[2023-05-29 15:04:23.275][pool-1-thread-1/INFO]向服务器发送消息：HEARTBEAT
[2023-05-29 15:04:26.284][pool-1-thread-1/INFO]向服务器发送消息：HEARTBEAT
[2023-05-29 15:04:29.285][pool-1-thread-1/INFO]向服务器发送消息：HEARTBEAT
[2023-05-29 15:04:32.279][pool-1-thread-1/INFO]向服务器发送消息：HEARTBEAT
[2023-05-29 15:04:35.284][pool-1-thread-1/INFO]向服务器发送消息：HEARTBEAT
[2023-05-29 15:04:38.285][pool-1-thread-1/INFO]向服务器发送消息：HEARTBEAT
[2023-05-29 15:04:41.278][pool-1-thread-1/INFO]向服务器发送消息：HEARTBEAT
[2023-05-29 15:04:44.273][pool-1-thread-1/INFO]向服务器发送消息：HEARTBEAT
[2023-05-29 15:04:47.271][pool-1-thread-1/INFO]向服务器发送消息：HEARTBEAT
[2023-05-29 15:04:50.280][pool-1-thread-1/INFO]向服务器发送消息：HEARTBEAT
[2023-05-29 15:04:53.279][pool-1-thread-1/INFO]向服务器发送消息：HEARTBEAT
[2023-05-29 15:04:56.283][pool-1-thread-1/INFO]向服务器发送消息：HEARTBEAT
[2023-05-29 15:04:59.284][pool-1-thread-1/INFO]向服务器发送消息：HEARTBEAT
[2023-05-29 15:05:02.285][pool-1-thread-1/INFO]向服务器发送消息：HEARTBEAT
[2023-05-29 15:05:05.277][pool-1-thread-1/INFO]向服务器发送消息：HEARTBEAT
[2023-05-29 15:05:08.271][pool-1-thread-1/INFO]向服务器发送消息：HEARTBEAT
[2023-05-29 15:05:11.281][pool-1-thread-1/INFO]向服务器发送消息：HEARTBEAT
[2023-05-29 15:05:14.279][pool-1-thread-1/INFO]向服务器发送消息：HEARTBEAT
[2023-05-29 15:05:17.280][pool-1-thread-1/INFO]向服务器发送消息：HEARTBEAT
[2023-05-29 15:05:20.284][pool-1-thread-1/INFO]向服务器发送消息：HEARTBEAT
[2023-05-29 15:05:23.282][pool-1-thread-1/INFO]向服务器发送消息：HEARTBEAT
[2023-05-29 15:05:26.273][pool-1-thread-1/INFO]向服务器发送消息：HEARTBEAT
[2023-05-29 15:05:29.281][pool-1-thread-1/INFO]向服务器发送消息：HEARTBEAT
[2023-05-29 15:05:32.278][pool-1-thread-1/INFO]向服务器发送消息：HEARTBEAT
[2023-05-29 15:05:35.276][pool-1-thread-1/INFO]向服务器发送消息：HEARTBEAT
[2023-05-29 15:05:38.281][pool-1-thread-1/INFO]向服务器发送消息：HEARTBEAT
[2023-05-29 15:05:41.275][pool-1-thread-1/INFO]向服务器发送消息：HEARTBEAT
[2023-05-29 15:05:44.277][pool-1-thread-1/INFO]向服务器发送消息：HEARTBEAT
[2023-05-29 15:05:47.282][pool-1-thread-1/INFO]向服务器发送消息：HEARTBEAT
[2023-05-29 15:05:50.274][pool-1-thread-1/INFO]向服务器发送消息：HEARTBEAT
[2023-05-29 15:05:53.279][pool-1-thread-1/INFO]向服务器发送消息：HEARTBEAT
