[2023-06-03 02:52:28.768][main/INFO]UniWood-DESKTOP-CLIENT-1.0.0
[2023-06-03 02:52:28.769][main/DEBUG]DEBUG MODE ON!!
[2023-06-03 02:52:28.772][main/INFO]未指定连接超时时间，使用默认值1000
[2023-06-03 02:52:28.773][main/INFO]未指定连接重试次数，使用默认值3
[2023-06-03 02:52:28.779][main/INFO]服务器已连接
[2023-06-03 02:52:28.781][main/INFO]Hello, UniWood!
[2023-06-03 02:52:29.286][main/INFO]窗口初始化完成
[2023-06-03 02:52:29.777][pool-1-thread-1/INFO]向服务器发送消息：HEARTBEAT
[2023-06-03 02:52:32.776][pool-1-thread-1/INFO]向服务器发送消息：HEARTBEAT
[2023-06-03 02:52:35.773][pool-1-thread-1/INFO]向服务器发送消息：HEARTBEAT
[2023-06-03 02:52:38.775][pool-1-thread-1/INFO]向服务器发送消息：HEARTBEAT
[2023-06-03 02:52:41.778][pool-1-thread-1/INFO]向服务器发送消息：HEARTBEAT
[2023-06-03 02:52:44.776][pool-1-thread-1/INFO]向服务器发送消息：HEARTBEAT
[2023-06-03 02:52:47.775][pool-1-thread-1/INFO]向服务器发送消息：HEARTBEAT
[2023-06-03 02:52:49.851][AWT-EventQueue-0/INFO]向服务器发送消息：LOGIN|test_user_1|test_user_111
[2023-06-03 02:52:49.862][Thread-0/INFO]收到服务器消息：LOGIN_SUCCESS|1|test_user_1|123321|清华大学
[2023-06-03 02:52:49.863][Thread-1/INFO]用户test_user_1登录成功！
[2023-06-03 02:52:50.778][pool-1-thread-1/INFO]向服务器发送消息：HEARTBEAT
[2023-06-03 02:52:53.779][pool-1-thread-1/INFO]向服务器发送消息：HEARTBEAT
[2023-06-03 02:52:56.778][pool-1-thread-1/INFO]向服务器发送消息：HEARTBEAT
[2023-06-03 02:52:59.779][pool-1-thread-1/INFO]向服务器发送消息：HEARTBEAT
