[2023-05-29 13:31:46.324][main/INFO]UniWood-DESKTOP-CLIENT-1.0.0
[2023-05-29 13:31:46.325][main/DEBUG]DEBUG MODE ON!!
[2023-05-29 13:31:46.329][main/INFO]未指定连接超时时间，使用默认值1000
[2023-05-29 13:31:46.330][main/INFO]未指定连接重试次数，使用默认值3
[2023-05-29 13:31:46.336][main/INFO]服务器已连接
[2023-05-29 13:31:46.339][main/INFO]Hello, UniWood!
[2023-05-29 13:31:46.934][main/INFO]窗口初始化完成
[2023-05-29 13:31:47.346][pool-1-thread-1/INFO]向服务器发送消息：HEARTBEAT
[2023-05-29 13:31:50.339][pool-1-thread-1/INFO]向服务器发送消息：HEARTBEAT
[2023-05-29 13:31:53.342][pool-1-thread-1/INFO]向服务器发送消息：HEARTBEAT
[2023-05-29 13:31:56.331][pool-1-thread-1/INFO]向服务器发送消息：HEARTBEAT
[2023-05-29 13:31:59.341][pool-1-thread-1/INFO]向服务器发送消息：HEARTBEAT
[2023-05-29 13:32:02.341][pool-1-thread-1/INFO]向服务器发送消息：HEARTBEAT
[2023-05-29 13:32:05.333][pool-1-thread-1/INFO]向服务器发送消息：HEARTBEAT
[2023-05-29 13:32:08.332][pool-1-thread-1/INFO]向服务器发送消息：HEARTBEAT
[2023-05-29 13:32:11.342][pool-1-thread-1/INFO]向服务器发送消息：HEARTBEAT
[2023-05-29 13:32:14.332][pool-1-thread-1/INFO]向服务器发送消息：HEARTBEAT
[2023-05-29 13:32:17.340][pool-1-thread-1/INFO]向服务器发送消息：HEARTBEAT
[2023-05-29 13:32:20.336][pool-1-thread-1/INFO]向服务器发送消息：HEARTBEAT
[2023-05-29 13:32:23.332][pool-1-thread-1/INFO]向服务器发送消息：HEARTBEAT
[2023-05-29 13:32:26.344][pool-1-thread-1/INFO]向服务器发送消息：HEARTBEAT
[2023-05-29 13:32:29.337][pool-1-thread-1/INFO]向服务器发送消息：HEARTBEAT
[2023-05-29 13:32:32.338][pool-1-thread-1/INFO]向服务器发送消息：HEARTBEAT
[2023-05-29 13:32:35.340][pool-1-thread-1/INFO]向服务器发送消息：HEARTBEAT
[2023-05-29 13:32:38.331][pool-1-thread-1/INFO]向服务器发送消息：HEARTBEAT
[2023-05-29 13:32:41.334][pool-1-thread-1/INFO]向服务器发送消息：HEARTBEAT
[2023-05-29 13:32:44.337][pool-1-thread-1/INFO]向服务器发送消息：HEARTBEAT
[2023-05-29 13:32:47.334][pool-1-thread-1/INFO]向服务器发送消息：HEARTBEAT
[2023-05-29 13:32:50.338][pool-1-thread-1/INFO]向服务器发送消息：HEARTBEAT
[2023-05-29 13:32:53.332][pool-1-thread-1/INFO]向服务器发送消息：HEARTBEAT
[2023-05-29 13:32:56.343][pool-1-thread-1/INFO]向服务器发送消息：HEARTBEAT
[2023-05-29 13:32:59.334][pool-1-thread-1/INFO]向服务器发送消息：HEARTBEAT
[2023-05-29 13:33:02.336][pool-1-thread-1/INFO]向服务器发送消息：HEARTBEAT
[2023-05-29 13:33:05.337][pool-1-thread-1/INFO]向服务器发送消息：HEARTBEAT
[2023-05-29 13:33:08.331][pool-1-thread-1/INFO]向服务器发送消息：HEARTBEAT
[2023-05-29 13:33:11.329][pool-1-thread-1/INFO]向服务器发送消息：HEARTBEAT
[2023-05-29 13:33:14.330][pool-1-thread-1/INFO]向服务器发送消息：HEARTBEAT
[2023-05-29 13:33:17.339][pool-1-thread-1/INFO]向服务器发送消息：HEARTBEAT
[2023-05-29 13:33:20.342][pool-1-thread-1/INFO]向服务器发送消息：HEARTBEAT
[2023-05-29 13:33:23.342][pool-1-thread-1/INFO]向服务器发送消息：HEARTBEAT
[2023-05-29 13:33:26.336][pool-1-thread-1/INFO]向服务器发送消息：HEARTBEAT
[2023-05-29 13:33:29.334][pool-1-thread-1/INFO]向服务器发送消息：HEARTBEAT
[2023-05-29 13:33:32.329][pool-1-thread-1/INFO]向服务器发送消息：HEARTBEAT
[2023-05-29 13:33:35.335][pool-1-thread-1/INFO]向服务器发送消息：HEARTBEAT
[2023-05-29 13:33:38.334][pool-1-thread-1/INFO]向服务器发送消息：HEARTBEAT
[2023-05-29 13:33:41.341][pool-1-thread-1/INFO]向服务器发送消息：HEARTBEAT
[2023-05-29 13:33:44.330][pool-1-thread-1/INFO]向服务器发送消息：HEARTBEAT
[2023-05-29 13:33:47.343][pool-1-thread-1/INFO]向服务器发送消息：HEARTBEAT
[2023-05-29 13:33:50.341][pool-1-thread-1/INFO]向服务器发送消息：HEARTBEAT
[2023-05-29 13:33:53.331][pool-1-thread-1/INFO]向服务器发送消息：HEARTBEAT
[2023-05-29 13:33:56.334][pool-1-thread-1/INFO]向服务器发送消息：HEARTBEAT
[2023-05-29 13:33:59.341][pool-1-thread-1/INFO]向服务器发送消息：HEARTBEAT
[2023-05-29 13:34:02.343][pool-1-thread-1/INFO]向服务器发送消息：HEARTBEAT
[2023-05-29 13:34:05.332][pool-1-thread-1/INFO]向服务器发送消息：HEARTBEAT
[2023-05-29 13:34:08.332][pool-1-thread-1/INFO]向服务器发送消息：HEARTBEAT
[2023-05-29 13:34:11.339][pool-1-thread-1/INFO]向服务器发送消息：HEARTBEAT
[2023-05-29 13:34:14.330][pool-1-thread-1/INFO]向服务器发送消息：HEARTBEAT
[2023-05-29 13:34:17.343][pool-1-thread-1/INFO]向服务器发送消息：HEARTBEAT
[2023-05-29 13:34:20.339][pool-1-thread-1/INFO]向服务器发送消息：HEARTBEAT
[2023-05-29 13:34:23.332][pool-1-thread-1/INFO]向服务器发送消息：HEARTBEAT
[2023-05-29 13:34:26.333][pool-1-thread-1/INFO]向服务器发送消息：HEARTBEAT
[2023-05-29 13:34:29.339][pool-1-thread-1/INFO]向服务器发送消息：HEARTBEAT
[2023-05-29 13:34:32.331][pool-1-thread-1/INFO]向服务器发送消息：HEARTBEAT
[2023-05-29 13:34:35.332][pool-1-thread-1/INFO]向服务器发送消息：HEARTBEAT
[2023-05-29 13:34:38.336][pool-1-thread-1/INFO]向服务器发送消息：HEARTBEAT
[2023-05-29 13:34:41.343][pool-1-thread-1/INFO]向服务器发送消息：HEARTBEAT
[2023-05-29 13:34:44.338][pool-1-thread-1/INFO]向服务器发送消息：HEARTBEAT
[2023-05-29 13:34:47.329][pool-1-thread-1/INFO]向服务器发送消息：HEARTBEAT
[2023-05-29 13:34:50.341][pool-1-thread-1/INFO]向服务器发送消息：HEARTBEAT
[2023-05-29 13:34:53.344][pool-1-thread-1/INFO]向服务器发送消息：HEARTBEAT
[2023-05-29 13:34:56.335][pool-1-thread-1/INFO]向服务器发送消息：HEARTBEAT
[2023-05-29 13:34:59.333][pool-1-thread-1/INFO]向服务器发送消息：HEARTBEAT
[2023-05-29 13:35:02.341][pool-1-thread-1/INFO]向服务器发送消息：HEARTBEAT
[2023-05-29 13:35:05.336][pool-1-thread-1/INFO]向服务器发送消息：HEARTBEAT
[2023-05-29 13:35:08.340][pool-1-thread-1/INFO]向服务器发送消息：HEARTBEAT
[2023-05-29 13:35:11.331][pool-1-thread-1/INFO]向服务器发送消息：HEARTBEAT
[2023-05-29 13:35:14.330][pool-1-thread-1/INFO]向服务器发送消息：HEARTBEAT
[2023-05-29 13:35:17.337][pool-1-thread-1/INFO]向服务器发送消息：HEARTBEAT
[2023-05-29 13:35:20.343][pool-1-thread-1/INFO]向服务器发送消息：HEARTBEAT
[2023-05-29 13:35:23.331][pool-1-thread-1/INFO]向服务器发送消息：HEARTBEAT
[2023-05-29 13:35:26.338][pool-1-thread-1/INFO]向服务器发送消息：HEARTBEAT
[2023-05-29 13:35:29.343][pool-1-thread-1/INFO]向服务器发送消息：HEARTBEAT
[2023-05-29 13:35:32.334][pool-1-thread-1/INFO]向服务器发送消息：HEARTBEAT
[2023-05-29 13:35:35.341][pool-1-thread-1/INFO]向服务器发送消息：HEARTBEAT
[2023-05-29 13:35:38.334][pool-1-thread-1/INFO]向服务器发送消息：HEARTBEAT
[2023-05-29 13:35:41.332][pool-1-thread-1/INFO]向服务器发送消息：HEARTBEAT
[2023-05-29 13:35:44.335][pool-1-thread-1/INFO]向服务器发送消息：HEARTBEAT
[2023-05-29 13:35:47.339][pool-1-thread-1/INFO]向服务器发送消息：HEARTBEAT
[2023-05-29 13:35:50.337][pool-1-thread-1/INFO]向服务器发送消息：HEARTBEAT
[2023-05-29 13:35:53.334][pool-1-thread-1/INFO]向服务器发送消息：HEARTBEAT
[2023-05-29 13:35:56.333][pool-1-thread-1/INFO]向服务器发送消息：HEARTBEAT
[2023-05-29 13:35:59.332][pool-1-thread-1/INFO]向服务器发送消息：HEARTBEAT
[2023-05-29 13:36:02.343][pool-1-thread-1/INFO]向服务器发送消息：HEARTBEAT
[2023-05-29 13:36:05.333][pool-1-thread-1/INFO]向服务器发送消息：HEARTBEAT
[2023-05-29 13:36:08.329][pool-1-thread-1/INFO]向服务器发送消息：HEARTBEAT
[2023-05-29 13:36:11.336][pool-1-thread-1/INFO]向服务器发送消息：HEARTBEAT
[2023-05-29 13:36:14.333][pool-1-thread-1/INFO]向服务器发送消息：HEARTBEAT
[2023-05-29 13:36:17.329][pool-1-thread-1/INFO]向服务器发送消息：HEARTBEAT
[2023-05-29 13:36:20.342][pool-1-thread-1/INFO]向服务器发送消息：HEARTBEAT
[2023-05-29 13:36:23.340][pool-1-thread-1/INFO]向服务器发送消息：HEARTBEAT
[2023-05-29 13:36:26.331][pool-1-thread-1/INFO]向服务器发送消息：HEARTBEAT
[2023-05-29 13:36:29.341][pool-1-thread-1/INFO]向服务器发送消息：HEARTBEAT
[2023-05-29 13:36:32.340][pool-1-thread-1/INFO]向服务器发送消息：HEARTBEAT
[2023-05-29 13:36:35.342][pool-1-thread-1/INFO]向服务器发送消息：HEARTBEAT
[2023-05-29 13:36:38.339][pool-1-thread-1/INFO]向服务器发送消息：HEARTBEAT
[2023-05-29 13:36:41.342][pool-1-thread-1/INFO]向服务器发送消息：HEARTBEAT
[2023-05-29 13:36:44.331][pool-1-thread-1/INFO]向服务器发送消息：HEARTBEAT
[2023-05-29 13:36:47.340][pool-1-thread-1/INFO]向服务器发送消息：HEARTBEAT
[2023-05-29 13:36:50.344][pool-1-thread-1/INFO]向服务器发送消息：HEARTBEAT
[2023-05-29 13:36:53.338][pool-1-thread-1/INFO]向服务器发送消息：HEARTBEAT
[2023-05-29 13:36:56.333][pool-1-thread-1/INFO]向服务器发送消息：HEARTBEAT
[2023-05-29 13:36:59.340][pool-1-thread-1/INFO]向服务器发送消息：HEARTBEAT
[2023-05-29 13:37:02.337][pool-1-thread-1/INFO]向服务器发送消息：HEARTBEAT
[2023-05-29 13:37:05.332][pool-1-thread-1/INFO]向服务器发送消息：HEARTBEAT
[2023-05-29 13:37:08.329][pool-1-thread-1/INFO]向服务器发送消息：HEARTBEAT
[2023-05-29 13:37:11.329][pool-1-thread-1/INFO]向服务器发送消息：HEARTBEAT
[2023-05-29 13:37:14.343][pool-1-thread-1/INFO]向服务器发送消息：HEARTBEAT
[2023-05-29 13:37:17.343][pool-1-thread-1/INFO]向服务器发送消息：HEARTBEAT
[2023-05-29 13:37:20.333][pool-1-thread-1/INFO]向服务器发送消息：HEARTBEAT
[2023-05-29 13:37:23.332][pool-1-thread-1/INFO]向服务器发送消息：HEARTBEAT
[2023-05-29 13:37:26.339][pool-1-thread-1/INFO]向服务器发送消息：HEARTBEAT
[2023-05-29 13:37:29.336][pool-1-thread-1/INFO]向服务器发送消息：HEARTBEAT
[2023-05-29 13:37:32.334][pool-1-thread-1/INFO]向服务器发送消息：HEARTBEAT
[2023-05-29 13:37:35.331][pool-1-thread-1/INFO]向服务器发送消息：HEARTBEAT
[2023-05-29 13:37:38.330][pool-1-thread-1/INFO]向服务器发送消息：HEARTBEAT
[2023-05-29 13:37:41.329][pool-1-thread-1/INFO]向服务器发送消息：HEARTBEAT
[2023-05-29 13:37:44.330][pool-1-thread-1/INFO]向服务器发送消息：HEARTBEAT
[2023-05-29 13:37:47.334][pool-1-thread-1/INFO]向服务器发送消息：HEARTBEAT
[2023-05-29 13:37:50.336][pool-1-thread-1/INFO]向服务器发送消息：HEARTBEAT
[2023-05-29 13:37:53.342][pool-1-thread-1/INFO]向服务器发送消息：HEARTBEAT
[2023-05-29 13:37:56.332][pool-1-thread-1/INFO]向服务器发送消息：HEARTBEAT
[2023-05-29 13:37:59.342][pool-1-thread-1/INFO]向服务器发送消息：HEARTBEAT
[2023-05-29 13:38:02.339][pool-1-thread-1/INFO]向服务器发送消息：HEARTBEAT
[2023-05-29 13:38:05.342][pool-1-thread-1/INFO]向服务器发送消息：HEARTBEAT
[2023-05-29 13:38:08.341][pool-1-thread-1/INFO]向服务器发送消息：HEARTBEAT
[2023-05-29 13:38:11.342][pool-1-thread-1/INFO]向服务器发送消息：HEARTBEAT
[2023-05-29 13:38:14.339][pool-1-thread-1/INFO]向服务器发送消息：HEARTBEAT
[2023-05-29 13:38:17.334][pool-1-thread-1/INFO]向服务器发送消息：HEARTBEAT
[2023-05-29 13:38:20.337][pool-1-thread-1/INFO]向服务器发送消息：HEARTBEAT
[2023-05-29 13:38:23.342][pool-1-thread-1/INFO]向服务器发送消息：HEARTBEAT
[2023-05-29 13:38:26.334][pool-1-thread-1/INFO]向服务器发送消息：HEARTBEAT
[2023-05-29 13:38:29.333][pool-1-thread-1/INFO]向服务器发送消息：HEARTBEAT
[2023-05-29 13:38:32.337][pool-1-thread-1/INFO]向服务器发送消息：HEARTBEAT
[2023-05-29 13:38:35.332][pool-1-thread-1/INFO]向服务器发送消息：HEARTBEAT
[2023-05-29 13:38:38.339][pool-1-thread-1/INFO]向服务器发送消息：HEARTBEAT
[2023-05-29 13:38:41.341][pool-1-thread-1/INFO]向服务器发送消息：HEARTBEAT
[2023-05-29 13:38:44.331][pool-1-thread-1/INFO]向服务器发送消息：HEARTBEAT
[2023-05-29 13:38:47.339][pool-1-thread-1/INFO]向服务器发送消息：HEARTBEAT
[2023-05-29 13:38:50.339][pool-1-thread-1/INFO]向服务器发送消息：HEARTBEAT
[2023-05-29 13:38:53.335][pool-1-thread-1/INFO]向服务器发送消息：HEARTBEAT
[2023-05-29 13:38:56.334][pool-1-thread-1/INFO]向服务器发送消息：HEARTBEAT
[2023-05-29 13:38:59.329][pool-1-thread-1/INFO]向服务器发送消息：HEARTBEAT
[2023-05-29 13:39:02.341][pool-1-thread-1/INFO]向服务器发送消息：HEARTBEAT
[2023-05-29 13:39:05.341][pool-1-thread-1/INFO]向服务器发送消息：HEARTBEAT
[2023-05-29 13:39:08.336][pool-1-thread-1/INFO]向服务器发送消息：HEARTBEAT
[2023-05-29 13:39:11.329][pool-1-thread-1/INFO]向服务器发送消息：HEARTBEAT
[2023-05-29 13:39:14.339][pool-1-thread-1/INFO]向服务器发送消息：HEARTBEAT
[2023-05-29 13:39:17.336][pool-1-thread-1/INFO]向服务器发送消息：HEARTBEAT
[2023-05-29 13:39:20.331][pool-1-thread-1/INFO]向服务器发送消息：HEARTBEAT
[2023-05-29 13:39:23.329][pool-1-thread-1/INFO]向服务器发送消息：HEARTBEAT
[2023-05-29 13:39:26.342][pool-1-thread-1/INFO]向服务器发送消息：HEARTBEAT
[2023-05-29 13:39:29.337][pool-1-thread-1/INFO]向服务器发送消息：HEARTBEAT
[2023-05-29 13:39:32.338][pool-1-thread-1/INFO]向服务器发送消息：HEARTBEAT
[2023-05-29 13:39:35.332][pool-1-thread-1/INFO]向服务器发送消息：HEARTBEAT
[2023-05-29 13:39:38.338][pool-1-thread-1/INFO]向服务器发送消息：HEARTBEAT
[2023-05-29 13:39:41.343][pool-1-thread-1/INFO]向服务器发送消息：HEARTBEAT
[2023-05-29 13:39:44.338][pool-1-thread-1/INFO]向服务器发送消息：HEARTBEAT
[2023-05-29 13:39:47.336][pool-1-thread-1/INFO]向服务器发送消息：HEARTBEAT
[2023-05-29 13:39:50.335][pool-1-thread-1/INFO]向服务器发送消息：HEARTBEAT
[2023-05-29 13:39:53.339][pool-1-thread-1/INFO]向服务器发送消息：HEARTBEAT
[2023-05-29 13:39:56.331][pool-1-thread-1/INFO]向服务器发送消息：HEARTBEAT
[2023-05-29 13:39:59.340][pool-1-thread-1/INFO]向服务器发送消息：HEARTBEAT
[2023-05-29 13:40:02.330][pool-1-thread-1/INFO]向服务器发送消息：HEARTBEAT
[2023-05-29 13:40:05.332][pool-1-thread-1/INFO]向服务器发送消息：HEARTBEAT
[2023-05-29 13:40:08.341][pool-1-thread-1/INFO]向服务器发送消息：HEARTBEAT
[2023-05-29 13:40:11.331][pool-1-thread-1/INFO]向服务器发送消息：HEARTBEAT
[2023-05-29 13:40:14.330][pool-1-thread-1/INFO]向服务器发送消息：HEARTBEAT
[2023-05-29 13:40:17.331][pool-1-thread-1/INFO]向服务器发送消息：HEARTBEAT
[2023-05-29 13:40:20.341][pool-1-thread-1/INFO]向服务器发送消息：HEARTBEAT
[2023-05-29 13:40:23.330][pool-1-thread-1/INFO]向服务器发送消息：HEARTBEAT
[2023-05-29 13:40:26.338][pool-1-thread-1/INFO]向服务器发送消息：HEARTBEAT
[2023-05-29 13:40:29.343][pool-1-thread-1/INFO]向服务器发送消息：HEARTBEAT
[2023-05-29 13:40:32.340][pool-1-thread-1/INFO]向服务器发送消息：HEARTBEAT
[2023-05-29 13:40:35.330][pool-1-thread-1/INFO]向服务器发送消息：HEARTBEAT
[2023-05-29 13:40:38.344][pool-1-thread-1/INFO]向服务器发送消息：HEARTBEAT
[2023-05-29 13:40:41.337][pool-1-thread-1/INFO]向服务器发送消息：HEARTBEAT
[2023-05-29 13:40:44.332][pool-1-thread-1/INFO]向服务器发送消息：HEARTBEAT
[2023-05-29 13:40:47.331][pool-1-thread-1/INFO]向服务器发送消息：HEARTBEAT
[2023-05-29 13:40:50.341][pool-1-thread-1/INFO]向服务器发送消息：HEARTBEAT
[2023-05-29 13:40:53.342][pool-1-thread-1/INFO]向服务器发送消息：HEARTBEAT
[2023-05-29 13:40:56.339][pool-1-thread-1/INFO]向服务器发送消息：HEARTBEAT
[2023-05-29 13:40:59.338][pool-1-thread-1/INFO]向服务器发送消息：HEARTBEAT
[2023-05-29 13:41:02.333][pool-1-thread-1/INFO]向服务器发送消息：HEARTBEAT
[2023-05-29 13:41:05.340][pool-1-thread-1/INFO]向服务器发送消息：HEARTBEAT
[2023-05-29 13:41:08.332][pool-1-thread-1/INFO]向服务器发送消息：HEARTBEAT
[2023-05-29 13:41:11.341][pool-1-thread-1/INFO]向服务器发送消息：HEARTBEAT
[2023-05-29 13:41:14.338][pool-1-thread-1/INFO]向服务器发送消息：HEARTBEAT
[2023-05-29 13:41:17.337][pool-1-thread-1/INFO]向服务器发送消息：HEARTBEAT
[2023-05-29 13:41:20.339][pool-1-thread-1/INFO]向服务器发送消息：HEARTBEAT
[2023-05-29 13:41:23.331][pool-1-thread-1/INFO]向服务器发送消息：HEARTBEAT
[2023-05-29 13:41:26.329][pool-1-thread-1/INFO]向服务器发送消息：HEARTBEAT
[2023-05-29 13:41:29.340][pool-1-thread-1/INFO]向服务器发送消息：HEARTBEAT
[2023-05-29 13:41:32.335][pool-1-thread-1/INFO]向服务器发送消息：HEARTBEAT
[2023-05-29 13:41:35.336][pool-1-thread-1/INFO]向服务器发送消息：HEARTBEAT
[2023-05-29 13:41:38.335][pool-1-thread-1/INFO]向服务器发送消息：HEARTBEAT
[2023-05-29 13:41:41.331][pool-1-thread-1/INFO]向服务器发送消息：HEARTBEAT
[2023-05-29 13:41:44.341][pool-1-thread-1/INFO]向服务器发送消息：HEARTBEAT
[2023-05-29 13:41:47.335][pool-1-thread-1/INFO]向服务器发送消息：HEARTBEAT
[2023-05-29 13:41:50.336][pool-1-thread-1/INFO]向服务器发送消息：HEARTBEAT
[2023-05-29 13:41:53.330][pool-1-thread-1/INFO]向服务器发送消息：HEARTBEAT
[2023-05-29 13:41:56.338][pool-1-thread-1/INFO]向服务器发送消息：HEARTBEAT
[2023-05-29 13:41:59.342][pool-1-thread-1/INFO]向服务器发送消息：HEARTBEAT
[2023-05-29 13:42:02.338][pool-1-thread-1/INFO]向服务器发送消息：HEARTBEAT
[2023-05-29 13:42:05.338][pool-1-thread-1/INFO]向服务器发送消息：HEARTBEAT
[2023-05-29 13:42:08.331][pool-1-thread-1/INFO]向服务器发送消息：HEARTBEAT
[2023-05-29 13:42:11.339][pool-1-thread-1/INFO]向服务器发送消息：HEARTBEAT
[2023-05-29 13:42:14.330][pool-1-thread-1/INFO]向服务器发送消息：HEARTBEAT
[2023-05-29 13:42:17.338][pool-1-thread-1/INFO]向服务器发送消息：HEARTBEAT
[2023-05-29 13:42:20.338][pool-1-thread-1/INFO]向服务器发送消息：HEARTBEAT
[2023-05-29 13:42:23.339][pool-1-thread-1/INFO]向服务器发送消息：HEARTBEAT
[2023-05-29 13:42:26.337][pool-1-thread-1/INFO]向服务器发送消息：HEARTBEAT
[2023-05-29 13:42:29.342][pool-1-thread-1/INFO]向服务器发送消息：HEARTBEAT
[2023-05-29 13:42:32.335][pool-1-thread-1/INFO]向服务器发送消息：HEARTBEAT
[2023-05-29 13:42:35.337][pool-1-thread-1/INFO]向服务器发送消息：HEARTBEAT
[2023-05-29 13:42:38.341][pool-1-thread-1/INFO]向服务器发送消息：HEARTBEAT
[2023-05-29 13:42:41.333][pool-1-thread-1/INFO]向服务器发送消息：HEARTBEAT
[2023-05-29 13:42:44.339][pool-1-thread-1/INFO]向服务器发送消息：HEARTBEAT
[2023-05-29 13:42:47.339][pool-1-thread-1/INFO]向服务器发送消息：HEARTBEAT
[2023-05-29 13:42:50.332][pool-1-thread-1/INFO]向服务器发送消息：HEARTBEAT
[2023-05-29 13:42:53.336][pool-1-thread-1/INFO]向服务器发送消息：HEARTBEAT
[2023-05-29 13:42:56.337][pool-1-thread-1/INFO]向服务器发送消息：HEARTBEAT
[2023-05-29 13:42:59.339][pool-1-thread-1/INFO]向服务器发送消息：HEARTBEAT
[2023-05-29 13:43:02.334][pool-1-thread-1/INFO]向服务器发送消息：HEARTBEAT
[2023-05-29 13:43:05.342][pool-1-thread-1/INFO]向服务器发送消息：HEARTBEAT
[2023-05-29 13:43:08.340][pool-1-thread-1/INFO]向服务器发送消息：HEARTBEAT
[2023-05-29 13:43:11.334][pool-1-thread-1/INFO]向服务器发送消息：HEARTBEAT
[2023-05-29 13:43:14.331][pool-1-thread-1/INFO]向服务器发送消息：HEARTBEAT
[2023-05-29 13:43:17.342][pool-1-thread-1/INFO]向服务器发送消息：HEARTBEAT
[2023-05-29 13:43:20.342][pool-1-thread-1/INFO]向服务器发送消息：HEARTBEAT
[2023-05-29 13:43:23.334][pool-1-thread-1/INFO]向服务器发送消息：HEARTBEAT
[2023-05-29 13:43:26.331][pool-1-thread-1/INFO]向服务器发送消息：HEARTBEAT
[2023-05-29 13:43:29.338][pool-1-thread-1/INFO]向服务器发送消息：HEARTBEAT
[2023-05-29 13:43:32.331][pool-1-thread-1/INFO]向服务器发送消息：HEARTBEAT
[2023-05-29 13:43:35.331][pool-1-thread-1/INFO]向服务器发送消息：HEARTBEAT
[2023-05-29 13:43:38.330][pool-1-thread-1/INFO]向服务器发送消息：HEARTBEAT
[2023-05-29 13:43:41.341][pool-1-thread-1/INFO]向服务器发送消息：HEARTBEAT
[2023-05-29 13:43:44.330][pool-1-thread-1/INFO]向服务器发送消息：HEARTBEAT
[2023-05-29 13:43:47.339][pool-1-thread-1/INFO]向服务器发送消息：HEARTBEAT
[2023-05-29 13:43:50.338][pool-1-thread-1/INFO]向服务器发送消息：HEARTBEAT
[2023-05-29 13:43:53.343][pool-1-thread-1/INFO]向服务器发送消息：HEARTBEAT
[2023-05-29 13:43:56.334][pool-1-thread-1/INFO]向服务器发送消息：HEARTBEAT
[2023-05-29 13:43:59.334][pool-1-thread-1/INFO]向服务器发送消息：HEARTBEAT
[2023-05-29 13:44:02.340][pool-1-thread-1/INFO]向服务器发送消息：HEARTBEAT
[2023-05-29 13:44:05.342][pool-1-thread-1/INFO]向服务器发送消息：HEARTBEAT
[2023-05-29 13:44:08.339][pool-1-thread-1/INFO]向服务器发送消息：HEARTBEAT
[2023-05-29 13:44:11.344][pool-1-thread-1/INFO]向服务器发送消息：HEARTBEAT
[2023-05-29 13:44:14.337][pool-1-thread-1/INFO]向服务器发送消息：HEARTBEAT
[2023-05-29 13:44:17.338][pool-1-thread-1/INFO]向服务器发送消息：HEARTBEAT
[2023-05-29 13:44:20.334][pool-1-thread-1/INFO]向服务器发送消息：HEARTBEAT
[2023-05-29 13:44:23.340][pool-1-thread-1/INFO]向服务器发送消息：HEARTBEAT
[2023-05-29 13:44:26.338][pool-1-thread-1/INFO]向服务器发送消息：HEARTBEAT
[2023-05-29 13:44:29.337][pool-1-thread-1/INFO]向服务器发送消息：HEARTBEAT
[2023-05-29 13:44:32.333][pool-1-thread-1/INFO]向服务器发送消息：HEARTBEAT
[2023-05-29 13:44:35.329][pool-1-thread-1/INFO]向服务器发送消息：HEARTBEAT
[2023-05-29 13:44:38.338][pool-1-thread-1/INFO]向服务器发送消息：HEARTBEAT
[2023-05-29 13:44:40.610][Thread-1/INFO]向服务器发送消息：UNIV_LIST
[2023-05-29 13:44:40.630][Thread-0/INFO]收到服务器消息：UNIV_LIST|河南大学|清华大学|北京大学|郑州大学
[2023-05-29 13:44:41.336][pool-1-thread-1/INFO]向服务器发送消息：HEARTBEAT
[2023-05-29 13:44:44.338][pool-1-thread-1/INFO]向服务器发送消息：HEARTBEAT
[2023-05-29 13:44:47.329][pool-1-thread-1/INFO]向服务器发送消息：HEARTBEAT
[2023-05-29 13:44:50.341][pool-1-thread-1/INFO]向服务器发送消息：HEARTBEAT
[2023-05-29 13:44:53.331][pool-1-thread-1/INFO]向服务器发送消息：HEARTBEAT
[2023-05-29 13:44:56.337][pool-1-thread-1/INFO]向服务器发送消息：HEARTBEAT
[2023-05-29 13:44:59.332][pool-1-thread-1/INFO]向服务器发送消息：HEARTBEAT
[2023-05-29 13:45:02.339][pool-1-thread-1/INFO]向服务器发送消息：HEARTBEAT
[2023-05-29 13:45:05.336][pool-1-thread-1/INFO]向服务器发送消息：HEARTBEAT
[2023-05-29 13:45:08.342][pool-1-thread-1/INFO]向服务器发送消息：HEARTBEAT
[2023-05-29 13:45:11.334][pool-1-thread-1/INFO]向服务器发送消息：HEARTBEAT
[2023-05-29 13:45:14.341][pool-1-thread-1/INFO]向服务器发送消息：HEARTBEAT
[2023-05-29 13:45:17.336][pool-1-thread-1/INFO]向服务器发送消息：HEARTBEAT
[2023-05-29 13:45:20.332][pool-1-thread-1/INFO]向服务器发送消息：HEARTBEAT
[2023-05-29 13:45:23.338][pool-1-thread-1/INFO]向服务器发送消息：HEARTBEAT
[2023-05-29 13:45:26.335][pool-1-thread-1/INFO]向服务器发送消息：HEARTBEAT
[2023-05-29 13:45:29.329][pool-1-thread-1/INFO]向服务器发送消息：HEARTBEAT
[2023-05-29 13:45:32.340][pool-1-thread-1/INFO]向服务器发送消息：HEARTBEAT
[2023-05-29 13:45:35.342][pool-1-thread-1/INFO]向服务器发送消息：HEARTBEAT
[2023-05-29 13:45:38.338][pool-1-thread-1/INFO]向服务器发送消息：HEARTBEAT
[2023-05-29 13:45:41.336][pool-1-thread-1/INFO]向服务器发送消息：HEARTBEAT
[2023-05-29 13:45:44.334][pool-1-thread-1/INFO]向服务器发送消息：HEARTBEAT
[2023-05-29 13:45:47.339][pool-1-thread-1/INFO]向服务器发送消息：HEARTBEAT
[2023-05-29 13:45:50.331][pool-1-thread-1/INFO]向服务器发送消息：HEARTBEAT
[2023-05-29 13:45:53.330][pool-1-thread-1/INFO]向服务器发送消息：HEARTBEAT
[2023-05-29 13:45:56.343][pool-1-thread-1/INFO]向服务器发送消息：HEARTBEAT
[2023-05-29 13:45:59.332][pool-1-thread-1/INFO]向服务器发送消息：HEARTBEAT
[2023-05-29 13:46:02.332][pool-1-thread-1/INFO]向服务器发送消息：HEARTBEAT
[2023-05-29 13:46:05.342][pool-1-thread-1/INFO]向服务器发送消息：HEARTBEAT
[2023-05-29 13:46:08.333][pool-1-thread-1/INFO]向服务器发送消息：HEARTBEAT
[2023-05-29 13:46:11.331][pool-1-thread-1/INFO]向服务器发送消息：HEARTBEAT
[2023-05-29 13:46:14.337][pool-1-thread-1/INFO]向服务器发送消息：HEARTBEAT
[2023-05-29 13:46:17.331][pool-1-thread-1/INFO]向服务器发送消息：HEARTBEAT
[2023-05-29 13:46:20.341][pool-1-thread-1/INFO]向服务器发送消息：HEARTBEAT
[2023-05-29 13:46:23.342][pool-1-thread-1/INFO]向服务器发送消息：HEARTBEAT
[2023-05-29 13:46:26.342][pool-1-thread-1/INFO]向服务器发送消息：HEARTBEAT
[2023-05-29 13:46:29.338][pool-1-thread-1/INFO]向服务器发送消息：HEARTBEAT
[2023-05-29 13:46:32.338][pool-1-thread-1/INFO]向服务器发送消息：HEARTBEAT
[2023-05-29 13:46:35.330][pool-1-thread-1/INFO]向服务器发送消息：HEARTBEAT
[2023-05-29 13:46:38.342][pool-1-thread-1/INFO]向服务器发送消息：HEARTBEAT
[2023-05-29 13:46:41.331][pool-1-thread-1/INFO]向服务器发送消息：HEARTBEAT
[2023-05-29 13:46:44.333][pool-1-thread-1/INFO]向服务器发送消息：HEARTBEAT
[2023-05-29 13:46:47.330][pool-1-thread-1/INFO]向服务器发送消息：HEARTBEAT
[2023-05-29 13:46:50.340][pool-1-thread-1/INFO]向服务器发送消息：HEARTBEAT
[2023-05-29 13:46:53.342][pool-1-thread-1/INFO]向服务器发送消息：HEARTBEAT
[2023-05-29 13:46:56.340][pool-1-thread-1/INFO]向服务器发送消息：HEARTBEAT
[2023-05-29 13:46:59.342][pool-1-thread-1/INFO]向服务器发送消息：HEARTBEAT
[2023-05-29 13:47:02.332][pool-1-thread-1/INFO]向服务器发送消息：HEARTBEAT
[2023-05-29 13:47:05.341][pool-1-thread-1/INFO]向服务器发送消息：HEARTBEAT
[2023-05-29 13:47:08.333][pool-1-thread-1/INFO]向服务器发送消息：HEARTBEAT
[2023-05-29 13:47:11.342][pool-1-thread-1/INFO]向服务器发送消息：HEARTBEAT
[2023-05-29 13:47:14.339][pool-1-thread-1/INFO]向服务器发送消息：HEARTBEAT
[2023-05-29 13:47:17.335][pool-1-thread-1/INFO]向服务器发送消息：HEARTBEAT
[2023-05-29 13:47:20.343][pool-1-thread-1/INFO]向服务器发送消息：HEARTBEAT
[2023-05-29 13:47:23.337][pool-1-thread-1/INFO]向服务器发送消息：HEARTBEAT
[2023-05-29 13:47:26.332][pool-1-thread-1/INFO]向服务器发送消息：HEARTBEAT
[2023-05-29 13:47:29.329][pool-1-thread-1/INFO]向服务器发送消息：HEARTBEAT
[2023-05-29 13:47:32.342][pool-1-thread-1/INFO]向服务器发送消息：HEARTBEAT
[2023-05-29 13:47:35.336][pool-1-thread-1/INFO]向服务器发送消息：HEARTBEAT
[2023-05-29 13:47:38.336][pool-1-thread-1/INFO]向服务器发送消息：HEARTBEAT
[2023-05-29 13:47:41.331][pool-1-thread-1/INFO]向服务器发送消息：HEARTBEAT
[2023-05-29 13:47:44.335][pool-1-thread-1/INFO]向服务器发送消息：HEARTBEAT
[2023-05-29 13:47:47.332][pool-1-thread-1/INFO]向服务器发送消息：HEARTBEAT
[2023-05-29 13:47:50.330][pool-1-thread-1/INFO]向服务器发送消息：HEARTBEAT
[2023-05-29 13:47:53.336][pool-1-thread-1/INFO]向服务器发送消息：HEARTBEAT
[2023-05-29 13:47:56.331][pool-1-thread-1/INFO]向服务器发送消息：HEARTBEAT
[2023-05-29 13:47:59.339][pool-1-thread-1/INFO]向服务器发送消息：HEARTBEAT
[2023-05-29 13:48:02.336][pool-1-thread-1/INFO]向服务器发送消息：HEARTBEAT
[2023-05-29 13:48:05.339][pool-1-thread-1/INFO]向服务器发送消息：HEARTBEAT
[2023-05-29 13:48:08.329][pool-1-thread-1/INFO]向服务器发送消息：HEARTBEAT
[2023-05-29 13:48:11.339][pool-1-thread-1/INFO]向服务器发送消息：HEARTBEAT
[2023-05-29 13:48:14.344][pool-1-thread-1/INFO]向服务器发送消息：HEARTBEAT
[2023-05-29 13:48:17.333][pool-1-thread-1/INFO]向服务器发送消息：HEARTBEAT
[2023-05-29 13:48:20.333][pool-1-thread-1/INFO]向服务器发送消息：HEARTBEAT
[2023-05-29 13:48:23.334][pool-1-thread-1/INFO]向服务器发送消息：HEARTBEAT
[2023-05-29 13:48:26.330][pool-1-thread-1/INFO]向服务器发送消息：HEARTBEAT
[2023-05-29 13:48:29.338][pool-1-thread-1/INFO]向服务器发送消息：HEARTBEAT
[2023-05-29 13:48:32.332][pool-1-thread-1/INFO]向服务器发送消息：HEARTBEAT
[2023-05-29 13:48:35.343][pool-1-thread-1/INFO]向服务器发送消息：HEARTBEAT
[2023-05-29 13:48:38.341][pool-1-thread-1/INFO]向服务器发送消息：HEARTBEAT
[2023-05-29 13:48:41.330][pool-1-thread-1/INFO]向服务器发送消息：HEARTBEAT
[2023-05-29 13:48:44.336][pool-1-thread-1/INFO]向服务器发送消息：HEARTBEAT
[2023-05-29 13:48:47.332][pool-1-thread-1/INFO]向服务器发送消息：HEARTBEAT
[2023-05-29 13:48:50.343][pool-1-thread-1/INFO]向服务器发送消息：HEARTBEAT
[2023-05-29 13:48:53.334][pool-1-thread-1/INFO]向服务器发送消息：HEARTBEAT
[2023-05-29 13:48:56.334][pool-1-thread-1/INFO]向服务器发送消息：HEARTBEAT
[2023-05-29 13:48:59.334][pool-1-thread-1/INFO]向服务器发送消息：HEARTBEAT
[2023-05-29 13:49:02.335][pool-1-thread-1/INFO]向服务器发送消息：HEARTBEAT
[2023-05-29 13:49:05.340][pool-1-thread-1/INFO]向服务器发送消息：HEARTBEAT
[2023-05-29 13:49:08.338][pool-1-thread-1/INFO]向服务器发送消息：HEARTBEAT
[2023-05-29 13:49:11.343][pool-1-thread-1/INFO]向服务器发送消息：HEARTBEAT
[2023-05-29 13:49:14.337][pool-1-thread-1/INFO]向服务器发送消息：HEARTBEAT
[2023-05-29 13:49:17.342][pool-1-thread-1/INFO]向服务器发送消息：HEARTBEAT
[2023-05-29 13:49:20.342][pool-1-thread-1/INFO]向服务器发送消息：HEARTBEAT
[2023-05-29 13:49:23.332][pool-1-thread-1/INFO]向服务器发送消息：HEARTBEAT
[2023-05-29 13:49:26.337][pool-1-thread-1/INFO]向服务器发送消息：HEARTBEAT
[2023-05-29 13:49:29.339][pool-1-thread-1/INFO]向服务器发送消息：HEARTBEAT
[2023-05-29 13:49:32.341][pool-1-thread-1/INFO]向服务器发送消息：HEARTBEAT
[2023-05-29 13:49:35.341][pool-1-thread-1/INFO]向服务器发送消息：HEARTBEAT
[2023-05-29 13:49:38.331][pool-1-thread-1/INFO]向服务器发送消息：HEARTBEAT
[2023-05-29 13:49:41.341][pool-1-thread-1/INFO]向服务器发送消息：HEARTBEAT
[2023-05-29 13:49:44.332][pool-1-thread-1/INFO]向服务器发送消息：HEARTBEAT
[2023-05-29 13:49:47.331][pool-1-thread-1/INFO]向服务器发送消息：HEARTBEAT
[2023-05-29 13:49:50.340][pool-1-thread-1/INFO]向服务器发送消息：HEARTBEAT
[2023-05-29 13:49:53.340][pool-1-thread-1/INFO]向服务器发送消息：HEARTBEAT
[2023-05-29 13:49:56.329][pool-1-thread-1/INFO]向服务器发送消息：HEARTBEAT
[2023-05-29 13:49:59.335][pool-1-thread-1/INFO]向服务器发送消息：HEARTBEAT
[2023-05-29 13:50:02.334][pool-1-thread-1/INFO]向服务器发送消息：HEARTBEAT
[2023-05-29 13:50:05.332][pool-1-thread-1/INFO]向服务器发送消息：HEARTBEAT
[2023-05-29 13:50:08.330][pool-1-thread-1/INFO]向服务器发送消息：HEARTBEAT
[2023-05-29 13:50:11.344][pool-1-thread-1/INFO]向服务器发送消息：HEARTBEAT
[2023-05-29 13:50:14.332][pool-1-thread-1/INFO]向服务器发送消息：HEARTBEAT
[2023-05-29 13:50:17.341][pool-1-thread-1/INFO]向服务器发送消息：HEARTBEAT
[2023-05-29 13:50:20.336][pool-1-thread-1/INFO]向服务器发送消息：HEARTBEAT
[2023-05-29 13:50:23.331][pool-1-thread-1/INFO]向服务器发送消息：HEARTBEAT
[2023-05-29 13:50:26.340][pool-1-thread-1/INFO]向服务器发送消息：HEARTBEAT
[2023-05-29 13:50:29.341][pool-1-thread-1/INFO]向服务器发送消息：HEARTBEAT
[2023-05-29 13:50:32.332][pool-1-thread-1/INFO]向服务器发送消息：HEARTBEAT
[2023-05-29 13:50:35.341][pool-1-thread-1/INFO]向服务器发送消息：HEARTBEAT
[2023-05-29 13:50:38.336][pool-1-thread-1/INFO]向服务器发送消息：HEARTBEAT
[2023-05-29 13:50:41.330][pool-1-thread-1/INFO]向服务器发送消息：HEARTBEAT
[2023-05-29 13:50:44.331][pool-1-thread-1/INFO]向服务器发送消息：HEARTBEAT
[2023-05-29 13:50:47.342][pool-1-thread-1/INFO]向服务器发送消息：HEARTBEAT
[2023-05-29 13:50:50.334][pool-1-thread-1/INFO]向服务器发送消息：HEARTBEAT
[2023-05-29 13:50:53.343][pool-1-thread-1/INFO]向服务器发送消息：HEARTBEAT
[2023-05-29 13:50:56.334][pool-1-thread-1/INFO]向服务器发送消息：HEARTBEAT
[2023-05-29 13:50:59.329][pool-1-thread-1/INFO]向服务器发送消息：HEARTBEAT
[2023-05-29 13:51:02.343][pool-1-thread-1/INFO]向服务器发送消息：HEARTBEAT
[2023-05-29 13:51:05.342][pool-1-thread-1/INFO]向服务器发送消息：HEARTBEAT
[2023-05-29 13:51:08.341][pool-1-thread-1/INFO]向服务器发送消息：HEARTBEAT
[2023-05-29 13:51:11.343][pool-1-thread-1/INFO]向服务器发送消息：HEARTBEAT
