[2023-05-29 14:00:11.484][main/INFO]UniWood-DESKTOP-CLIENT-1.0.0
[2023-05-29 14:00:11.485][main/DEBUG]DEBUG MODE ON!!
[2023-05-29 14:00:11.488][main/INFO]未指定连接超时时间，使用默认值1000
[2023-05-29 14:00:11.489][main/INFO]未指定连接重试次数，使用默认值3
[2023-05-29 14:00:11.496][main/INFO]服务器已连接
[2023-05-29 14:00:11.498][main/INFO]Hello, UniWood!
[2023-05-29 14:00:12.032][main/INFO]窗口初始化完成
[2023-05-29 14:00:12.502][pool-1-thread-1/INFO]向服务器发送消息：HEARTBEAT
[2023-05-29 14:00:15.489][pool-1-thread-1/INFO]向服务器发送消息：HEARTBEAT
[2023-05-29 14:00:18.500][pool-1-thread-1/INFO]向服务器发送消息：HEARTBEAT
[2023-05-29 14:00:21.490][pool-1-thread-1/INFO]向服务器发送消息：HEARTBEAT
[2023-05-29 14:00:24.489][pool-1-thread-1/INFO]向服务器发送消息：HEARTBEAT
[2023-05-29 14:00:27.500][pool-1-thread-1/INFO]向服务器发送消息：HEARTBEAT
[2023-05-29 14:00:30.499][pool-1-thread-1/INFO]向服务器发送消息：HEARTBEAT
[2023-05-29 14:00:33.503][pool-1-thread-1/INFO]向服务器发送消息：HEARTBEAT
[2023-05-29 14:00:36.490][pool-1-thread-1/INFO]向服务器发送消息：HEARTBEAT
[2023-05-29 14:00:39.491][pool-1-thread-1/INFO]向服务器发送消息：HEARTBEAT
[2023-05-29 14:00:42.495][pool-1-thread-1/INFO]向服务器发送消息：HEARTBEAT
[2023-05-29 14:00:45.501][pool-1-thread-1/INFO]向服务器发送消息：HEARTBEAT
[2023-05-29 14:00:47.201][Thread-1/INFO]向服务器发送消息：UNIV_LIST
[2023-05-29 14:00:47.206][Thread-0/INFO]收到服务器消息：UNIV_LIST|河南大学|清华大学|北京大学|郑州大学
[2023-05-29 14:00:48.497][pool-1-thread-1/INFO]向服务器发送消息：HEARTBEAT
[2023-05-29 14:00:51.494][pool-1-thread-1/INFO]向服务器发送消息：HEARTBEAT
[2023-05-29 14:00:54.496][pool-1-thread-1/INFO]向服务器发送消息：HEARTBEAT
[2023-05-29 14:00:57.504][pool-1-thread-1/INFO]向服务器发送消息：HEARTBEAT
