[2023-05-31 21:20:54.242][main/INFO]UniWood-DESKTOP-CLIENT-1.0.0
[2023-05-31 21:20:54.243][main/DEBUG]DEBUG MODE ON!!
[2023-05-31 21:20:54.246][main/INFO]未指定连接超时时间，使用默认值1000
[2023-05-31 21:20:54.246][main/INFO]未指定连接重试次数，使用默认值3
[2023-05-31 21:20:54.252][main/INFO]服务器已连接
[2023-05-31 21:20:54.253][main/INFO]Hello, UniWood!
[2023-05-31 21:20:54.823][main/INFO]窗口初始化完成
[2023-05-31 21:20:55.251][pool-1-thread-1/INFO]向服务器发送消息：HEARTBEAT
[2023-05-31 21:20:58.259][pool-1-thread-1/INFO]向服务器发送消息：HEARTBEAT
[2023-05-31 21:21:01.246][pool-1-thread-1/INFO]向服务器发送消息：HEARTBEAT
[2023-05-31 21:21:04.251][pool-1-thread-1/INFO]向服务器发送消息：HEARTBEAT
[2023-05-31 21:21:07.252][pool-1-thread-1/INFO]向服务器发送消息：HEARTBEAT
[2023-05-31 21:21:10.247][pool-1-thread-1/INFO]向服务器发送消息：HEARTBEAT
[2023-05-31 21:21:13.257][pool-1-thread-1/INFO]向服务器发送消息：HEARTBEAT
[2023-05-31 21:21:16.252][pool-1-thread-1/INFO]向服务器发送消息：HEARTBEAT
[2023-05-31 21:21:19.260][pool-1-thread-1/INFO]向服务器发送消息：HEARTBEAT
[2023-05-31 21:21:22.253][pool-1-thread-1/INFO]向服务器发送消息：HEARTBEAT
[2023-05-31 21:21:25.257][pool-1-thread-1/INFO]向服务器发送消息：HEARTBEAT
[2023-05-31 21:21:28.253][pool-1-thread-1/INFO]向服务器发送消息：HEARTBEAT
[2023-05-31 21:21:31.256][pool-1-thread-1/INFO]向服务器发送消息：HEARTBEAT
[2023-05-31 21:21:34.247][pool-1-thread-1/INFO]向服务器发送消息：HEARTBEAT
[2023-05-31 21:21:37.250][pool-1-thread-1/INFO]向服务器发送消息：HEARTBEAT
[2023-05-31 21:21:40.249][pool-1-thread-1/INFO]向服务器发送消息：HEARTBEAT
[2023-05-31 21:21:43.251][pool-1-thread-1/INFO]向服务器发送消息：HEARTBEAT
[2023-05-31 21:21:46.246][pool-1-thread-1/INFO]向服务器发送消息：HEARTBEAT
[2023-05-31 21:21:49.258][pool-1-thread-1/INFO]向服务器发送消息：HEARTBEAT
[2023-05-31 21:21:52.253][pool-1-thread-1/INFO]向服务器发送消息：HEARTBEAT
[2023-05-31 21:21:55.260][pool-1-thread-1/INFO]向服务器发送消息：HEARTBEAT
[2023-05-31 21:21:58.257][pool-1-thread-1/INFO]向服务器发送消息：HEARTBEAT
[2023-05-31 21:22:01.257][pool-1-thread-1/INFO]向服务器发送消息：HEARTBEAT
[2023-05-31 21:22:04.249][pool-1-thread-1/INFO]向服务器发送消息：HEARTBEAT
[2023-05-31 21:22:07.247][pool-1-thread-1/INFO]向服务器发送消息：HEARTBEAT
[2023-05-31 21:22:10.256][pool-1-thread-1/INFO]向服务器发送消息：HEARTBEAT
[2023-05-31 21:22:13.249][pool-1-thread-1/INFO]向服务器发送消息：HEARTBEAT
[2023-05-31 21:22:16.251][pool-1-thread-1/INFO]向服务器发送消息：HEARTBEAT
