[2023-05-29 17:38:52.699][main/INFO]UniWood-DESKTOP-CLIENT-1.0.0
[2023-05-29 17:38:52.700][main/DEBUG]DEBUG MODE ON!!
[2023-05-29 17:38:52.703][main/INFO]未指定连接超时时间，使用默认值1000
[2023-05-29 17:38:52.703][main/INFO]未指定连接重试次数，使用默认值3
[2023-05-29 17:38:52.711][main/INFO]服务器已连接
[2023-05-29 17:38:52.712][main/INFO]Hello, UniWood!
[2023-05-29 17:38:53.369][main/INFO]窗口初始化完成
[2023-05-29 17:38:53.705][pool-1-thread-1/INFO]向服务器发送消息：HEARTBEAT
[2023-05-29 17:38:56.713][pool-1-thread-1/INFO]向服务器发送消息：HEARTBEAT
[2023-05-29 17:38:59.706][pool-1-thread-1/INFO]向服务器发送消息：HEARTBEAT
[2023-05-29 17:39:02.712][pool-1-thread-1/INFO]向服务器发送消息：HEARTBEAT
[2023-05-29 17:39:05.707][pool-1-thread-1/INFO]向服务器发送消息：HEARTBEAT
[2023-05-29 17:39:08.704][pool-1-thread-1/INFO]向服务器发送消息：HEARTBEAT
[2023-05-29 17:39:11.714][pool-1-thread-1/INFO]向服务器发送消息：HEARTBEAT
[2023-05-29 17:39:14.711][pool-1-thread-1/INFO]向服务器发送消息：HEARTBEAT
[2023-05-29 17:39:15.865][Thread-1/INFO]向服务器发送消息：UNIV_LIST
[2023-05-29 17:39:15.882][Thread-0/INFO]收到服务器消息：UNIV_LIST|河南大学|清华大学|北京大学|郑州大学
[2023-05-29 17:39:17.717][pool-1-thread-1/INFO]向服务器发送消息：HEARTBEAT
[2023-05-29 17:39:20.715][pool-1-thread-1/INFO]向服务器发送消息：HEARTBEAT
[2023-05-29 17:39:23.717][pool-1-thread-1/INFO]向服务器发送消息：HEARTBEAT
[2023-05-29 17:39:26.705][pool-1-thread-1/INFO]向服务器发送消息：HEARTBEAT
[2023-05-29 17:39:28.264][AWT-EventQueue-0/INFO]向服务器发送消息：REGISTER|test_user_1|123456|河南大学|DEFAULT
[2023-05-29 17:39:28.284][Thread-0/INFO]收到服务器消息：REGISTER_FAILED|注册失败，请检查用户名和密码后重试！
[2023-05-29 17:39:29.711][pool-1-thread-1/INFO]向服务器发送消息：HEARTBEAT
[2023-05-29 17:39:32.718][pool-1-thread-1/INFO]向服务器发送消息：HEARTBEAT
[2023-05-29 17:39:35.708][pool-1-thread-1/INFO]向服务器发送消息：HEARTBEAT
[2023-05-29 17:39:38.713][pool-1-thread-1/INFO]向服务器发送消息：HEARTBEAT
[2023-05-29 17:39:41.707][pool-1-thread-1/INFO]向服务器发送消息：HEARTBEAT
[2023-05-29 17:39:44.711][pool-1-thread-1/INFO]向服务器发送消息：HEARTBEAT
[2023-05-29 17:39:47.709][pool-1-thread-1/INFO]向服务器发送消息：HEARTBEAT
[2023-05-29 17:39:50.711][pool-1-thread-1/INFO]向服务器发送消息：HEARTBEAT
[2023-05-29 17:39:51.081][AWT-EventQueue-0/INFO]向服务器发送消息：REGISTER|test_user_1|123456|河南大学|DEFAULT
[2023-05-29 17:39:51.088][Thread-0/INFO]收到服务器消息：REGISTER_FAILED|注册失败，请检查用户名和密码后重试！
[2023-05-29 17:39:53.711][pool-1-thread-1/INFO]向服务器发送消息：HEARTBEAT
[2023-05-29 17:39:56.705][pool-1-thread-1/INFO]向服务器发送消息：HEARTBEAT
[2023-05-29 17:39:59.710][pool-1-thread-1/INFO]向服务器发送消息：HEARTBEAT
[2023-05-29 17:40:02.717][pool-1-thread-1/INFO]向服务器发送消息：HEARTBEAT
[2023-05-29 17:40:05.705][pool-1-thread-1/INFO]向服务器发送消息：HEARTBEAT
[2023-05-29 17:40:08.704][pool-1-thread-1/INFO]向服务器发送消息：HEARTBEAT
[2023-05-29 17:40:11.714][pool-1-thread-1/INFO]向服务器发送消息：HEARTBEAT
[2023-05-29 17:40:14.708][pool-1-thread-1/INFO]向服务器发送消息：HEARTBEAT
[2023-05-29 17:40:17.716][pool-1-thread-1/INFO]向服务器发送消息：HEARTBEAT
[2023-05-29 17:40:20.716][pool-1-thread-1/INFO]向服务器发送消息：HEARTBEAT
[2023-05-29 17:40:23.705][pool-1-thread-1/INFO]向服务器发送消息：HEARTBEAT
[2023-05-29 17:40:26.717][pool-1-thread-1/INFO]向服务器发送消息：HEARTBEAT
[2023-05-29 17:40:29.713][pool-1-thread-1/INFO]向服务器发送消息：HEARTBEAT
[2023-05-29 17:40:32.708][pool-1-thread-1/INFO]向服务器发送消息：HEARTBEAT
[2023-05-29 17:40:35.706][pool-1-thread-1/INFO]向服务器发送消息：HEARTBEAT
[2023-05-29 17:40:38.707][pool-1-thread-1/INFO]向服务器发送消息：HEARTBEAT
[2023-05-29 17:40:41.714][pool-1-thread-1/INFO]向服务器发送消息：HEARTBEAT
[2023-05-29 17:40:44.705][pool-1-thread-1/INFO]向服务器发送消息：HEARTBEAT
[2023-05-29 17:40:47.714][pool-1-thread-1/INFO]向服务器发送消息：HEARTBEAT
[2023-05-29 17:40:50.712][pool-1-thread-1/INFO]向服务器发送消息：HEARTBEAT
[2023-05-29 17:40:53.706][pool-1-thread-1/INFO]向服务器发送消息：HEARTBEAT
[2023-05-29 17:40:56.717][pool-1-thread-1/INFO]向服务器发送消息：HEARTBEAT
[2023-05-29 17:40:59.710][pool-1-thread-1/INFO]向服务器发送消息：HEARTBEAT
[2023-05-29 17:41:02.706][pool-1-thread-1/INFO]向服务器发送消息：HEARTBEAT
[2023-05-29 17:41:05.705][pool-1-thread-1/INFO]向服务器发送消息：HEARTBEAT
[2023-05-29 17:41:08.712][pool-1-thread-1/INFO]向服务器发送消息：HEARTBEAT
[2023-05-29 17:41:11.715][pool-1-thread-1/INFO]向服务器发送消息：HEARTBEAT
[2023-05-29 17:41:14.713][pool-1-thread-1/INFO]向服务器发送消息：HEARTBEAT
[2023-05-29 17:41:17.710][pool-1-thread-1/INFO]向服务器发送消息：HEARTBEAT
[2023-05-29 17:41:20.712][pool-1-thread-1/INFO]向服务器发送消息：HEARTBEAT
[2023-05-29 17:41:23.710][pool-1-thread-1/INFO]向服务器发送消息：HEARTBEAT
[2023-05-29 17:41:26.704][pool-1-thread-1/INFO]向服务器发送消息：HEARTBEAT
[2023-05-29 17:41:29.711][pool-1-thread-1/INFO]向服务器发送消息：HEARTBEAT
[2023-05-29 17:41:32.715][pool-1-thread-1/INFO]向服务器发送消息：HEARTBEAT
[2023-05-29 17:41:35.704][pool-1-thread-1/INFO]向服务器发送消息：HEARTBEAT
[2023-05-29 17:41:38.708][pool-1-thread-1/INFO]向服务器发送消息：HEARTBEAT
[2023-05-29 17:41:41.713][pool-1-thread-1/INFO]向服务器发送消息：HEARTBEAT
[2023-05-29 17:41:44.704][pool-1-thread-1/INFO]向服务器发送消息：HEARTBEAT
