[2023-05-27 05:57:32.278][main/INFO]UniWood-DESKTOP-CLIENT-1.0.0
[2023-05-27 05:57:32.278][main/DEBUG]DEBUG MODE ON!!
[2023-05-27 05:57:32.282][main/INFO]未指定连接超时时间，使用默认值1000
[2023-05-27 05:57:32.282][main/INFO]未指定连接重试次数，使用默认值3
[2023-05-27 05:57:32.286][main/INFO]服务器已连接
[2023-05-27 05:57:32.290][main/INFO]Hello, UniWood!
[2023-05-27 05:57:32.750][main/INFO]窗口初始化完成
[2023-05-27 05:57:33.293][pool-1-thread-1/INFO]向服务器发送消息：HEARTBEAT
[2023-05-27 05:57:36.287][pool-1-thread-1/INFO]向服务器发送消息：HEARTBEAT
[2023-05-27 05:57:39.290][pool-1-thread-1/INFO]向服务器发送消息：HEARTBEAT
[2023-05-27 05:57:42.294][pool-1-thread-1/INFO]向服务器发送消息：HEARTBEAT
[2023-05-27 05:57:45.296][pool-1-thread-1/INFO]向服务器发送消息：HEARTBEAT
[2023-05-27 05:57:48.294][pool-1-thread-1/INFO]向服务器发送消息：HEARTBEAT
[2023-05-27 05:57:51.283][pool-1-thread-1/INFO]向服务器发送消息：HEARTBEAT
[2023-05-27 05:57:54.296][pool-1-thread-1/INFO]向服务器发送消息：HEARTBEAT
[2023-05-27 05:57:57.296][pool-1-thread-1/INFO]向服务器发送消息：HEARTBEAT
[2023-05-27 05:58:00.291][pool-1-thread-1/INFO]向服务器发送消息：HEARTBEAT
[2023-05-27 05:58:03.288][pool-1-thread-1/INFO]向服务器发送消息：HEARTBEAT
[2023-05-27 05:58:06.294][pool-1-thread-1/INFO]向服务器发送消息：HEARTBEAT
[2023-05-27 05:58:09.293][pool-1-thread-1/INFO]向服务器发送消息：HEARTBEAT
[2023-05-27 05:58:12.289][pool-1-thread-1/INFO]向服务器发送消息：HEARTBEAT
[2023-05-27 05:58:15.293][pool-1-thread-1/INFO]向服务器发送消息：HEARTBEAT
[2023-05-27 05:58:18.291][pool-1-thread-1/INFO]向服务器发送消息：HEARTBEAT
[2023-05-27 05:58:21.283][pool-1-thread-1/INFO]向服务器发送消息：HEARTBEAT
[2023-05-27 05:58:21.548][Thread-1/INFO]向服务器发送消息：UNIV_LIST
[2023-05-27 05:58:21.564][Thread-0/INFO]收到服务器消息：UNIV_LIST|河南大学|清华大学|北京大学|郑州大学
[2023-05-27 05:58:24.285][pool-1-thread-1/INFO]向服务器发送消息：HEARTBEAT
[2023-05-27 05:58:27.293][pool-1-thread-1/INFO]向服务器发送消息：HEARTBEAT
[2023-05-27 05:58:30.283][pool-1-thread-1/INFO]向服务器发送消息：HEARTBEAT
[2023-05-27 05:58:31.027][AWT-EventQueue-0/INFO]向服务器发送消息：REGISTER|test123|123456|河南大学|DEFAULT
[2023-05-27 05:58:31.060][Thread-0/INFO]收到服务器消息：REGISTER_SUCCESS|1002|test123|河南大学|DEFAULT
[2023-05-27 05:58:33.293][pool-1-thread-1/INFO]向服务器发送消息：HEARTBEAT
[2023-05-27 05:58:36.296][pool-1-thread-1/INFO]向服务器发送消息：HEARTBEAT
[2023-05-27 05:58:39.294][pool-1-thread-1/INFO]向服务器发送消息：HEARTBEAT
[2023-05-27 05:58:42.296][pool-1-thread-1/INFO]向服务器发送消息：HEARTBEAT
[2023-05-27 05:58:45.282][pool-1-thread-1/INFO]向服务器发送消息：HEARTBEAT
[2023-05-27 05:58:48.288][pool-1-thread-1/INFO]向服务器发送消息：HEARTBEAT
[2023-05-27 05:58:51.290][pool-1-thread-1/INFO]向服务器发送消息：HEARTBEAT
[2023-05-27 05:58:54.294][pool-1-thread-1/INFO]向服务器发送消息：HEARTBEAT
[2023-05-27 05:58:57.294][pool-1-thread-1/INFO]向服务器发送消息：HEARTBEAT
[2023-05-27 05:59:00.282][pool-1-thread-1/INFO]向服务器发送消息：HEARTBEAT
[2023-05-27 05:59:03.283][pool-1-thread-1/INFO]向服务器发送消息：HEARTBEAT
[2023-05-27 05:59:06.294][pool-1-thread-1/INFO]向服务器发送消息：HEARTBEAT
[2023-05-27 05:59:09.284][pool-1-thread-1/INFO]向服务器发送消息：HEARTBEAT
[2023-05-27 05:59:12.283][pool-1-thread-1/INFO]向服务器发送消息：HEARTBEAT
[2023-05-27 05:59:15.293][pool-1-thread-1/INFO]向服务器发送消息：HEARTBEAT
[2023-05-27 05:59:18.294][pool-1-thread-1/INFO]向服务器发送消息：HEARTBEAT
[2023-05-27 05:59:21.296][pool-1-thread-1/INFO]向服务器发送消息：HEARTBEAT
