[2023-06-04 17:32:48.394][main/INFO]UniWood-DESKTOP-CLIENT-1.0.0
[2023-06-04 17:32:48.394][main/DEBUG]DEBUG MODE ON!!
[2023-06-04 17:32:48.397][main/INFO]未指定连接超时时间，使用默认值1000
[2023-06-04 17:32:48.397][main/INFO]未指定连接重试次数，使用默认值3
[2023-06-04 17:32:48.403][main/INFO]服务器已连接
[2023-06-04 17:32:48.405][main/INFO]未指定请求消息周期等待时间，使用默认值20
[2023-06-04 17:32:48.405][main/INFO]未指定请求消息最大等待周期，使用默认值150
[2023-06-04 17:32:48.406][main/INFO]Hello, UniWood!
[2023-06-04 17:32:48.910][main/INFO]窗口初始化完成
[2023-06-04 17:32:49.407][pool-1-thread-1/INFO]向服务器发送消息：HEARTBEAT
[2023-06-04 17:32:49.423][pool-2-thread-1/INFO]平均等待周期：1.000000
[2023-06-04 17:32:50.416][pool-2-thread-1/INFO]平均等待周期：1.000000
[2023-06-04 17:32:51.142][Thread-1/INFO]向服务器发送消息：UNIV_LIST
[2023-06-04 17:32:51.145][Thread-0/INFO]收到服务器消息：UNIV_LIST|河南大学|清华大学|北京大学|郑州大学
[2023-06-04 17:32:51.410][pool-2-thread-1/INFO]平均等待周期：0.600000
[2023-06-04 17:32:52.401][pool-1-thread-1/INFO]向服务器发送消息：HEARTBEAT
[2023-06-04 17:32:52.416][pool-2-thread-1/INFO]平均等待周期：0.600000
[2023-06-04 17:32:53.410][pool-2-thread-1/INFO]平均等待周期：0.600000
[2023-06-04 17:32:54.416][pool-2-thread-1/INFO]平均等待周期：0.600000
[2023-06-04 17:32:55.406][pool-2-thread-1/INFO]平均等待周期：0.600000
[2023-06-04 17:32:55.406][pool-1-thread-1/INFO]向服务器发送消息：HEARTBEAT
[2023-06-04 17:32:56.408][pool-2-thread-1/INFO]平均等待周期：0.600000
[2023-06-04 17:32:57.415][pool-2-thread-1/INFO]平均等待周期：0.600000
[2023-06-04 17:32:58.411][pool-1-thread-1/INFO]向服务器发送消息：HEARTBEAT
[2023-06-04 17:32:58.411][pool-2-thread-1/INFO]平均等待周期：0.600000
