[2023-05-27 06:20:50.619][main/INFO]UniWood-DESKTOP-CLIENT-1.0.0
[2023-05-27 06:20:50.619][main/DEBUG]DEBUG MODE ON!!
[2023-05-27 06:20:50.622][main/INFO]未指定连接超时时间，使用默认值1000
[2023-05-27 06:20:50.623][main/INFO]未指定连接重试次数，使用默认值3
[2023-05-27 06:20:50.629][main/INFO]服务器已连接
[2023-05-27 06:20:50.631][main/INFO]Hello, UniWood!
[2023-05-27 06:20:51.100][main/INFO]窗口初始化完成
[2023-05-27 06:20:51.626][pool-1-thread-1/INFO]向服务器发送消息：HEARTBEAT
[2023-05-27 06:20:54.631][pool-1-thread-1/INFO]向服务器发送消息：HEARTBEAT
[2023-05-27 06:20:57.624][pool-1-thread-1/INFO]向服务器发送消息：HEARTBEAT
[2023-05-27 06:20:59.563][Thread-1/INFO]向服务器发送消息：UNIV_LIST
[2023-05-27 06:20:59.581][Thread-0/INFO]收到服务器消息：UNIV_LIST|河南大学|清华大学|北京大学|郑州大学
[2023-05-27 06:21:00.628][pool-1-thread-1/INFO]向服务器发送消息：HEARTBEAT
[2023-05-27 06:21:03.627][pool-1-thread-1/INFO]向服务器发送消息：HEARTBEAT
[2023-05-27 06:21:06.624][pool-1-thread-1/INFO]向服务器发送消息：HEARTBEAT
[2023-05-27 06:21:09.631][pool-1-thread-1/INFO]向服务器发送消息：HEARTBEAT
[2023-05-27 06:21:12.137][AWT-EventQueue-0/INFO]向服务器发送消息：REGISTER|54345|123456|北京大学|DEFAULT
[2023-05-27 06:21:12.625][pool-1-thread-1/INFO]向服务器发送消息：HEARTBEAT
[2023-05-27 06:21:15.624][pool-1-thread-1/INFO]向服务器发送消息：HEARTBEAT
[2023-05-27 06:21:18.637][pool-1-thread-1/INFO]向服务器发送消息：HEARTBEAT
[2023-05-27 06:21:21.631][pool-1-thread-1/INFO]向服务器发送消息：HEARTBEAT
[2023-05-27 06:21:24.632][pool-1-thread-1/INFO]向服务器发送消息：HEARTBEAT
[2023-05-27 06:21:27.623][pool-1-thread-1/INFO]向服务器发送消息：HEARTBEAT
[2023-05-27 06:21:30.626][pool-1-thread-1/INFO]向服务器发送消息：HEARTBEAT
[2023-05-27 06:21:33.628][pool-1-thread-1/INFO]向服务器发送消息：HEARTBEAT
[2023-05-27 06:21:36.628][pool-1-thread-1/INFO]向服务器发送消息：HEARTBEAT
[2023-05-27 06:21:39.633][pool-1-thread-1/INFO]向服务器发送消息：HEARTBEAT
[2023-05-27 06:21:42.634][pool-1-thread-1/INFO]向服务器发送消息：HEARTBEAT
[2023-05-27 06:21:45.635][pool-1-thread-1/INFO]向服务器发送消息：HEARTBEAT
[2023-05-27 06:21:48.628][pool-1-thread-1/INFO]向服务器发送消息：HEARTBEAT
[2023-05-27 06:21:51.635][pool-1-thread-1/INFO]向服务器发送消息：HEARTBEAT
[2023-05-27 06:21:54.629][pool-1-thread-1/INFO]向服务器发送消息：HEARTBEAT
[2023-05-27 06:21:57.637][pool-1-thread-1/INFO]向服务器发送消息：HEARTBEAT
[2023-05-27 06:22:00.636][pool-1-thread-1/INFO]向服务器发送消息：HEARTBEAT
[2023-05-27 06:22:03.634][pool-1-thread-1/INFO]向服务器发送消息：HEARTBEAT
[2023-05-27 06:22:06.627][pool-1-thread-1/INFO]向服务器发送消息：HEARTBEAT
[2023-05-27 06:22:09.637][pool-1-thread-1/INFO]向服务器发送消息：HEARTBEAT
[2023-05-27 06:22:12.624][pool-1-thread-1/INFO]向服务器发送消息：HEARTBEAT
[2023-05-27 06:22:15.634][pool-1-thread-1/INFO]向服务器发送消息：HEARTBEAT
[2023-05-27 06:22:18.626][pool-1-thread-1/INFO]向服务器发送消息：HEARTBEAT
[2023-05-27 06:22:21.631][pool-1-thread-1/INFO]向服务器发送消息：HEARTBEAT
[2023-05-27 06:22:24.625][pool-1-thread-1/INFO]向服务器发送消息：HEARTBEAT
[2023-05-27 06:22:27.631][pool-1-thread-1/INFO]向服务器发送消息：HEARTBEAT
[2023-05-27 06:22:30.624][pool-1-thread-1/INFO]向服务器发送消息：HEARTBEAT
[2023-05-27 06:22:33.623][pool-1-thread-1/INFO]向服务器发送消息：HEARTBEAT
[2023-05-27 06:22:36.624][pool-1-thread-1/INFO]向服务器发送消息：HEARTBEAT
[2023-05-27 06:22:39.632][pool-1-thread-1/INFO]向服务器发送消息：HEARTBEAT
[2023-05-27 06:22:42.635][pool-1-thread-1/INFO]向服务器发送消息：HEARTBEAT
[2023-05-27 06:22:45.636][pool-1-thread-1/INFO]向服务器发送消息：HEARTBEAT
[2023-05-27 06:22:48.628][pool-1-thread-1/INFO]向服务器发送消息：HEARTBEAT
[2023-05-27 06:22:51.629][pool-1-thread-1/INFO]向服务器发送消息：HEARTBEAT
[2023-05-27 06:22:54.635][pool-1-thread-1/INFO]向服务器发送消息：HEARTBEAT
[2023-05-27 06:22:57.630][pool-1-thread-1/INFO]向服务器发送消息：HEARTBEAT
[2023-05-27 06:23:00.627][pool-1-thread-1/INFO]向服务器发送消息：HEARTBEAT
[2023-05-27 06:23:03.630][pool-1-thread-1/INFO]向服务器发送消息：HEARTBEAT
[2023-05-27 06:23:06.635][pool-1-thread-1/INFO]向服务器发送消息：HEARTBEAT
[2023-05-27 06:23:09.623][pool-1-thread-1/WARN]服务器连接已断开，正在重连...
[2023-05-27 06:23:10.637][pool-1-thread-1/WARN]第1次连接服务器超时，重试中...
[2023-05-27 06:23:11.651][pool-1-thread-1/WARN]第2次连接服务器超时，重试中...
[2023-05-27 06:23:12.655][pool-1-thread-1/WARN]第3次连接服务器超时，重试中...
[2023-05-27 06:23:13.659][pool-1-thread-1/WARN]服务器连接异常！
[2023-05-27 06:23:13.659][pool-1-thread-1/INFO]向服务器发送消息：HEARTBEAT
[2023-05-27 06:23:15.629][pool-1-thread-1/INFO]向服务器发送消息：HEARTBEAT
[2023-05-27 06:23:18.635][pool-1-thread-1/INFO]向服务器发送消息：HEARTBEAT
