[2023-06-04 16:33:29.093][main/INFO]UniWood-DESKTOP-CLIENT-1.0.0
[2023-06-04 16:33:29.094][main/DEBUG]DEBUG MODE ON!!
[2023-06-04 16:33:29.100][main/INFO]未指定连接超时时间，使用默认值1000
[2023-06-04 16:33:29.101][main/INFO]未指定连接重试次数，使用默认值3
[2023-06-04 16:33:29.112][main/INFO]服务器已连接
[2023-06-04 16:33:29.114][main/INFO]未指定请求消息周期等待时间，使用默认值20
[2023-06-04 16:33:29.115][main/INFO]未指定请求消息最大等待周期，使用默认值150
[2023-06-04 16:33:29.115][main/INFO]Hello, UniWood!
[2023-06-04 16:33:29.671][main/INFO]窗口初始化完成
[2023-06-04 16:33:54.560][pool-1-thread-1/INFO]向服务器发送消息：HEARTBEAT
[2023-06-04 16:33:54.561][pool-2-thread-1/INFO]平均等待周期：1.000000
[2023-06-04 16:33:58.681][pool-1-thread-1/WARN]服务器连接已断开，正在重连...
[2023-06-04 16:33:58.681][pool-2-thread-1/INFO]平均等待周期：1.000000
[2023-06-04 16:33:58.682][pool-2-thread-1/INFO]平均等待周期：1.000000
[2023-06-04 16:33:58.683][pool-1-thread-1/INFO]服务器已连接
[2023-06-04 16:33:58.683][pool-2-thread-1/INFO]平均等待周期：1.000000
[2023-06-04 16:33:58.683][pool-1-thread-1/INFO]向服务器发送消息：HEARTBEAT
[2023-06-04 16:33:58.684][pool-2-thread-1/INFO]平均等待周期：1.000000
[2023-06-04 16:33:58.684][pool-1-thread-1/INFO]向服务器发送消息：HEARTBEAT
[2023-06-04 16:33:58.684][pool-2-thread-1/INFO]平均等待周期：1.000000
[2023-06-04 16:33:58.684][pool-1-thread-1/INFO]向服务器发送消息：HEARTBEAT
[2023-06-04 16:33:58.685][pool-2-thread-1/INFO]平均等待周期：1.000000
[2023-06-04 16:33:58.685][pool-1-thread-1/INFO]向服务器发送消息：HEARTBEAT
[2023-06-04 16:33:58.685][pool-2-thread-1/INFO]平均等待周期：1.000000
[2023-06-04 16:33:58.685][pool-1-thread-1/INFO]向服务器发送消息：HEARTBEAT
[2023-06-04 16:33:58.685][pool-2-thread-1/INFO]平均等待周期：1.000000
[2023-06-04 16:33:58.686][pool-1-thread-1/INFO]向服务器发送消息：HEARTBEAT
[2023-06-04 16:33:58.686][pool-2-thread-1/INFO]平均等待周期：1.000000
[2023-06-04 16:33:58.686][pool-1-thread-1/INFO]向服务器发送消息：HEARTBEAT
[2023-06-04 16:33:58.686][pool-2-thread-1/INFO]平均等待周期：1.000000
[2023-06-04 16:33:58.687][pool-1-thread-1/INFO]向服务器发送消息：HEARTBEAT
[2023-06-04 16:33:58.687][pool-2-thread-1/INFO]平均等待周期：1.000000
[2023-06-04 16:33:58.687][pool-1-thread-1/INFO]向服务器发送消息：HEARTBEAT
[2023-06-04 16:33:58.687][pool-2-thread-1/INFO]平均等待周期：1.000000
[2023-06-04 16:33:58.692][pool-2-thread-1/INFO]平均等待周期：1.000000
[2023-06-04 16:33:58.694][pool-2-thread-1/INFO]平均等待周期：1.000000
[2023-06-04 16:33:58.695][pool-2-thread-1/INFO]平均等待周期：1.000000
[2023-06-04 16:33:58.695][pool-2-thread-1/INFO]平均等待周期：1.000000
[2023-06-04 16:33:58.695][pool-2-thread-1/INFO]平均等待周期：1.000000
[2023-06-04 16:33:58.696][pool-2-thread-1/INFO]平均等待周期：1.000000
[2023-06-04 16:33:58.696][pool-2-thread-1/INFO]平均等待周期：1.000000
[2023-06-04 16:33:58.696][pool-2-thread-1/INFO]平均等待周期：1.000000
[2023-06-04 16:33:58.696][pool-2-thread-1/INFO]平均等待周期：1.000000
[2023-06-04 16:33:58.697][pool-2-thread-1/INFO]平均等待周期：1.000000
[2023-06-04 16:33:58.697][pool-2-thread-1/INFO]平均等待周期：1.000000
[2023-06-04 16:33:58.697][pool-2-thread-1/INFO]平均等待周期：1.000000
[2023-06-04 16:33:58.698][pool-2-thread-1/INFO]平均等待周期：1.000000
[2023-06-04 16:33:58.698][pool-2-thread-1/INFO]平均等待周期：1.000000
[2023-06-04 16:33:58.698][pool-2-thread-1/INFO]平均等待周期：1.000000
[2023-06-04 16:33:58.699][pool-2-thread-1/INFO]平均等待周期：1.000000
